12,853,867 total parameters.
12,853,867 training parameters.


Let's use 2 GPUs!


===> Start Epoch 1 End Epoch 251
===> Loading datasets
------------------------------------------------------------------
Epoch: 1	Time: 1330.9280	Loss: 296.4784	LearningRate 0.00013333
------------------------------------------------------------------
------------------------------------------------------------------
Epoch: 2	Time: 1317.8812	Loss: 234.7871	LearningRate 0.00020000
------------------------------------------------------------------
------------------------------------------------------------------
Epoch: 3	Time: 1313.0913	Loss: 216.4012	LearningRate 0.00020000
------------------------------------------------------------------
------------------------------------------------------------------
Epoch: 4	Time: 1315.8529	Loss: 202.4690	LearningRate 0.00019998
------------------------------------------------------------------
[epoch 5 PSNR: 26.9865 --- best_epoch 5 Best_PSNR 26.9865]
------------------------------------------------------------------
Epoch: 5	Time: 1323.4915	Loss: 194.8701	LearningRate 0.00019994
------------------------------------------------------------------
------------------------------------------------------------------
Epoch: 6	Time: 1319.3005	Loss: 185.6420	LearningRate 0.00019989
------------------------------------------------------------------
------------------------------------------------------------------
Epoch: 7	Time: 1316.4649	Loss: 183.4467	LearningRate 0.00019981
------------------------------------------------------------------
------------------------------------------------------------------
Epoch: 8	Time: 1318.5594	Loss: 178.7779	LearningRate 0.00019973
------------------------------------------------------------------
------------------------------------------------------------------
Epoch: 9	Time: 1312.9685	Loss: 179.2545	LearningRate 0.00019962
------------------------------------------------------------------
[epoch 10 PSNR: 28.9697 --- best_epoch 10 Best_PSNR 28.9697]
------------------------------------------------------------------
Epoch: 10	Time: 1326.5201	Loss: 172.4908	LearningRate 0.00019950
------------------------------------------------------------------
------------------------------------------------------------------
Epoch: 11	Time: 1319.0146	Loss: 169.8874	LearningRate 0.00019936
------------------------------------------------------------------
------------------------------------------------------------------
Epoch: 12	Time: 1326.7780	Loss: 168.3560	LearningRate 0.00019921
------------------------------------------------------------------
------------------------------------------------------------------
Epoch: 13	Time: 1321.1210	Loss: 166.3972	LearningRate 0.00019904
------------------------------------------------------------------
------------------------------------------------------------------
Epoch: 14	Time: 1322.9667	Loss: 164.3514	LearningRate 0.00019886
------------------------------------------------------------------
[epoch 15 PSNR: 29.9549 --- best_epoch 15 Best_PSNR 29.9549]
------------------------------------------------------------------
Epoch: 15	Time: 1328.4836	Loss: 164.6335	LearningRate 0.00019866
------------------------------------------------------------------
------------------------------------------------------------------
Epoch: 16	Time: 1784.9699	Loss: 162.4094	LearningRate 0.00019844
------------------------------------------------------------------
------------------------------------------------------------------
Epoch: 17	Time: 1781.9890	Loss: 159.9777	LearningRate 0.00019821
------------------------------------------------------------------
------------------------------------------------------------------
Epoch: 18	Time: 1795.2643	Loss: 158.1750	LearningRate 0.00019796
------------------------------------------------------------------
------------------------------------------------------------------
Epoch: 19	Time: 1798.2748	Loss: 161.8203	LearningRate 0.00019770
------------------------------------------------------------------
[epoch 20 PSNR: 29.8119 --- best_epoch 15 Best_PSNR 29.9829]
------------------------------------------------------------------
Epoch: 20	Time: 1799.0971	Loss: 157.6144	LearningRate 0.00019742
------------------------------------------------------------------
------------------------------------------------------------------
Epoch: 21	Time: 1779.7946	Loss: 156.1139	LearningRate 0.00019712
------------------------------------------------------------------
------------------------------------------------------------------
Epoch: 22	Time: 1796.3448	Loss: 153.9578	LearningRate 0.00019681
------------------------------------------------------------------
------------------------------------------------------------------
Epoch: 23	Time: 1798.9590	Loss: 154.1601	LearningRate 0.00019649
------------------------------------------------------------------
------------------------------------------------------------------
Epoch: 24	Time: 1789.8334	Loss: 152.6339	LearningRate 0.00019615
------------------------------------------------------------------
[epoch 25 PSNR: 30.5730 --- best_epoch 25 Best_PSNR 30.5730]
------------------------------------------------------------------
Epoch: 25	Time: 1794.7918	Loss: 152.6864	LearningRate 0.00019579
------------------------------------------------------------------
------------------------------------------------------------------
Epoch: 26	Time: 1789.4563	Loss: 152.8706	LearningRate 0.00019542
------------------------------------------------------------------
------------------------------------------------------------------
Epoch: 27	Time: 1798.8191	Loss: 151.2939	LearningRate 0.00019503
------------------------------------------------------------------
------------------------------------------------------------------
Epoch: 28	Time: 1803.7309	Loss: 151.0120	LearningRate 0.00019462
------------------------------------------------------------------
------------------------------------------------------------------
Epoch: 29	Time: 1804.4578	Loss: 150.3949	LearningRate 0.00019421
------------------------------------------------------------------
[epoch 30 PSNR: 30.4706 --- best_epoch 25 Best_PSNR 30.5730]
------------------------------------------------------------------
Epoch: 30	Time: 1809.9825	Loss: 149.4176	LearningRate 0.00019377
------------------------------------------------------------------
------------------------------------------------------------------
Epoch: 31	Time: 1806.7361	Loss: 148.4146	LearningRate 0.00019332
------------------------------------------------------------------
------------------------------------------------------------------
Epoch: 32	Time: 1805.0983	Loss: 147.5177	LearningRate 0.00019286
------------------------------------------------------------------
------------------------------------------------------------------
Epoch: 33	Time: 1806.8284	Loss: 149.0764	LearningRate 0.00019238
------------------------------------------------------------------
------------------------------------------------------------------
Epoch: 34	Time: 1812.8943	Loss: 146.4738	LearningRate 0.00019189
------------------------------------------------------------------
[epoch 35 PSNR: 30.4941 --- best_epoch 25 Best_PSNR 30.5730]
------------------------------------------------------------------
Epoch: 35	Time: 1823.9732	Loss: 146.1098	LearningRate 0.00019138
------------------------------------------------------------------
------------------------------------------------------------------
Epoch: 36	Time: 1811.6157	Loss: 145.0975	LearningRate 0.00019086
------------------------------------------------------------------
------------------------------------------------------------------
Epoch: 37	Time: 1789.8075	Loss: 146.7839	LearningRate 0.00019032
------------------------------------------------------------------
------------------------------------------------------------------
Epoch: 38	Time: 1820.6870	Loss: 144.0898	LearningRate 0.00018977
------------------------------------------------------------------
------------------------------------------------------------------
Epoch: 39	Time: 1808.9605	Loss: 145.4708	LearningRate 0.00018920
------------------------------------------------------------------
[epoch 40 PSNR: 31.5394 --- best_epoch 40 Best_PSNR 31.5394]
------------------------------------------------------------------
Epoch: 40	Time: 1811.6644	Loss: 145.7333	LearningRate 0.00018862
------------------------------------------------------------------
------------------------------------------------------------------
Epoch: 41	Time: 1821.4160	Loss: 143.6602	LearningRate 0.00018802
------------------------------------------------------------------
------------------------------------------------------------------
Epoch: 42	Time: 1823.7476	Loss: 144.5632	LearningRate 0.00018741
------------------------------------------------------------------
------------------------------------------------------------------
Epoch: 43	Time: 1809.8560	Loss: 144.0822	LearningRate 0.00018679
------------------------------------------------------------------
------------------------------------------------------------------
Epoch: 44	Time: 1818.8277	Loss: 143.5431	LearningRate 0.00018615
------------------------------------------------------------------
[epoch 45 PSNR: 31.4968 --- best_epoch 40 Best_PSNR 31.5394]
------------------------------------------------------------------
Epoch: 45	Time: 1825.3890	Loss: 144.9791	LearningRate 0.00018550
------------------------------------------------------------------
------------------------------------------------------------------
Epoch: 46	Time: 1814.2807	Loss: 141.5109	LearningRate 0.00018484
------------------------------------------------------------------
------------------------------------------------------------------
Epoch: 47	Time: 1798.1145	Loss: 142.6241	LearningRate 0.00018416
------------------------------------------------------------------
------------------------------------------------------------------
Epoch: 48	Time: 1792.6768	Loss: 140.7325	LearningRate 0.00018347
------------------------------------------------------------------
------------------------------------------------------------------
Epoch: 49	Time: 1799.2840	Loss: 141.7957	LearningRate 0.00018276
------------------------------------------------------------------
[epoch 50 PSNR: 32.0381 --- best_epoch 50 Best_PSNR 32.0381]
------------------------------------------------------------------
Epoch: 50	Time: 1808.8008	Loss: 140.4204	LearningRate 0.00018204
------------------------------------------------------------------
------------------------------------------------------------------
Epoch: 51	Time: 1779.0251	Loss: 142.5927	LearningRate 0.00018131
------------------------------------------------------------------
------------------------------------------------------------------
Epoch: 52	Time: 1785.6840	Loss: 139.6237	LearningRate 0.00018056
------------------------------------------------------------------
------------------------------------------------------------------
Epoch: 53	Time: 1782.9931	Loss: 142.7018	LearningRate 0.00017981
------------------------------------------------------------------
------------------------------------------------------------------
Epoch: 54	Time: 1787.0599	Loss: 141.2485	LearningRate 0.00017904
------------------------------------------------------------------
[epoch 55 PSNR: 32.4892 --- best_epoch 55 Best_PSNR 32.4892]
------------------------------------------------------------------
Epoch: 55	Time: 1794.6263	Loss: 138.8588	LearningRate 0.00017825
------------------------------------------------------------------
------------------------------------------------------------------
Epoch: 56	Time: 1785.1665	Loss: 141.0180	LearningRate 0.00017746
------------------------------------------------------------------
------------------------------------------------------------------
Epoch: 57	Time: 1782.4565	Loss: 137.9577	LearningRate 0.00017665
------------------------------------------------------------------
------------------------------------------------------------------
Epoch: 58	Time: 1773.3261	Loss: 138.7984	LearningRate 0.00017583
------------------------------------------------------------------
------------------------------------------------------------------
Epoch: 59	Time: 1779.8189	Loss: 141.1073	LearningRate 0.00017499
------------------------------------------------------------------
[epoch 60 PSNR: 32.4107 --- best_epoch 55 Best_PSNR 32.4892]
------------------------------------------------------------------
Epoch: 60	Time: 1794.1519	Loss: 137.3420	LearningRate 0.00017415
------------------------------------------------------------------
------------------------------------------------------------------
Epoch: 61	Time: 1782.4387	Loss: 137.5542	LearningRate 0.00017329
------------------------------------------------------------------
------------------------------------------------------------------
Epoch: 62	Time: 1787.2568	Loss: 140.1115	LearningRate 0.00017242
------------------------------------------------------------------
------------------------------------------------------------------
Epoch: 63	Time: 1789.5828	Loss: 138.9199	LearningRate 0.00017154
------------------------------------------------------------------
------------------------------------------------------------------
Epoch: 64	Time: 1782.2429	Loss: 136.7341	LearningRate 0.00017065
------------------------------------------------------------------
[epoch 65 PSNR: 32.0184 --- best_epoch 55 Best_PSNR 32.4892]
------------------------------------------------------------------
Epoch: 65	Time: 1793.1123	Loss: 139.7790	LearningRate 0.00016975
------------------------------------------------------------------
------------------------------------------------------------------
Epoch: 66	Time: 1781.6638	Loss: 137.4865	LearningRate 0.00016883
------------------------------------------------------------------
------------------------------------------------------------------
Epoch: 67	Time: 1780.5037	Loss: 136.5560	LearningRate 0.00016791
------------------------------------------------------------------
------------------------------------------------------------------
Epoch: 68	Time: 1780.7653	Loss: 136.0294	LearningRate 0.00016697
------------------------------------------------------------------
------------------------------------------------------------------
Epoch: 69	Time: 1764.5635	Loss: 135.8292	LearningRate 0.00016602
------------------------------------------------------------------
[epoch 70 PSNR: 32.7269 --- best_epoch 70 Best_PSNR 32.7269]
------------------------------------------------------------------
Epoch: 70	Time: 1772.0905	Loss: 136.3934	LearningRate 0.00016506
------------------------------------------------------------------
------------------------------------------------------------------
Epoch: 71	Time: 1773.3401	Loss: 138.9376	LearningRate 0.00016410
------------------------------------------------------------------
------------------------------------------------------------------
Epoch: 72	Time: 1772.6832	Loss: 135.2196	LearningRate 0.00016312
------------------------------------------------------------------
------------------------------------------------------------------
Epoch: 73	Time: 1797.8316	Loss: 136.2878	LearningRate 0.00016213
------------------------------------------------------------------
------------------------------------------------------------------
Epoch: 74	Time: 1797.0067	Loss: 134.7486	LearningRate 0.00016113
------------------------------------------------------------------
[epoch 75 PSNR: 33.6473 --- best_epoch 75 Best_PSNR 33.6473]
------------------------------------------------------------------
Epoch: 75	Time: 1833.9926	Loss: 134.7284	LearningRate 0.00016012
------------------------------------------------------------------
------------------------------------------------------------------
Epoch: 76	Time: 1840.6950	Loss: 136.7780	LearningRate 0.00015910
------------------------------------------------------------------
------------------------------------------------------------------
Epoch: 77	Time: 1853.1225	Loss: 133.7251	LearningRate 0.00015808
------------------------------------------------------------------
------------------------------------------------------------------
Epoch: 78	Time: 1837.5439	Loss: 134.0960	LearningRate 0.00015704
------------------------------------------------------------------
------------------------------------------------------------------
Epoch: 79	Time: 1775.0411	Loss: 136.2885	LearningRate 0.00015599
------------------------------------------------------------------
[epoch 80 PSNR: 32.8127 --- best_epoch 75 Best_PSNR 33.6473]
------------------------------------------------------------------
Epoch: 80	Time: 1779.9552	Loss: 134.2245	LearningRate 0.00015494
------------------------------------------------------------------
------------------------------------------------------------------
Epoch: 81	Time: 1790.6709	Loss: 137.0334	LearningRate 0.00015387
------------------------------------------------------------------
------------------------------------------------------------------
Epoch: 82	Time: 1787.5167	Loss: 134.4476	LearningRate 0.00015280
------------------------------------------------------------------
------------------------------------------------------------------
Epoch: 83	Time: 1793.5831	Loss: 132.8455	LearningRate 0.00015172
------------------------------------------------------------------
------------------------------------------------------------------
Epoch: 84	Time: 1786.0736	Loss: 132.2309	LearningRate 0.00015063
------------------------------------------------------------------
[epoch 85 PSNR: 33.0224 --- best_epoch 75 Best_PSNR 33.6473]
------------------------------------------------------------------
Epoch: 85	Time: 1797.0120	Loss: 134.3266	LearningRate 0.00014953
------------------------------------------------------------------
------------------------------------------------------------------
Epoch: 86	Time: 1789.5514	Loss: 133.5954	LearningRate 0.00014843
------------------------------------------------------------------
------------------------------------------------------------------
Epoch: 87	Time: 1789.2445	Loss: 133.5959	LearningRate 0.00014732
------------------------------------------------------------------
------------------------------------------------------------------
Epoch: 88	Time: 1783.5206	Loss: 132.9055	LearningRate 0.00014619
------------------------------------------------------------------
------------------------------------------------------------------
Epoch: 89	Time: 1787.3088	Loss: 131.8011	LearningRate 0.00014507
------------------------------------------------------------------
[epoch 90 PSNR: 33.0484 --- best_epoch 75 Best_PSNR 33.6473]
------------------------------------------------------------------
Epoch: 90	Time: 1786.4299	Loss: 133.4364	LearningRate 0.00014393
------------------------------------------------------------------
------------------------------------------------------------------
Epoch: 91	Time: 1785.8828	Loss: 134.1429	LearningRate 0.00014279
------------------------------------------------------------------
------------------------------------------------------------------
Epoch: 92	Time: 1787.0413	Loss: 131.2265	LearningRate 0.00014164
------------------------------------------------------------------
------------------------------------------------------------------
Epoch: 93	Time: 1786.2130	Loss: 132.0554	LearningRate 0.00014048
------------------------------------------------------------------
------------------------------------------------------------------
Epoch: 94	Time: 1782.1922	Loss: 131.0619	LearningRate 0.00013932
------------------------------------------------------------------
[epoch 95 PSNR: 33.6250 --- best_epoch 75 Best_PSNR 33.6473]
------------------------------------------------------------------
Epoch: 95	Time: 1782.1966	Loss: 133.5415	LearningRate 0.00013815
------------------------------------------------------------------
------------------------------------------------------------------
Epoch: 96	Time: 1783.4327	Loss: 131.0984	LearningRate 0.00013698
------------------------------------------------------------------
------------------------------------------------------------------
Epoch: 97	Time: 1789.2494	Loss: 131.0972	LearningRate 0.00013580
------------------------------------------------------------------
------------------------------------------------------------------
Epoch: 98	Time: 1786.3783	Loss: 132.3603	LearningRate 0.00013461
------------------------------------------------------------------
------------------------------------------------------------------
Epoch: 99	Time: 1786.9342	Loss: 131.0050	LearningRate 0.00013342
------------------------------------------------------------------
[epoch 100 PSNR: 33.9047 --- best_epoch 100 Best_PSNR 33.9047]
------------------------------------------------------------------
Epoch: 100	Time: 1791.6706	Loss: 130.1780	LearningRate 0.00013222
------------------------------------------------------------------
------------------------------------------------------------------
Epoch: 101	Time: 1775.1388	Loss: 130.5983	LearningRate 0.00013102
------------------------------------------------------------------
------------------------------------------------------------------
Epoch: 102	Time: 1785.1348	Loss: 130.9541	LearningRate 0.00012982
------------------------------------------------------------------
------------------------------------------------------------------
Epoch: 103	Time: 1787.1091	Loss: 130.2782	LearningRate 0.00012860
------------------------------------------------------------------
------------------------------------------------------------------
Epoch: 104	Time: 1786.0946	Loss: 130.3040	LearningRate 0.00012739
------------------------------------------------------------------
[epoch 105 PSNR: 34.2212 --- best_epoch 105 Best_PSNR 34.2212]
------------------------------------------------------------------
Epoch: 105	Time: 1791.6195	Loss: 130.4982	LearningRate 0.00012617
------------------------------------------------------------------
------------------------------------------------------------------
Epoch: 106	Time: 1782.1905	Loss: 130.2908	LearningRate 0.00012494
------------------------------------------------------------------
------------------------------------------------------------------
Epoch: 107	Time: 1780.5628	Loss: 131.0767	LearningRate 0.00012371
------------------------------------------------------------------
------------------------------------------------------------------
Epoch: 108	Time: 1781.6004	Loss: 130.7017	LearningRate 0.00012248
------------------------------------------------------------------
------------------------------------------------------------------
Epoch: 109	Time: 1785.7936	Loss: 129.8030	LearningRate 0.00012124
------------------------------------------------------------------
[epoch 110 PSNR: 34.6286 --- best_epoch 110 Best_PSNR 34.6286]
------------------------------------------------------------------
Epoch: 110	Time: 1788.3278	Loss: 130.0140	LearningRate 0.00012000
------------------------------------------------------------------
------------------------------------------------------------------
Epoch: 111	Time: 1783.7434	Loss: 128.6202	LearningRate 0.00011876
------------------------------------------------------------------
------------------------------------------------------------------
Epoch: 112	Time: 1778.7879	Loss: 129.5160	LearningRate 0.00011752
------------------------------------------------------------------
------------------------------------------------------------------
Epoch: 113	Time: 1781.1100	Loss: 128.9537	LearningRate 0.00011627
------------------------------------------------------------------
------------------------------------------------------------------
Epoch: 114	Time: 1782.0403	Loss: 128.8215	LearningRate 0.00011502
------------------------------------------------------------------
[epoch 115 PSNR: 34.3488 --- best_epoch 110 Best_PSNR 34.6286]
------------------------------------------------------------------
Epoch: 115	Time: 1789.9550	Loss: 129.9673	LearningRate 0.00011376
------------------------------------------------------------------
------------------------------------------------------------------
Epoch: 116	Time: 1784.5271	Loss: 127.8814	LearningRate 0.00011251
------------------------------------------------------------------
------------------------------------------------------------------
Epoch: 117	Time: 1783.0344	Loss: 129.2386	LearningRate 0.00011125
------------------------------------------------------------------
------------------------------------------------------------------
Epoch: 118	Time: 1779.9754	Loss: 128.0185	LearningRate 0.00010999
------------------------------------------------------------------
------------------------------------------------------------------
Epoch: 119	Time: 1785.4732	Loss: 129.4854	LearningRate 0.00010873
------------------------------------------------------------------
[epoch 120 PSNR: 34.4683 --- best_epoch 110 Best_PSNR 34.6286]
------------------------------------------------------------------
Epoch: 120	Time: 1789.2245	Loss: 127.8615	LearningRate 0.00010747
------------------------------------------------------------------
------------------------------------------------------------------
Epoch: 121	Time: 1787.5824	Loss: 127.4658	LearningRate 0.00010621
------------------------------------------------------------------
------------------------------------------------------------------
Epoch: 122	Time: 1786.7116	Loss: 129.3632	LearningRate 0.00010494
------------------------------------------------------------------
------------------------------------------------------------------
Epoch: 123	Time: 1784.1705	Loss: 127.3593	LearningRate 0.00010368
------------------------------------------------------------------
------------------------------------------------------------------
Epoch: 124	Time: 1788.5648	Loss: 129.5088	LearningRate 0.00010241
------------------------------------------------------------------
[epoch 125 PSNR: 33.8452 --- best_epoch 110 Best_PSNR 34.6286]
------------------------------------------------------------------
Epoch: 125	Time: 1795.2167	Loss: 127.6242	LearningRate 0.00010115
------------------------------------------------------------------
------------------------------------------------------------------
Epoch: 126	Time: 1779.6060	Loss: 127.3160	LearningRate 0.00009988
------------------------------------------------------------------
------------------------------------------------------------------
Epoch: 127	Time: 1775.3079	Loss: 126.8746	LearningRate 0.00009862
------------------------------------------------------------------
------------------------------------------------------------------
Epoch: 128	Time: 1750.1034	Loss: 128.4363	LearningRate 0.00009735
------------------------------------------------------------------
------------------------------------------------------------------
Epoch: 129	Time: 1748.6846	Loss: 126.9447	LearningRate 0.00009609
------------------------------------------------------------------
[epoch 130 PSNR: 34.7008 --- best_epoch 130 Best_PSNR 34.7008]
------------------------------------------------------------------
Epoch: 130	Time: 1756.1260	Loss: 126.8618	LearningRate 0.00009482
------------------------------------------------------------------
------------------------------------------------------------------
Epoch: 131	Time: 1747.9714	Loss: 126.4923	LearningRate 0.00009356
------------------------------------------------------------------
------------------------------------------------------------------
Epoch: 132	Time: 1739.7127	Loss: 126.7451	LearningRate 0.00009230
------------------------------------------------------------------
------------------------------------------------------------------
Epoch: 133	Time: 1743.6743	Loss: 126.9423	LearningRate 0.00009104
------------------------------------------------------------------
------------------------------------------------------------------
Epoch: 134	Time: 1749.9802	Loss: 127.4493	LearningRate 0.00008978
------------------------------------------------------------------
[epoch 135 PSNR: 34.6666 --- best_epoch 130 Best_PSNR 34.7008]
------------------------------------------------------------------
Epoch: 135	Time: 1754.4173	Loss: 128.4783	LearningRate 0.00008852
------------------------------------------------------------------
------------------------------------------------------------------
Epoch: 136	Time: 1748.2779	Loss: 127.5071	LearningRate 0.00008727
------------------------------------------------------------------
------------------------------------------------------------------
Epoch: 137	Time: 1745.4629	Loss: 126.1309	LearningRate 0.00008601
------------------------------------------------------------------
------------------------------------------------------------------
Epoch: 138	Time: 1736.8752	Loss: 125.7595	LearningRate 0.00008476
------------------------------------------------------------------
