12,853,867 total parameters.
12,853,867 training parameters.


Let's use 2 GPUs!


===> Start Epoch 1 End Epoch 251
===> Loading datasets
------------------------------------------------------------------
Epoch: 1	Time: 1290.7497	Loss: 293.8168	LearningRate 0.00013333
------------------------------------------------------------------
------------------------------------------------------------------
Epoch: 2	Time: 1289.1957	Loss: 233.7613	LearningRate 0.00020000
------------------------------------------------------------------
------------------------------------------------------------------
Epoch: 3	Time: 1286.3453	Loss: 214.0600	LearningRate 0.00020000
------------------------------------------------------------------
------------------------------------------------------------------
Epoch: 4	Time: 1289.9159	Loss: 199.6807	LearningRate 0.00019998
------------------------------------------------------------------
[epoch 5 PSNR: 27.3000 --- best_epoch 5 Best_PSNR 27.3000]
------------------------------------------------------------------
Epoch: 5	Time: 1294.6354	Loss: 193.1624	LearningRate 0.00019994
------------------------------------------------------------------
------------------------------------------------------------------
Epoch: 6	Time: 1288.8151	Loss: 184.6896	LearningRate 0.00019989
------------------------------------------------------------------
------------------------------------------------------------------
Epoch: 7	Time: 1284.6577	Loss: 181.7513	LearningRate 0.00019981
------------------------------------------------------------------
------------------------------------------------------------------
Epoch: 8	Time: 1290.1428	Loss: 178.0838	LearningRate 0.00019973
------------------------------------------------------------------
------------------------------------------------------------------
Epoch: 9	Time: 1278.9268	Loss: 175.0234	LearningRate 0.00019962
------------------------------------------------------------------
[epoch 10 PSNR: 28.8630 --- best_epoch 10 Best_PSNR 28.8630]
------------------------------------------------------------------
Epoch: 10	Time: 1284.1199	Loss: 172.3498	LearningRate 0.00019950
------------------------------------------------------------------
------------------------------------------------------------------
Epoch: 11	Time: 1289.1877	Loss: 168.9175	LearningRate 0.00019936
------------------------------------------------------------------
------------------------------------------------------------------
Epoch: 12	Time: 1291.3195	Loss: 167.3413	LearningRate 0.00019921
------------------------------------------------------------------
------------------------------------------------------------------
Epoch: 13	Time: 1285.3615	Loss: 164.8666	LearningRate 0.00019904
------------------------------------------------------------------
------------------------------------------------------------------
Epoch: 14	Time: 1292.4031	Loss: 164.0690	LearningRate 0.00019886
------------------------------------------------------------------
[epoch 15 PSNR: 29.4468 --- best_epoch 15 Best_PSNR 29.4468]
------------------------------------------------------------------
Epoch: 15	Time: 1294.8082	Loss: 162.5243	LearningRate 0.00019866
------------------------------------------------------------------
------------------------------------------------------------------
Epoch: 16	Time: 1291.7120	Loss: 161.0019	LearningRate 0.00019844
------------------------------------------------------------------
------------------------------------------------------------------
Epoch: 17	Time: 1288.6008	Loss: 159.4327	LearningRate 0.00019821
------------------------------------------------------------------
------------------------------------------------------------------
Epoch: 18	Time: 1289.4068	Loss: 158.0950	LearningRate 0.00019796
------------------------------------------------------------------
------------------------------------------------------------------
Epoch: 19	Time: 1279.6334	Loss: 157.9273	LearningRate 0.00019770
------------------------------------------------------------------
[epoch 20 PSNR: 30.0167 --- best_epoch 20 Best_PSNR 30.0167]
------------------------------------------------------------------
Epoch: 20	Time: 1283.4543	Loss: 156.7842	LearningRate 0.00019742
------------------------------------------------------------------
------------------------------------------------------------------
Epoch: 21	Time: 1284.2970	Loss: 153.8447	LearningRate 0.00019712
------------------------------------------------------------------
------------------------------------------------------------------
Epoch: 22	Time: 1286.4957	Loss: 154.4991	LearningRate 0.00019681
------------------------------------------------------------------
------------------------------------------------------------------
Epoch: 23	Time: 1287.0102	Loss: 154.1150	LearningRate 0.00019649
------------------------------------------------------------------
------------------------------------------------------------------
Epoch: 24	Time: 1288.2408	Loss: 152.9337	LearningRate 0.00019615
------------------------------------------------------------------
[epoch 25 PSNR: 28.2478 --- best_epoch 20 Best_PSNR 30.0167]
------------------------------------------------------------------
Epoch: 25	Time: 1289.8287	Loss: 151.7773	LearningRate 0.00019579
------------------------------------------------------------------
------------------------------------------------------------------
Epoch: 26	Time: 1285.6554	Loss: 151.6991	LearningRate 0.00019542
------------------------------------------------------------------
------------------------------------------------------------------
Epoch: 27	Time: 1289.4618	Loss: 152.2972	LearningRate 0.00019503
------------------------------------------------------------------
------------------------------------------------------------------
Epoch: 28	Time: 1288.9301	Loss: 149.6864	LearningRate 0.00019462
------------------------------------------------------------------
------------------------------------------------------------------
Epoch: 29	Time: 1286.7684	Loss: 150.2224	LearningRate 0.00019421
------------------------------------------------------------------
[epoch 30 PSNR: 30.2263 --- best_epoch 30 Best_PSNR 30.2263]
------------------------------------------------------------------
Epoch: 30	Time: 1286.1517	Loss: 149.7062	LearningRate 0.00019377
------------------------------------------------------------------
------------------------------------------------------------------
Epoch: 31	Time: 1276.8373	Loss: 147.2259	LearningRate 0.00019332
------------------------------------------------------------------
------------------------------------------------------------------
Epoch: 32	Time: 1286.8999	Loss: 148.4094	LearningRate 0.00019286
------------------------------------------------------------------
------------------------------------------------------------------
Epoch: 33	Time: 1288.3352	Loss: 146.4869	LearningRate 0.00019238
------------------------------------------------------------------
------------------------------------------------------------------
Epoch: 34	Time: 1287.1608	Loss: 147.0801	LearningRate 0.00019189
------------------------------------------------------------------
[epoch 35 PSNR: 31.2146 --- best_epoch 35 Best_PSNR 31.2146]
------------------------------------------------------------------
Epoch: 35	Time: 1292.5942	Loss: 145.8832	LearningRate 0.00019138
------------------------------------------------------------------
------------------------------------------------------------------
Epoch: 36	Time: 1286.7515	Loss: 147.3655	LearningRate 0.00019086
------------------------------------------------------------------
------------------------------------------------------------------
Epoch: 37	Time: 1286.4143	Loss: 147.1122	LearningRate 0.00019032
------------------------------------------------------------------
------------------------------------------------------------------
Epoch: 38	Time: 1283.9879	Loss: 145.7745	LearningRate 0.00018977
------------------------------------------------------------------
------------------------------------------------------------------
Epoch: 39	Time: 1290.2211	Loss: 143.8924	LearningRate 0.00018920
------------------------------------------------------------------
[epoch 40 PSNR: 31.5253 --- best_epoch 40 Best_PSNR 31.5253]
------------------------------------------------------------------
Epoch: 40	Time: 1295.8580	Loss: 145.1768	LearningRate 0.00018862
------------------------------------------------------------------
------------------------------------------------------------------
Epoch: 41	Time: 1279.0255	Loss: 144.5708	LearningRate 0.00018802
------------------------------------------------------------------
------------------------------------------------------------------
Epoch: 42	Time: 1283.8264	Loss: 144.4764	LearningRate 0.00018741
------------------------------------------------------------------
------------------------------------------------------------------
Epoch: 43	Time: 1290.3646	Loss: 142.4125	LearningRate 0.00018679
------------------------------------------------------------------
------------------------------------------------------------------
Epoch: 44	Time: 1288.1991	Loss: 142.7630	LearningRate 0.00018615
------------------------------------------------------------------
[epoch 45 PSNR: 31.8333 --- best_epoch 45 Best_PSNR 31.8333]
------------------------------------------------------------------
Epoch: 45	Time: 1293.6923	Loss: 143.0001	LearningRate 0.00018550
------------------------------------------------------------------
------------------------------------------------------------------
Epoch: 46	Time: 1291.6236	Loss: 143.0341	LearningRate 0.00018484
------------------------------------------------------------------
------------------------------------------------------------------
Epoch: 47	Time: 1290.3468	Loss: 141.3639	LearningRate 0.00018416
------------------------------------------------------------------
------------------------------------------------------------------
Epoch: 48	Time: 1291.5837	Loss: 143.1106	LearningRate 0.00018347
------------------------------------------------------------------
------------------------------------------------------------------
Epoch: 49	Time: 1288.0422	Loss: 140.4506	LearningRate 0.00018276
------------------------------------------------------------------
[epoch 50 PSNR: 31.8015 --- best_epoch 45 Best_PSNR 31.8333]
------------------------------------------------------------------
Epoch: 50	Time: 1288.0399	Loss: 139.8115	LearningRate 0.00018204
------------------------------------------------------------------
------------------------------------------------------------------
Epoch: 51	Time: 1286.6245	Loss: 140.0557	LearningRate 0.00018131
------------------------------------------------------------------
------------------------------------------------------------------
Epoch: 52	Time: 1281.0547	Loss: 139.9212	LearningRate 0.00018056
------------------------------------------------------------------
------------------------------------------------------------------
Epoch: 53	Time: 1283.3168	Loss: 141.2599	LearningRate 0.00017981
------------------------------------------------------------------
------------------------------------------------------------------
Epoch: 54	Time: 1287.6499	Loss: 140.8858	LearningRate 0.00017904
------------------------------------------------------------------
[epoch 55 PSNR: 31.3086 --- best_epoch 45 Best_PSNR 31.8333]
------------------------------------------------------------------
Epoch: 55	Time: 1294.5087	Loss: 138.9232	LearningRate 0.00017825
------------------------------------------------------------------
------------------------------------------------------------------
Epoch: 56	Time: 1283.4205	Loss: 137.7474	LearningRate 0.00017746
------------------------------------------------------------------
------------------------------------------------------------------
Epoch: 57	Time: 1292.8744	Loss: 138.1932	LearningRate 0.00017665
------------------------------------------------------------------
------------------------------------------------------------------
Epoch: 58	Time: 1288.2035	Loss: 138.9360	LearningRate 0.00017583
------------------------------------------------------------------
------------------------------------------------------------------
Epoch: 59	Time: 1287.7686	Loss: 139.3945	LearningRate 0.00017499
------------------------------------------------------------------
[epoch 60 PSNR: 32.2912 --- best_epoch 60 Best_PSNR 32.2912]
------------------------------------------------------------------
Epoch: 60	Time: 1293.6172	Loss: 137.2431	LearningRate 0.00017415
------------------------------------------------------------------
------------------------------------------------------------------
Epoch: 61	Time: 1289.8015	Loss: 135.9599	LearningRate 0.00017329
------------------------------------------------------------------
------------------------------------------------------------------
Epoch: 62	Time: 1281.6549	Loss: 139.0779	LearningRate 0.00017242
------------------------------------------------------------------
------------------------------------------------------------------
Epoch: 63	Time: 1281.5593	Loss: 140.3832	LearningRate 0.00017154
------------------------------------------------------------------
------------------------------------------------------------------
Epoch: 64	Time: 1286.8064	Loss: 136.6172	LearningRate 0.00017065
------------------------------------------------------------------
[epoch 65 PSNR: 32.5004 --- best_epoch 65 Best_PSNR 32.5004]
------------------------------------------------------------------
Epoch: 65	Time: 1294.7308	Loss: 135.2670	LearningRate 0.00016975
------------------------------------------------------------------
------------------------------------------------------------------
Epoch: 66	Time: 1288.4995	Loss: 138.2384	LearningRate 0.00016883
------------------------------------------------------------------
------------------------------------------------------------------
Epoch: 67	Time: 1287.4328	Loss: 139.7397	LearningRate 0.00016791
------------------------------------------------------------------
------------------------------------------------------------------
Epoch: 68	Time: 1284.3393	Loss: 135.3494	LearningRate 0.00016697
------------------------------------------------------------------
------------------------------------------------------------------
Epoch: 69	Time: 1285.2743	Loss: 137.8337	LearningRate 0.00016602
------------------------------------------------------------------
[epoch 70 PSNR: 32.6470 --- best_epoch 70 Best_PSNR 32.6470]
------------------------------------------------------------------
Epoch: 70	Time: 1296.6250	Loss: 134.6172	LearningRate 0.00016506
------------------------------------------------------------------
------------------------------------------------------------------
Epoch: 71	Time: 1289.5906	Loss: 138.8800	LearningRate 0.00016410
------------------------------------------------------------------
------------------------------------------------------------------
Epoch: 72	Time: 1288.9567	Loss: 134.7543	LearningRate 0.00016312
------------------------------------------------------------------
------------------------------------------------------------------
Epoch: 73	Time: 1286.2880	Loss: 134.8560	LearningRate 0.00016213
------------------------------------------------------------------
------------------------------------------------------------------
Epoch: 74	Time: 1275.1692	Loss: 135.9645	LearningRate 0.00016113
------------------------------------------------------------------
[epoch 75 PSNR: 32.9771 --- best_epoch 75 Best_PSNR 32.9771]
------------------------------------------------------------------
Epoch: 75	Time: 1290.4584	Loss: 134.4686	LearningRate 0.00016012
------------------------------------------------------------------
------------------------------------------------------------------
Epoch: 76	Time: 1292.1551	Loss: 135.0056	LearningRate 0.00015910
------------------------------------------------------------------
------------------------------------------------------------------
Epoch: 77	Time: 1286.7383	Loss: 134.1295	LearningRate 0.00015808
------------------------------------------------------------------
------------------------------------------------------------------
Epoch: 78	Time: 1283.9944	Loss: 134.5568	LearningRate 0.00015704
------------------------------------------------------------------
------------------------------------------------------------------
Epoch: 79	Time: 1288.5334	Loss: 134.4718	LearningRate 0.00015599
------------------------------------------------------------------
[epoch 80 PSNR: 32.9353 --- best_epoch 75 Best_PSNR 32.9771]
------------------------------------------------------------------
Epoch: 80	Time: 1290.5641	Loss: 134.5128	LearningRate 0.00015494
------------------------------------------------------------------
------------------------------------------------------------------
Epoch: 81	Time: 1281.8990	Loss: 133.0198	LearningRate 0.00015387
------------------------------------------------------------------
------------------------------------------------------------------
Epoch: 82	Time: 1284.6800	Loss: 134.0880	LearningRate 0.00015280
------------------------------------------------------------------
------------------------------------------------------------------
Epoch: 83	Time: 1283.0649	Loss: 134.6740	LearningRate 0.00015172
------------------------------------------------------------------
------------------------------------------------------------------
Epoch: 84	Time: 1276.1548	Loss: 132.7788	LearningRate 0.00015063
------------------------------------------------------------------
[epoch 85 PSNR: 33.8493 --- best_epoch 85 Best_PSNR 33.8493]
------------------------------------------------------------------
Epoch: 85	Time: 1281.4436	Loss: 135.5906	LearningRate 0.00014953
------------------------------------------------------------------
------------------------------------------------------------------
Epoch: 86	Time: 1283.8728	Loss: 133.9486	LearningRate 0.00014843
------------------------------------------------------------------
------------------------------------------------------------------
Epoch: 87	Time: 1280.0802	Loss: 132.0527	LearningRate 0.00014732
------------------------------------------------------------------
------------------------------------------------------------------
Epoch: 88	Time: 1286.7404	Loss: 133.8410	LearningRate 0.00014619
------------------------------------------------------------------
------------------------------------------------------------------
Epoch: 89	Time: 1287.4734	Loss: 132.3136	LearningRate 0.00014507
------------------------------------------------------------------
[epoch 90 PSNR: 34.1745 --- best_epoch 90 Best_PSNR 34.1745]
------------------------------------------------------------------
Epoch: 90	Time: 1289.9202	Loss: 131.8506	LearningRate 0.00014393
------------------------------------------------------------------
------------------------------------------------------------------
Epoch: 91	Time: 1287.1611	Loss: 131.5876	LearningRate 0.00014279
------------------------------------------------------------------
------------------------------------------------------------------
Epoch: 92	Time: 1285.2821	Loss: 132.2320	LearningRate 0.00014164
------------------------------------------------------------------
------------------------------------------------------------------
Epoch: 93	Time: 1280.4742	Loss: 132.9143	LearningRate 0.00014048
------------------------------------------------------------------
------------------------------------------------------------------
Epoch: 94	Time: 1283.6201	Loss: 134.5485	LearningRate 0.00013932
------------------------------------------------------------------
[epoch 95 PSNR: 33.7307 --- best_epoch 90 Best_PSNR 34.1745]
------------------------------------------------------------------
Epoch: 95	Time: 1282.2040	Loss: 132.2934	LearningRate 0.00013815
------------------------------------------------------------------
------------------------------------------------------------------
Epoch: 96	Time: 1275.5742	Loss: 131.0766	LearningRate 0.00013698
------------------------------------------------------------------
------------------------------------------------------------------
Epoch: 97	Time: 1282.7800	Loss: 130.6936	LearningRate 0.00013580
------------------------------------------------------------------
------------------------------------------------------------------
Epoch: 98	Time: 1284.4883	Loss: 131.1562	LearningRate 0.00013461
------------------------------------------------------------------
------------------------------------------------------------------
Epoch: 99	Time: 1282.1421	Loss: 133.3333	LearningRate 0.00013342
------------------------------------------------------------------
[epoch 100 PSNR: 33.8609 --- best_epoch 90 Best_PSNR 34.1745]
------------------------------------------------------------------
Epoch: 100	Time: 1290.0858	Loss: 132.0849	LearningRate 0.00013222
------------------------------------------------------------------
------------------------------------------------------------------
Epoch: 101	Time: 1282.9529	Loss: 130.6394	LearningRate 0.00013102
------------------------------------------------------------------
------------------------------------------------------------------
Epoch: 102	Time: 1283.3268	Loss: 130.1636	LearningRate 0.00012982
------------------------------------------------------------------
