12,853,867 total parameters.
12,853,867 training parameters.


Let's use 2 GPUs!


===> Start Epoch 1 End Epoch 251
===> Loading datasets
------------------------------------------------------------------
Epoch: 1	Time: 1722.2109	Loss: 297.5903	LearningRate 0.00013333
------------------------------------------------------------------
------------------------------------------------------------------
Epoch: 2	Time: 1708.1053	Loss: 234.5697	LearningRate 0.00020000
------------------------------------------------------------------
------------------------------------------------------------------
Epoch: 3	Time: 1698.8280	Loss: 216.5444	LearningRate 0.00020000
------------------------------------------------------------------
------------------------------------------------------------------
Epoch: 4	Time: 1706.5802	Loss: 202.3294	LearningRate 0.00019998
------------------------------------------------------------------
[epoch 5 PSNR: 26.8696 --- best_epoch 5 Best_PSNR 26.8696]
------------------------------------------------------------------
Epoch: 5	Time: 1712.9074	Loss: 195.9253	LearningRate 0.00019994
------------------------------------------------------------------
------------------------------------------------------------------
Epoch: 6	Time: 1702.8873	Loss: 188.1616	LearningRate 0.00019989
------------------------------------------------------------------
------------------------------------------------------------------
Epoch: 7	Time: 1704.3947	Loss: 184.6181	LearningRate 0.00019981
------------------------------------------------------------------
------------------------------------------------------------------
Epoch: 8	Time: 1699.8121	Loss: 180.9959	LearningRate 0.00019973
------------------------------------------------------------------
------------------------------------------------------------------
Epoch: 9	Time: 1703.5182	Loss: 177.0123	LearningRate 0.00019962
------------------------------------------------------------------
[epoch 10 PSNR: 28.7435 --- best_epoch 10 Best_PSNR 28.7435]
------------------------------------------------------------------
Epoch: 10	Time: 1688.7012	Loss: 173.8474	LearningRate 0.00019950
------------------------------------------------------------------
------------------------------------------------------------------
Epoch: 11	Time: 1689.8609	Loss: 170.7407	LearningRate 0.00019936
------------------------------------------------------------------
------------------------------------------------------------------
Epoch: 12	Time: 1699.0622	Loss: 169.5617	LearningRate 0.00019921
------------------------------------------------------------------
------------------------------------------------------------------
Epoch: 13	Time: 1706.0178	Loss: 167.5623	LearningRate 0.00019904
------------------------------------------------------------------
------------------------------------------------------------------
Epoch: 14	Time: 1709.2620	Loss: 165.8987	LearningRate 0.00019886
------------------------------------------------------------------
[epoch 15 PSNR: 30.0419 --- best_epoch 15 Best_PSNR 30.0419]
------------------------------------------------------------------
Epoch: 15	Time: 1713.3553	Loss: 164.0666	LearningRate 0.00019866
------------------------------------------------------------------
------------------------------------------------------------------
Epoch: 16	Time: 1712.2278	Loss: 164.3377	LearningRate 0.00019844
------------------------------------------------------------------
------------------------------------------------------------------
Epoch: 17	Time: 1705.7906	Loss: 162.6496	LearningRate 0.00019821
------------------------------------------------------------------
------------------------------------------------------------------
Epoch: 18	Time: 1705.9897	Loss: 160.1232	LearningRate 0.00019796
------------------------------------------------------------------
------------------------------------------------------------------
Epoch: 19	Time: 1707.7676	Loss: 161.4169	LearningRate 0.00019770
------------------------------------------------------------------
[epoch 20 PSNR: 30.5315 --- best_epoch 20 Best_PSNR 30.5315]
------------------------------------------------------------------
Epoch: 20	Time: 1713.0147	Loss: 158.6727	LearningRate 0.00019742
------------------------------------------------------------------
------------------------------------------------------------------
Epoch: 21	Time: 1708.6569	Loss: 157.7453	LearningRate 0.00019712
------------------------------------------------------------------
------------------------------------------------------------------
Epoch: 22	Time: 1709.1198	Loss: 156.3866	LearningRate 0.00019681
------------------------------------------------------------------
------------------------------------------------------------------
Epoch: 23	Time: 1720.1685	Loss: 154.7353	LearningRate 0.00019649
------------------------------------------------------------------
