12,853,867 total parameters.
12,853,867 training parameters.


Let's use 2 GPUs!


===> Start Epoch 1 End Epoch 251
===> Loading datasets
------------------------------------------------------------------
Epoch: 1	Time: 1678.3053	Loss: 296.2648	LearningRate 0.00013333
------------------------------------------------------------------
------------------------------------------------------------------
Epoch: 2	Time: 1667.8572	Loss: 233.8264	LearningRate 0.00020000
------------------------------------------------------------------
------------------------------------------------------------------
Epoch: 3	Time: 1671.9994	Loss: 216.4135	LearningRate 0.00020000
------------------------------------------------------------------
------------------------------------------------------------------
Epoch: 4	Time: 1669.0229	Loss: 200.7042	LearningRate 0.00019998
------------------------------------------------------------------
[epoch 5 PSNR: 26.9630 --- best_epoch 5 Best_PSNR 26.9630]
------------------------------------------------------------------
Epoch: 5	Time: 1675.8888	Loss: 194.6645	LearningRate 0.00019994
------------------------------------------------------------------
------------------------------------------------------------------
Epoch: 6	Time: 1673.2930	Loss: 186.1781	LearningRate 0.00019989
------------------------------------------------------------------
------------------------------------------------------------------
Epoch: 7	Time: 1665.3295	Loss: 183.0600	LearningRate 0.00019981
------------------------------------------------------------------
------------------------------------------------------------------
Epoch: 8	Time: 1667.6969	Loss: 179.2285	LearningRate 0.00019973
------------------------------------------------------------------
------------------------------------------------------------------
Epoch: 9	Time: 1671.3320	Loss: 176.9780	LearningRate 0.00019962
------------------------------------------------------------------
[epoch 10 PSNR: 28.9075 --- best_epoch 10 Best_PSNR 28.9075]
------------------------------------------------------------------
Epoch: 10	Time: 1670.5672	Loss: 173.1892	LearningRate 0.00019950
------------------------------------------------------------------
------------------------------------------------------------------
Epoch: 11	Time: 1671.8647	Loss: 171.3990	LearningRate 0.00019936
------------------------------------------------------------------
------------------------------------------------------------------
Epoch: 12	Time: 1673.1193	Loss: 169.4411	LearningRate 0.00019921
------------------------------------------------------------------
------------------------------------------------------------------
Epoch: 13	Time: 1669.4776	Loss: 166.6663	LearningRate 0.00019904
------------------------------------------------------------------
------------------------------------------------------------------
Epoch: 14	Time: 1673.3876	Loss: 165.5900	LearningRate 0.00019886
------------------------------------------------------------------
[epoch 15 PSNR: 29.6602 --- best_epoch 15 Best_PSNR 29.6602]
------------------------------------------------------------------
Epoch: 15	Time: 1670.7270	Loss: 163.1921	LearningRate 0.00019866
------------------------------------------------------------------
------------------------------------------------------------------
Epoch: 16	Time: 1672.1510	Loss: 161.8154	LearningRate 0.00019844
------------------------------------------------------------------
------------------------------------------------------------------
Epoch: 17	Time: 1667.6541	Loss: 160.8219	LearningRate 0.00019821
------------------------------------------------------------------
------------------------------------------------------------------
Epoch: 18	Time: 1671.6382	Loss: 159.7998	LearningRate 0.00019796
------------------------------------------------------------------
------------------------------------------------------------------
Epoch: 19	Time: 1668.9121	Loss: 157.5163	LearningRate 0.00019770
------------------------------------------------------------------
[epoch 20 PSNR: 30.4573 --- best_epoch 20 Best_PSNR 30.4573]
------------------------------------------------------------------
Epoch: 20	Time: 1673.1492	Loss: 158.6274	LearningRate 0.00019742
------------------------------------------------------------------
------------------------------------------------------------------
Epoch: 21	Time: 1675.7216	Loss: 157.0169	LearningRate 0.00019712
------------------------------------------------------------------
------------------------------------------------------------------
Epoch: 22	Time: 1671.9332	Loss: 156.3109	LearningRate 0.00019681
------------------------------------------------------------------
------------------------------------------------------------------
Epoch: 23	Time: 1667.8523	Loss: 154.1111	LearningRate 0.00019649
------------------------------------------------------------------
------------------------------------------------------------------
Epoch: 24	Time: 1673.3923	Loss: 153.4975	LearningRate 0.00019615
------------------------------------------------------------------
[epoch 25 PSNR: 29.6683 --- best_epoch 20 Best_PSNR 30.4573]
------------------------------------------------------------------
Epoch: 25	Time: 1671.0681	Loss: 153.6881	LearningRate 0.00019579
------------------------------------------------------------------
------------------------------------------------------------------
Epoch: 26	Time: 1673.8933	Loss: 153.2231	LearningRate 0.00019542
------------------------------------------------------------------
------------------------------------------------------------------
Epoch: 27	Time: 1672.1640	Loss: 155.5066	LearningRate 0.00019503
------------------------------------------------------------------
------------------------------------------------------------------
Epoch: 28	Time: 1669.4532	Loss: 151.2229	LearningRate 0.00019462
------------------------------------------------------------------
------------------------------------------------------------------
Epoch: 29	Time: 1672.4975	Loss: 150.1803	LearningRate 0.00019421
------------------------------------------------------------------
[epoch 30 PSNR: 30.9699 --- best_epoch 30 Best_PSNR 30.9699]
------------------------------------------------------------------
Epoch: 30	Time: 1671.2195	Loss: 150.3779	LearningRate 0.00019377
------------------------------------------------------------------
------------------------------------------------------------------
Epoch: 31	Time: 1663.1972	Loss: 148.6947	LearningRate 0.00019332
------------------------------------------------------------------
------------------------------------------------------------------
Epoch: 32	Time: 1658.9975	Loss: 149.0220	LearningRate 0.00019286
------------------------------------------------------------------
------------------------------------------------------------------
Epoch: 33	Time: 1667.7774	Loss: 149.3197	LearningRate 0.00019238
------------------------------------------------------------------
------------------------------------------------------------------
Epoch: 34	Time: 1667.4250	Loss: 147.2468	LearningRate 0.00019189
------------------------------------------------------------------
[epoch 35 PSNR: 30.5398 --- best_epoch 30 Best_PSNR 30.9699]
------------------------------------------------------------------
Epoch: 35	Time: 1667.0429	Loss: 148.1913	LearningRate 0.00019138
------------------------------------------------------------------
------------------------------------------------------------------
Epoch: 36	Time: 1663.8410	Loss: 146.8267	LearningRate 0.00019086
------------------------------------------------------------------
------------------------------------------------------------------
Epoch: 37	Time: 1660.6546	Loss: 146.0634	LearningRate 0.00019032
------------------------------------------------------------------
------------------------------------------------------------------
Epoch: 38	Time: 1662.2344	Loss: 145.6302	LearningRate 0.00018977
------------------------------------------------------------------
------------------------------------------------------------------
Epoch: 39	Time: 1659.2062	Loss: 148.0143	LearningRate 0.00018920
------------------------------------------------------------------
[epoch 40 PSNR: 30.8517 --- best_epoch 30 Best_PSNR 30.9699]
------------------------------------------------------------------
Epoch: 40	Time: 1661.7878	Loss: 145.1089	LearningRate 0.00018862
------------------------------------------------------------------
------------------------------------------------------------------
Epoch: 41	Time: 1663.3846	Loss: 144.2191	LearningRate 0.00018802
------------------------------------------------------------------
------------------------------------------------------------------
Epoch: 42	Time: 1664.6828	Loss: 145.3802	LearningRate 0.00018741
------------------------------------------------------------------
------------------------------------------------------------------
Epoch: 43	Time: 1677.5267	Loss: 143.4601	LearningRate 0.00018679
------------------------------------------------------------------
------------------------------------------------------------------
Epoch: 44	Time: 1705.0042	Loss: 143.9267	LearningRate 0.00018615
------------------------------------------------------------------
[epoch 45 PSNR: 31.7125 --- best_epoch 45 Best_PSNR 31.7125]
------------------------------------------------------------------
Epoch: 45	Time: 1701.2576	Loss: 144.9661	LearningRate 0.00018550
------------------------------------------------------------------
------------------------------------------------------------------
Epoch: 46	Time: 1708.0291	Loss: 146.1693	LearningRate 0.00018484
------------------------------------------------------------------
------------------------------------------------------------------
Epoch: 47	Time: 1706.8071	Loss: 142.5388	LearningRate 0.00018416
------------------------------------------------------------------
------------------------------------------------------------------
Epoch: 48	Time: 1707.9474	Loss: 142.5772	LearningRate 0.00018347
------------------------------------------------------------------
------------------------------------------------------------------
Epoch: 49	Time: 1712.9378	Loss: 142.5127	LearningRate 0.00018276
------------------------------------------------------------------
[epoch 50 PSNR: 31.5964 --- best_epoch 45 Best_PSNR 31.7125]
------------------------------------------------------------------
Epoch: 50	Time: 1716.9314	Loss: 142.8683	LearningRate 0.00018204
------------------------------------------------------------------
------------------------------------------------------------------
Epoch: 51	Time: 1707.8101	Loss: 141.1040	LearningRate 0.00018131
------------------------------------------------------------------
------------------------------------------------------------------
Epoch: 52	Time: 1709.5555	Loss: 142.7163	LearningRate 0.00018056
------------------------------------------------------------------
------------------------------------------------------------------
Epoch: 53	Time: 1707.5504	Loss: 140.1852	LearningRate 0.00017981
------------------------------------------------------------------
------------------------------------------------------------------
Epoch: 54	Time: 1704.1284	Loss: 142.0657	LearningRate 0.00017904
------------------------------------------------------------------
[epoch 55 PSNR: 31.3689 --- best_epoch 45 Best_PSNR 31.7125]
------------------------------------------------------------------
Epoch: 55	Time: 1713.1772	Loss: 141.1480	LearningRate 0.00017825
------------------------------------------------------------------
------------------------------------------------------------------
Epoch: 56	Time: 1709.5074	Loss: 140.0134	LearningRate 0.00017746
------------------------------------------------------------------
------------------------------------------------------------------
Epoch: 57	Time: 1710.8504	Loss: 138.8104	LearningRate 0.00017665
------------------------------------------------------------------
------------------------------------------------------------------
Epoch: 58	Time: 1710.2341	Loss: 140.5296	LearningRate 0.00017583
------------------------------------------------------------------
------------------------------------------------------------------
Epoch: 59	Time: 1699.0042	Loss: 139.9130	LearningRate 0.00017499
------------------------------------------------------------------
[epoch 60 PSNR: 31.5420 --- best_epoch 45 Best_PSNR 31.7125]
------------------------------------------------------------------
Epoch: 60	Time: 1713.9487	Loss: 139.6087	LearningRate 0.00017415
------------------------------------------------------------------
------------------------------------------------------------------
Epoch: 61	Time: 1710.7877	Loss: 137.9789	LearningRate 0.00017329
------------------------------------------------------------------
------------------------------------------------------------------
Epoch: 62	Time: 1704.3454	Loss: 139.7108	LearningRate 0.00017242
------------------------------------------------------------------
------------------------------------------------------------------
Epoch: 63	Time: 1695.0438	Loss: 139.5048	LearningRate 0.00017154
------------------------------------------------------------------
------------------------------------------------------------------
Epoch: 64	Time: 1695.7465	Loss: 137.6173	LearningRate 0.00017065
------------------------------------------------------------------
[epoch 65 PSNR: 32.7662 --- best_epoch 65 Best_PSNR 32.7662]
------------------------------------------------------------------
Epoch: 65	Time: 1702.4703	Loss: 136.0333	LearningRate 0.00016975
------------------------------------------------------------------
------------------------------------------------------------------
Epoch: 66	Time: 1698.9030	Loss: 137.5722	LearningRate 0.00016883
------------------------------------------------------------------
------------------------------------------------------------------
Epoch: 67	Time: 1697.4411	Loss: 141.8760	LearningRate 0.00016791
------------------------------------------------------------------
------------------------------------------------------------------
Epoch: 68	Time: 1696.4608	Loss: 137.6333	LearningRate 0.00016697
------------------------------------------------------------------
------------------------------------------------------------------
Epoch: 69	Time: 1696.1277	Loss: 137.0273	LearningRate 0.00016602
------------------------------------------------------------------
[epoch 70 PSNR: 29.6040 --- best_epoch 65 Best_PSNR 32.7662]
------------------------------------------------------------------
Epoch: 70	Time: 1702.2019	Loss: 137.3273	LearningRate 0.00016506
------------------------------------------------------------------
------------------------------------------------------------------
Epoch: 71	Time: 1695.1279	Loss: 138.4894	LearningRate 0.00016410
------------------------------------------------------------------
------------------------------------------------------------------
Epoch: 72	Time: 1697.3436	Loss: 140.2743	LearningRate 0.00016312
------------------------------------------------------------------
------------------------------------------------------------------
Epoch: 73	Time: 1698.5624	Loss: 135.5651	LearningRate 0.00016213
------------------------------------------------------------------
------------------------------------------------------------------
Epoch: 74	Time: 1684.6567	Loss: 136.4850	LearningRate 0.00016113
------------------------------------------------------------------
[epoch 75 PSNR: 33.1370 --- best_epoch 75 Best_PSNR 33.1370]
------------------------------------------------------------------
Epoch: 75	Time: 1700.7780	Loss: 135.5665	LearningRate 0.00016012
------------------------------------------------------------------
------------------------------------------------------------------
Epoch: 76	Time: 1699.5558	Loss: 135.7129	LearningRate 0.00015910
------------------------------------------------------------------
------------------------------------------------------------------
Epoch: 77	Time: 1696.1368	Loss: 136.0036	LearningRate 0.00015808
------------------------------------------------------------------
------------------------------------------------------------------
Epoch: 78	Time: 1694.6315	Loss: 134.6792	LearningRate 0.00015704
------------------------------------------------------------------
------------------------------------------------------------------
Epoch: 79	Time: 1694.6089	Loss: 135.9337	LearningRate 0.00015599
------------------------------------------------------------------
[epoch 80 PSNR: 33.6310 --- best_epoch 80 Best_PSNR 33.6310]
------------------------------------------------------------------
Epoch: 80	Time: 1703.6514	Loss: 134.4691	LearningRate 0.00015494
------------------------------------------------------------------
------------------------------------------------------------------
Epoch: 81	Time: 1698.0749	Loss: 137.1030	LearningRate 0.00015387
------------------------------------------------------------------
------------------------------------------------------------------
Epoch: 82	Time: 1704.0695	Loss: 135.1651	LearningRate 0.00015280
------------------------------------------------------------------
------------------------------------------------------------------
Epoch: 83	Time: 1712.7346	Loss: 134.8775	LearningRate 0.00015172
------------------------------------------------------------------
------------------------------------------------------------------
Epoch: 84	Time: 1708.6598	Loss: 133.4362	LearningRate 0.00015063
------------------------------------------------------------------
[epoch 85 PSNR: 33.6572 --- best_epoch 85 Best_PSNR 33.6572]
------------------------------------------------------------------
Epoch: 85	Time: 1698.9535	Loss: 134.4102	LearningRate 0.00014953
------------------------------------------------------------------
------------------------------------------------------------------
Epoch: 86	Time: 1681.1475	Loss: 134.4927	LearningRate 0.00014843
------------------------------------------------------------------
------------------------------------------------------------------
Epoch: 87	Time: 1681.6129	Loss: 133.4271	LearningRate 0.00014732
------------------------------------------------------------------
------------------------------------------------------------------
Epoch: 88	Time: 1678.9712	Loss: 133.2537	LearningRate 0.00014619
------------------------------------------------------------------
------------------------------------------------------------------
Epoch: 89	Time: 1679.6629	Loss: 136.2878	LearningRate 0.00014507
------------------------------------------------------------------
[epoch 90 PSNR: 33.3537 --- best_epoch 85 Best_PSNR 33.6572]
------------------------------------------------------------------
Epoch: 90	Time: 1686.9702	Loss: 132.4755	LearningRate 0.00014393
------------------------------------------------------------------
------------------------------------------------------------------
Epoch: 91	Time: 1682.4390	Loss: 133.9651	LearningRate 0.00014279
------------------------------------------------------------------
------------------------------------------------------------------
Epoch: 92	Time: 1681.0828	Loss: 132.3133	LearningRate 0.00014164
------------------------------------------------------------------
------------------------------------------------------------------
Epoch: 93	Time: 1677.3870	Loss: 133.2577	LearningRate 0.00014048
------------------------------------------------------------------
------------------------------------------------------------------
Epoch: 94	Time: 1675.2104	Loss: 132.0423	LearningRate 0.00013932
------------------------------------------------------------------
[epoch 95 PSNR: 32.4154 --- best_epoch 85 Best_PSNR 33.6572]
------------------------------------------------------------------
Epoch: 95	Time: 1679.2710	Loss: 133.4783	LearningRate 0.00013815
------------------------------------------------------------------
------------------------------------------------------------------
Epoch: 96	Time: 1680.9585	Loss: 131.6867	LearningRate 0.00013698
------------------------------------------------------------------
------------------------------------------------------------------
Epoch: 97	Time: 1678.7295	Loss: 131.5713	LearningRate 0.00013580
------------------------------------------------------------------
------------------------------------------------------------------
Epoch: 98	Time: 1675.1312	Loss: 132.5654	LearningRate 0.00013461
------------------------------------------------------------------
------------------------------------------------------------------
Epoch: 99	Time: 1680.6108	Loss: 130.6849	LearningRate 0.00013342
------------------------------------------------------------------
[epoch 100 PSNR: 33.1299 --- best_epoch 85 Best_PSNR 33.6572]
------------------------------------------------------------------
Epoch: 100	Time: 1684.9716	Loss: 132.1345	LearningRate 0.00013222
------------------------------------------------------------------
