17,125,553 total parameters.
17,125,553 training parameters.


Let's use 4 GPUs!


===> Start Epoch 1 End Epoch 251
===> Loading datasets
------------------------------------------------------------------
Epoch: 1	Time: 1857.4544	Loss: 382.1460	LearningRate 0.00013333
------------------------------------------------------------------
------------------------------------------------------------------
Epoch: 2	Time: 1825.0483	Loss: 298.2703	LearningRate 0.00020000
------------------------------------------------------------------
------------------------------------------------------------------
Epoch: 3	Time: 1817.6269	Loss: 273.0390	LearningRate 0.00020000
------------------------------------------------------------------
------------------------------------------------------------------
Epoch: 4	Time: 1821.6201	Loss: 254.9448	LearningRate 0.00019998
------------------------------------------------------------------
[epoch 5 PSNR: 26.5566 --- best_epoch 5 Best_PSNR 26.5566]
------------------------------------------------------------------
Epoch: 5	Time: 1827.6095	Loss: 243.8330	LearningRate 0.00019994
------------------------------------------------------------------
------------------------------------------------------------------
Epoch: 6	Time: 1860.9069	Loss: 235.5198	LearningRate 0.00019989
------------------------------------------------------------------
------------------------------------------------------------------
Epoch: 7	Time: 1805.5234	Loss: 232.3425	LearningRate 0.00019981
------------------------------------------------------------------
------------------------------------------------------------------
Epoch: 8	Time: 1702.0916	Loss: 227.3772	LearningRate 0.00019973
------------------------------------------------------------------
------------------------------------------------------------------
Epoch: 9	Time: 1725.9817	Loss: 219.5592	LearningRate 0.00019962
------------------------------------------------------------------
[epoch 10 PSNR: 29.0977 --- best_epoch 10 Best_PSNR 29.0977]
------------------------------------------------------------------
Epoch: 10	Time: 1835.1394	Loss: 220.9270	LearningRate 0.00019950
------------------------------------------------------------------
------------------------------------------------------------------
Epoch: 11	Time: 1837.0187	Loss: 216.9383	LearningRate 0.00019936
------------------------------------------------------------------
------------------------------------------------------------------
Epoch: 12	Time: 1839.4435	Loss: 212.3805	LearningRate 0.00019921
------------------------------------------------------------------
------------------------------------------------------------------
Epoch: 13	Time: 1855.6497	Loss: 213.5567	LearningRate 0.00019904
------------------------------------------------------------------
------------------------------------------------------------------
Epoch: 14	Time: 1847.4141	Loss: 213.5875	LearningRate 0.00019886
------------------------------------------------------------------
[epoch 15 PSNR: 30.4713 --- best_epoch 15 Best_PSNR 30.4713]
------------------------------------------------------------------
Epoch: 15	Time: 1852.9595	Loss: 205.0742	LearningRate 0.00019866
------------------------------------------------------------------
------------------------------------------------------------------
Epoch: 16	Time: 1156.0858	Loss: 204.4347	LearningRate 0.00019844
------------------------------------------------------------------
------------------------------------------------------------------
Epoch: 17	Time: 1160.4177	Loss: 202.4614	LearningRate 0.00019821
------------------------------------------------------------------
------------------------------------------------------------------
Epoch: 18	Time: 1156.0862	Loss: 201.7989	LearningRate 0.00019796
------------------------------------------------------------------
------------------------------------------------------------------
Epoch: 19	Time: 1144.5542	Loss: 199.3789	LearningRate 0.00019770
------------------------------------------------------------------
[epoch 20 PSNR: 30.9655 --- best_epoch 20 Best_PSNR 30.9655]
------------------------------------------------------------------
Epoch: 20	Time: 1150.3593	Loss: 199.1707	LearningRate 0.00019742
------------------------------------------------------------------
------------------------------------------------------------------
Epoch: 21	Time: 1150.6108	Loss: 197.9625	LearningRate 0.00019712
------------------------------------------------------------------
------------------------------------------------------------------
Epoch: 22	Time: 1156.8018	Loss: 200.0472	LearningRate 0.00019681
------------------------------------------------------------------
------------------------------------------------------------------
Epoch: 23	Time: 1155.3256	Loss: 197.1550	LearningRate 0.00019649
------------------------------------------------------------------
