20,657,800 total parameters.
20,657,800 training parameters.


Let's use 4 GPUs!


===> Start Epoch 1 End Epoch 3001
===> Loading datasets
------------------------------------------------------------------
Epoch: 1	Time: 445.2486	Loss: 66.2002	LearningRate 0.000133
------------------------------------------------------------------
------------------------------------------------------------------
Epoch: 2	Time: 405.8713	Loss: 61.2126	LearningRate 0.000200
------------------------------------------------------------------
------------------------------------------------------------------
Epoch: 3	Time: 403.5468	Loss: 59.4987	LearningRate 0.000200
------------------------------------------------------------------
------------------------------------------------------------------
Epoch: 4	Time: 405.9025	Loss: 58.1817	LearningRate 0.000200
------------------------------------------------------------------
------------------------------------------------------------------
Epoch: 5	Time: 402.2636	Loss: 58.0724	LearningRate 0.000200
------------------------------------------------------------------
------------------------------------------------------------------
Epoch: 6	Time: 409.0351	Loss: 58.7182	LearningRate 0.000200
------------------------------------------------------------------
------------------------------------------------------------------
Epoch: 7	Time: 404.2243	Loss: 55.4361	LearningRate 0.000200
------------------------------------------------------------------
------------------------------------------------------------------
Epoch: 8	Time: 400.8182	Loss: 56.1760	LearningRate 0.000200
------------------------------------------------------------------
------------------------------------------------------------------
Epoch: 9	Time: 407.8800	Loss: 56.4780	LearningRate 0.000200
------------------------------------------------------------------
[epoch 10 PSNR: 26.4227 --- best_epoch 10 Best_PSNR 26.4227]
------------------------------------------------------------------
Epoch: 10	Time: 480.8864	Loss: 55.5526	LearningRate 0.000200
------------------------------------------------------------------
------------------------------------------------------------------
Epoch: 11	Time: 409.1821	Loss: 55.8023	LearningRate 0.000200
------------------------------------------------------------------
------------------------------------------------------------------
Epoch: 12	Time: 408.8946	Loss: 54.6660	LearningRate 0.000200
------------------------------------------------------------------
------------------------------------------------------------------
Epoch: 13	Time: 404.1719	Loss: 53.1981	LearningRate 0.000200
------------------------------------------------------------------
------------------------------------------------------------------
Epoch: 14	Time: 405.4534	Loss: 53.4520	LearningRate 0.000200
------------------------------------------------------------------
------------------------------------------------------------------
Epoch: 15	Time: 407.9603	Loss: 52.1413	LearningRate 0.000200
------------------------------------------------------------------
