20,657,800 total parameters.
20,657,800 training parameters.


Let's use 4 GPUs!


===> Start Epoch 1 End Epoch 3001
===> Loading datasets
------------------------------------------------------------------
Epoch: 1	Time: 294.7325	Loss: 35.2827	LearningRate 0.000133
------------------------------------------------------------------
------------------------------------------------------------------
Epoch: 2	Time: 248.5869	Loss: 30.9193	LearningRate 0.000200
------------------------------------------------------------------
------------------------------------------------------------------
Epoch: 3	Time: 247.5691	Loss: 30.4068	LearningRate 0.000200
------------------------------------------------------------------
------------------------------------------------------------------
Epoch: 4	Time: 247.5175	Loss: 29.9804	LearningRate 0.000200
------------------------------------------------------------------
------------------------------------------------------------------
Epoch: 5	Time: 247.1861	Loss: 29.4232	LearningRate 0.000200
------------------------------------------------------------------
------------------------------------------------------------------
Epoch: 6	Time: 247.3201	Loss: 29.1675	LearningRate 0.000200
------------------------------------------------------------------
------------------------------------------------------------------
Epoch: 7	Time: 246.4879	Loss: 28.6351	LearningRate 0.000200
------------------------------------------------------------------
------------------------------------------------------------------
Epoch: 8	Time: 245.7425	Loss: 28.5353	LearningRate 0.000200
------------------------------------------------------------------
------------------------------------------------------------------
Epoch: 9	Time: 245.9965	Loss: 28.2371	LearningRate 0.000200
------------------------------------------------------------------
[epoch 10 PSNR: 26.2201 --- best_epoch 10 Best_PSNR 26.2201]
------------------------------------------------------------------
Epoch: 10	Time: 289.3464	Loss: 28.4299	LearningRate 0.000200
------------------------------------------------------------------
------------------------------------------------------------------
Epoch: 11	Time: 246.1504	Loss: 28.3321	LearningRate 0.000200
------------------------------------------------------------------
------------------------------------------------------------------
Epoch: 12	Time: 246.0246	Loss: 27.6060	LearningRate 0.000200
------------------------------------------------------------------
------------------------------------------------------------------
Epoch: 13	Time: 245.9655	Loss: 27.1947	LearningRate 0.000200
------------------------------------------------------------------
------------------------------------------------------------------
Epoch: 14	Time: 246.3673	Loss: 26.9577	LearningRate 0.000200
------------------------------------------------------------------
------------------------------------------------------------------
Epoch: 15	Time: 246.2617	Loss: 27.1709	LearningRate 0.000200
------------------------------------------------------------------
------------------------------------------------------------------
Epoch: 16	Time: 245.6850	Loss: 26.9819	LearningRate 0.000200
------------------------------------------------------------------
------------------------------------------------------------------
Epoch: 17	Time: 246.3093	Loss: 26.6125	LearningRate 0.000200
------------------------------------------------------------------
------------------------------------------------------------------
Epoch: 18	Time: 245.8191	Loss: 26.4748	LearningRate 0.000200
------------------------------------------------------------------
------------------------------------------------------------------
Epoch: 19	Time: 245.8022	Loss: 26.2091	LearningRate 0.000200
------------------------------------------------------------------
[epoch 20 PSNR: 26.8688 --- best_epoch 20 Best_PSNR 26.8688]
------------------------------------------------------------------
Epoch: 20	Time: 288.1587	Loss: 25.9118	LearningRate 0.000200
------------------------------------------------------------------
------------------------------------------------------------------
Epoch: 21	Time: 245.7808	Loss: 25.5511	LearningRate 0.000200
------------------------------------------------------------------
------------------------------------------------------------------
Epoch: 22	Time: 245.9143	Loss: 25.0558	LearningRate 0.000200
------------------------------------------------------------------
------------------------------------------------------------------
Epoch: 23	Time: 245.9249	Loss: 25.0209	LearningRate 0.000200
------------------------------------------------------------------
------------------------------------------------------------------
Epoch: 24	Time: 245.9116	Loss: 25.6126	LearningRate 0.000200
------------------------------------------------------------------
------------------------------------------------------------------
Epoch: 25	Time: 245.8501	Loss: 24.6680	LearningRate 0.000200
------------------------------------------------------------------
------------------------------------------------------------------
Epoch: 26	Time: 246.0928	Loss: 24.2427	LearningRate 0.000200
------------------------------------------------------------------
------------------------------------------------------------------
Epoch: 27	Time: 246.3463	Loss: 24.4068	LearningRate 0.000200
------------------------------------------------------------------
------------------------------------------------------------------
Epoch: 28	Time: 245.8062	Loss: 24.9334	LearningRate 0.000200
------------------------------------------------------------------
------------------------------------------------------------------
Epoch: 29	Time: 245.9309	Loss: 24.7501	LearningRate 0.000200
------------------------------------------------------------------
[epoch 30 PSNR: 27.5246 --- best_epoch 30 Best_PSNR 27.5246]
------------------------------------------------------------------
Epoch: 30	Time: 288.4422	Loss: 24.2811	LearningRate 0.000200
------------------------------------------------------------------
------------------------------------------------------------------
Epoch: 31	Time: 245.7645	Loss: 23.6765	LearningRate 0.000200
------------------------------------------------------------------
------------------------------------------------------------------
Epoch: 32	Time: 245.8440	Loss: 24.2602	LearningRate 0.000200
------------------------------------------------------------------
------------------------------------------------------------------
Epoch: 33	Time: 245.8612	Loss: 23.4985	LearningRate 0.000200
------------------------------------------------------------------
------------------------------------------------------------------
Epoch: 34	Time: 245.9059	Loss: 23.8794	LearningRate 0.000200
------------------------------------------------------------------
------------------------------------------------------------------
Epoch: 35	Time: 246.4011	Loss: 23.5896	LearningRate 0.000200
------------------------------------------------------------------
------------------------------------------------------------------
Epoch: 36	Time: 246.0345	Loss: 23.6594	LearningRate 0.000200
------------------------------------------------------------------
------------------------------------------------------------------
Epoch: 37	Time: 245.8037	Loss: 23.2666	LearningRate 0.000200
------------------------------------------------------------------
------------------------------------------------------------------
Epoch: 38	Time: 245.8243	Loss: 22.8777	LearningRate 0.000200
------------------------------------------------------------------
------------------------------------------------------------------
Epoch: 39	Time: 246.0316	Loss: 23.2149	LearningRate 0.000200
------------------------------------------------------------------
[epoch 40 PSNR: 28.0287 --- best_epoch 40 Best_PSNR 28.0287]
------------------------------------------------------------------
Epoch: 40	Time: 287.9360	Loss: 23.0222	LearningRate 0.000200
------------------------------------------------------------------
------------------------------------------------------------------
Epoch: 41	Time: 246.4416	Loss: 22.9551	LearningRate 0.000200
------------------------------------------------------------------
------------------------------------------------------------------
Epoch: 42	Time: 246.1340	Loss: 23.3032	LearningRate 0.000200
------------------------------------------------------------------
------------------------------------------------------------------
Epoch: 43	Time: 245.7568	Loss: 22.9787	LearningRate 0.000200
------------------------------------------------------------------
------------------------------------------------------------------
Epoch: 44	Time: 246.2142	Loss: 22.6101	LearningRate 0.000200
------------------------------------------------------------------
------------------------------------------------------------------
Epoch: 45	Time: 245.8716	Loss: 22.8340	LearningRate 0.000200
------------------------------------------------------------------
------------------------------------------------------------------
Epoch: 46	Time: 246.4614	Loss: 22.5668	LearningRate 0.000200
------------------------------------------------------------------
------------------------------------------------------------------
Epoch: 47	Time: 245.7334	Loss: 22.8718	LearningRate 0.000200
------------------------------------------------------------------
------------------------------------------------------------------
Epoch: 48	Time: 246.4886	Loss: 22.0882	LearningRate 0.000200
------------------------------------------------------------------
------------------------------------------------------------------
Epoch: 49	Time: 245.7866	Loss: 22.3459	LearningRate 0.000200
------------------------------------------------------------------
[epoch 50 PSNR: 28.4463 --- best_epoch 50 Best_PSNR 28.4463]
------------------------------------------------------------------
Epoch: 50	Time: 288.2916	Loss: 22.4132	LearningRate 0.000200
------------------------------------------------------------------
------------------------------------------------------------------
Epoch: 51	Time: 246.3729	Loss: 22.0318	LearningRate 0.000200
------------------------------------------------------------------
------------------------------------------------------------------
Epoch: 52	Time: 245.7885	Loss: 21.8703	LearningRate 0.000200
------------------------------------------------------------------
------------------------------------------------------------------
Epoch: 53	Time: 245.6233	Loss: 21.6660	LearningRate 0.000200
------------------------------------------------------------------
------------------------------------------------------------------
Epoch: 54	Time: 245.8927	Loss: 21.8926	LearningRate 0.000200
------------------------------------------------------------------
------------------------------------------------------------------
Epoch: 55	Time: 246.0544	Loss: 21.4107	LearningRate 0.000200
------------------------------------------------------------------
------------------------------------------------------------------
Epoch: 56	Time: 246.1836	Loss: 21.8873	LearningRate 0.000200
------------------------------------------------------------------
------------------------------------------------------------------
Epoch: 57	Time: 246.1920	Loss: 21.8631	LearningRate 0.000200
------------------------------------------------------------------
------------------------------------------------------------------
Epoch: 58	Time: 245.4597	Loss: 21.2759	LearningRate 0.000200
------------------------------------------------------------------
------------------------------------------------------------------
Epoch: 59	Time: 246.3070	Loss: 21.6699	LearningRate 0.000200
------------------------------------------------------------------
[epoch 60 PSNR: 28.6657 --- best_epoch 60 Best_PSNR 28.6657]
------------------------------------------------------------------
Epoch: 60	Time: 406.1192	Loss: 21.5596	LearningRate 0.000200
------------------------------------------------------------------
------------------------------------------------------------------
Epoch: 61	Time: 338.9452	Loss: 21.8358	LearningRate 0.000200
------------------------------------------------------------------
------------------------------------------------------------------
Epoch: 62	Time: 338.4668	Loss: 21.2445	LearningRate 0.000200
------------------------------------------------------------------
------------------------------------------------------------------
Epoch: 63	Time: 340.0752	Loss: 21.3449	LearningRate 0.000200
------------------------------------------------------------------
------------------------------------------------------------------
Epoch: 64	Time: 340.7715	Loss: 21.4818	LearningRate 0.000200
------------------------------------------------------------------
------------------------------------------------------------------
Epoch: 65	Time: 338.6728	Loss: 21.5861	LearningRate 0.000200
------------------------------------------------------------------
------------------------------------------------------------------
Epoch: 66	Time: 341.0688	Loss: 21.4839	LearningRate 0.000200
------------------------------------------------------------------
------------------------------------------------------------------
Epoch: 67	Time: 340.4503	Loss: 21.2733	LearningRate 0.000200
------------------------------------------------------------------
------------------------------------------------------------------
Epoch: 68	Time: 338.0463	Loss: 21.4476	LearningRate 0.000200
------------------------------------------------------------------
------------------------------------------------------------------
Epoch: 69	Time: 341.1013	Loss: 20.9485	LearningRate 0.000200
------------------------------------------------------------------
[epoch 70 PSNR: 29.2445 --- best_epoch 70 Best_PSNR 29.2445]
------------------------------------------------------------------
Epoch: 70	Time: 406.4009	Loss: 20.8456	LearningRate 0.000200
------------------------------------------------------------------
------------------------------------------------------------------
Epoch: 71	Time: 338.8179	Loss: 21.1180	LearningRate 0.000200
------------------------------------------------------------------
------------------------------------------------------------------
Epoch: 72	Time: 338.6353	Loss: 21.5227	LearningRate 0.000200
------------------------------------------------------------------
------------------------------------------------------------------
Epoch: 73	Time: 340.6051	Loss: 20.6596	LearningRate 0.000200
------------------------------------------------------------------
------------------------------------------------------------------
Epoch: 74	Time: 338.9723	Loss: 21.3309	LearningRate 0.000200
------------------------------------------------------------------
------------------------------------------------------------------
Epoch: 75	Time: 340.3157	Loss: 20.3858	LearningRate 0.000200
------------------------------------------------------------------
------------------------------------------------------------------
Epoch: 76	Time: 339.2066	Loss: 20.7021	LearningRate 0.000200
------------------------------------------------------------------
------------------------------------------------------------------
Epoch: 77	Time: 339.8012	Loss: 20.8598	LearningRate 0.000200
------------------------------------------------------------------
------------------------------------------------------------------
Epoch: 78	Time: 340.4995	Loss: 20.6661	LearningRate 0.000200
------------------------------------------------------------------
------------------------------------------------------------------
Epoch: 79	Time: 339.7684	Loss: 20.7041	LearningRate 0.000200
------------------------------------------------------------------
[epoch 80 PSNR: 29.0524 --- best_epoch 70 Best_PSNR 29.2445]
------------------------------------------------------------------
Epoch: 80	Time: 404.1618	Loss: 20.9087	LearningRate 0.000200
------------------------------------------------------------------
------------------------------------------------------------------
Epoch: 81	Time: 340.5590	Loss: 21.4158	LearningRate 0.000200
------------------------------------------------------------------
------------------------------------------------------------------
Epoch: 82	Time: 339.6798	Loss: 20.4406	LearningRate 0.000200
------------------------------------------------------------------
------------------------------------------------------------------
Epoch: 83	Time: 339.3156	Loss: 20.6991	LearningRate 0.000200
------------------------------------------------------------------
------------------------------------------------------------------
Epoch: 84	Time: 339.6994	Loss: 20.3764	LearningRate 0.000200
------------------------------------------------------------------
------------------------------------------------------------------
Epoch: 85	Time: 338.2986	Loss: 20.5809	LearningRate 0.000200
------------------------------------------------------------------
------------------------------------------------------------------
Epoch: 86	Time: 339.4281	Loss: 20.6151	LearningRate 0.000200
------------------------------------------------------------------
------------------------------------------------------------------
Epoch: 87	Time: 342.0976	Loss: 20.3482	LearningRate 0.000200
------------------------------------------------------------------
------------------------------------------------------------------
Epoch: 88	Time: 340.1116	Loss: 20.1399	LearningRate 0.000200
------------------------------------------------------------------
------------------------------------------------------------------
Epoch: 89	Time: 346.9925	Loss: 20.6130	LearningRate 0.000200
------------------------------------------------------------------
[epoch 90 PSNR: 29.2217 --- best_epoch 70 Best_PSNR 29.2445]
------------------------------------------------------------------
Epoch: 90	Time: 419.7993	Loss: 21.0644	LearningRate 0.000200
------------------------------------------------------------------
------------------------------------------------------------------
Epoch: 91	Time: 349.4066	Loss: 20.4947	LearningRate 0.000200
------------------------------------------------------------------
------------------------------------------------------------------
Epoch: 92	Time: 349.7050	Loss: 20.7580	LearningRate 0.000200
------------------------------------------------------------------
------------------------------------------------------------------
Epoch: 93	Time: 348.6511	Loss: 20.8728	LearningRate 0.000200
------------------------------------------------------------------
------------------------------------------------------------------
Epoch: 94	Time: 347.9354	Loss: 20.5820	LearningRate 0.000200
------------------------------------------------------------------
------------------------------------------------------------------
Epoch: 95	Time: 338.8387	Loss: 20.2628	LearningRate 0.000200
------------------------------------------------------------------
------------------------------------------------------------------
Epoch: 96	Time: 341.5555	Loss: 19.9397	LearningRate 0.000200
------------------------------------------------------------------
------------------------------------------------------------------
Epoch: 97	Time: 339.0235	Loss: 20.2433	LearningRate 0.000200
------------------------------------------------------------------
------------------------------------------------------------------
Epoch: 98	Time: 338.5300	Loss: 19.7811	LearningRate 0.000199
------------------------------------------------------------------
------------------------------------------------------------------
Epoch: 99	Time: 338.6206	Loss: 20.0455	LearningRate 0.000199
------------------------------------------------------------------
[epoch 100 PSNR: 29.3499 --- best_epoch 100 Best_PSNR 29.3499]
------------------------------------------------------------------
Epoch: 100	Time: 407.9032	Loss: 20.8007	LearningRate 0.000199
------------------------------------------------------------------
------------------------------------------------------------------
Epoch: 101	Time: 338.3764	Loss: 20.7450	LearningRate 0.000199
------------------------------------------------------------------
------------------------------------------------------------------
Epoch: 102	Time: 315.6078	Loss: nan	LearningRate 0.000199
------------------------------------------------------------------
------------------------------------------------------------------
Epoch: 103	Time: 305.4858	Loss: nan	LearningRate 0.000199
------------------------------------------------------------------
------------------------------------------------------------------
Epoch: 104	Time: 306.5489	Loss: nan	LearningRate 0.000199
------------------------------------------------------------------
------------------------------------------------------------------
Epoch: 105	Time: 304.6482	Loss: nan	LearningRate 0.000199
------------------------------------------------------------------
------------------------------------------------------------------
Epoch: 106	Time: 305.3991	Loss: nan	LearningRate 0.000199
------------------------------------------------------------------
------------------------------------------------------------------
Epoch: 107	Time: 305.6547	Loss: nan	LearningRate 0.000199
------------------------------------------------------------------
------------------------------------------------------------------
Epoch: 108	Time: 306.0368	Loss: nan	LearningRate 0.000199
------------------------------------------------------------------
------------------------------------------------------------------
Epoch: 109	Time: 306.3257	Loss: nan	LearningRate 0.000199
------------------------------------------------------------------
[epoch 110 PSNR: 6.4391 --- best_epoch 100 Best_PSNR 29.3499]
------------------------------------------------------------------
Epoch: 110	Time: 361.0059	Loss: nan	LearningRate 0.000199
------------------------------------------------------------------
------------------------------------------------------------------
Epoch: 111	Time: 304.1555	Loss: nan	LearningRate 0.000199
------------------------------------------------------------------
------------------------------------------------------------------
Epoch: 112	Time: 306.2959	Loss: nan	LearningRate 0.000199
------------------------------------------------------------------
------------------------------------------------------------------
Epoch: 113	Time: 306.6887	Loss: nan	LearningRate 0.000199
------------------------------------------------------------------
------------------------------------------------------------------
Epoch: 114	Time: 304.8535	Loss: nan	LearningRate 0.000199
------------------------------------------------------------------
------------------------------------------------------------------
Epoch: 115	Time: 305.3806	Loss: nan	LearningRate 0.000199
------------------------------------------------------------------
------------------------------------------------------------------
Epoch: 116	Time: 305.4421	Loss: nan	LearningRate 0.000199
------------------------------------------------------------------
------------------------------------------------------------------
Epoch: 117	Time: 302.0671	Loss: nan	LearningRate 0.000199
------------------------------------------------------------------
------------------------------------------------------------------
Epoch: 118	Time: 305.9693	Loss: nan	LearningRate 0.000199
------------------------------------------------------------------
------------------------------------------------------------------
Epoch: 119	Time: 307.5910	Loss: nan	LearningRate 0.000199
------------------------------------------------------------------
[epoch 120 PSNR: 6.4391 --- best_epoch 100 Best_PSNR 29.3499]
------------------------------------------------------------------
Epoch: 120	Time: 363.9820	Loss: nan	LearningRate 0.000199
------------------------------------------------------------------
------------------------------------------------------------------
Epoch: 121	Time: 304.1860	Loss: nan	LearningRate 0.000199
------------------------------------------------------------------
------------------------------------------------------------------
Epoch: 122	Time: 307.0105	Loss: nan	LearningRate 0.000199
------------------------------------------------------------------
------------------------------------------------------------------
Epoch: 123	Time: 306.0160	Loss: nan	LearningRate 0.000199
------------------------------------------------------------------
------------------------------------------------------------------
Epoch: 124	Time: 303.6125	Loss: nan	LearningRate 0.000199
------------------------------------------------------------------
------------------------------------------------------------------
Epoch: 125	Time: 304.7149	Loss: nan	LearningRate 0.000199
------------------------------------------------------------------
------------------------------------------------------------------
Epoch: 126	Time: 305.0768	Loss: nan	LearningRate 0.000199
------------------------------------------------------------------
------------------------------------------------------------------
Epoch: 127	Time: 303.2067	Loss: nan	LearningRate 0.000199
------------------------------------------------------------------
------------------------------------------------------------------
Epoch: 128	Time: 304.9444	Loss: nan	LearningRate 0.000199
------------------------------------------------------------------
------------------------------------------------------------------
Epoch: 129	Time: 304.4465	Loss: nan	LearningRate 0.000199
------------------------------------------------------------------
[epoch 130 PSNR: 6.4391 --- best_epoch 100 Best_PSNR 29.3499]
------------------------------------------------------------------
Epoch: 130	Time: 363.2793	Loss: nan	LearningRate 0.000199
------------------------------------------------------------------
------------------------------------------------------------------
Epoch: 131	Time: 306.3335	Loss: nan	LearningRate 0.000199
------------------------------------------------------------------
------------------------------------------------------------------
Epoch: 132	Time: 303.2929	Loss: nan	LearningRate 0.000199
------------------------------------------------------------------
------------------------------------------------------------------
Epoch: 133	Time: 304.2964	Loss: nan	LearningRate 0.000199
------------------------------------------------------------------
------------------------------------------------------------------
Epoch: 134	Time: 307.2765	Loss: nan	LearningRate 0.000199
------------------------------------------------------------------
------------------------------------------------------------------
Epoch: 135	Time: 303.7634	Loss: nan	LearningRate 0.000199
------------------------------------------------------------------
------------------------------------------------------------------
Epoch: 136	Time: 306.8575	Loss: nan	LearningRate 0.000199
------------------------------------------------------------------
------------------------------------------------------------------
Epoch: 137	Time: 305.4449	Loss: nan	LearningRate 0.000199
------------------------------------------------------------------
------------------------------------------------------------------
Epoch: 138	Time: 305.0877	Loss: nan	LearningRate 0.000199
------------------------------------------------------------------
------------------------------------------------------------------
Epoch: 139	Time: 304.3358	Loss: nan	LearningRate 0.000199
------------------------------------------------------------------
[epoch 140 PSNR: 6.4391 --- best_epoch 100 Best_PSNR 29.3499]
------------------------------------------------------------------
Epoch: 140	Time: 367.5560	Loss: nan	LearningRate 0.000199
------------------------------------------------------------------
------------------------------------------------------------------
Epoch: 141	Time: 304.1105	Loss: nan	LearningRate 0.000199
------------------------------------------------------------------
------------------------------------------------------------------
Epoch: 142	Time: 304.7186	Loss: nan	LearningRate 0.000199
------------------------------------------------------------------
------------------------------------------------------------------
Epoch: 143	Time: 304.4010	Loss: nan	LearningRate 0.000199
------------------------------------------------------------------
------------------------------------------------------------------
Epoch: 144	Time: 305.2720	Loss: nan	LearningRate 0.000199
------------------------------------------------------------------
------------------------------------------------------------------
Epoch: 145	Time: 304.0343	Loss: nan	LearningRate 0.000199
------------------------------------------------------------------
------------------------------------------------------------------
Epoch: 146	Time: 304.2258	Loss: nan	LearningRate 0.000199
------------------------------------------------------------------
------------------------------------------------------------------
Epoch: 147	Time: 305.0511	Loss: nan	LearningRate 0.000199
------------------------------------------------------------------
------------------------------------------------------------------
Epoch: 148	Time: 302.3327	Loss: nan	LearningRate 0.000199
------------------------------------------------------------------
------------------------------------------------------------------
Epoch: 149	Time: 302.7911	Loss: nan	LearningRate 0.000199
------------------------------------------------------------------
[epoch 150 PSNR: 6.4391 --- best_epoch 100 Best_PSNR 29.3499]
------------------------------------------------------------------
Epoch: 150	Time: 363.4215	Loss: nan	LearningRate 0.000199
------------------------------------------------------------------
------------------------------------------------------------------
Epoch: 151	Time: 304.4866	Loss: nan	LearningRate 0.000199
------------------------------------------------------------------
------------------------------------------------------------------
Epoch: 152	Time: 303.6271	Loss: nan	LearningRate 0.000199
------------------------------------------------------------------
------------------------------------------------------------------
Epoch: 153	Time: 303.7077	Loss: nan	LearningRate 0.000199
------------------------------------------------------------------
------------------------------------------------------------------
Epoch: 154	Time: 305.8983	Loss: nan	LearningRate 0.000199
------------------------------------------------------------------
------------------------------------------------------------------
Epoch: 155	Time: 304.4579	Loss: nan	LearningRate 0.000199
------------------------------------------------------------------
------------------------------------------------------------------
Epoch: 156	Time: 305.4277	Loss: nan	LearningRate 0.000199
------------------------------------------------------------------
------------------------------------------------------------------
Epoch: 157	Time: 305.4122	Loss: nan	LearningRate 0.000199
------------------------------------------------------------------
------------------------------------------------------------------
Epoch: 158	Time: 306.7388	Loss: nan	LearningRate 0.000199
------------------------------------------------------------------
------------------------------------------------------------------
Epoch: 159	Time: 304.8841	Loss: nan	LearningRate 0.000199
------------------------------------------------------------------
[epoch 160 PSNR: 6.4391 --- best_epoch 100 Best_PSNR 29.3499]
------------------------------------------------------------------
Epoch: 160	Time: 368.8547	Loss: nan	LearningRate 0.000199
------------------------------------------------------------------
------------------------------------------------------------------
Epoch: 161	Time: 304.2325	Loss: nan	LearningRate 0.000199
------------------------------------------------------------------
------------------------------------------------------------------
Epoch: 162	Time: 306.5573	Loss: nan	LearningRate 0.000199
------------------------------------------------------------------
------------------------------------------------------------------
Epoch: 163	Time: 306.6988	Loss: nan	LearningRate 0.000199
------------------------------------------------------------------
------------------------------------------------------------------
Epoch: 164	Time: 304.6866	Loss: nan	LearningRate 0.000199
------------------------------------------------------------------
------------------------------------------------------------------
Epoch: 165	Time: 305.9023	Loss: nan	LearningRate 0.000199
------------------------------------------------------------------
------------------------------------------------------------------
Epoch: 166	Time: 304.8672	Loss: nan	LearningRate 0.000199
------------------------------------------------------------------
------------------------------------------------------------------
Epoch: 167	Time: 304.5095	Loss: nan	LearningRate 0.000199
------------------------------------------------------------------
------------------------------------------------------------------
Epoch: 168	Time: 306.2825	Loss: nan	LearningRate 0.000198
------------------------------------------------------------------
------------------------------------------------------------------
Epoch: 169	Time: 306.0684	Loss: nan	LearningRate 0.000198
------------------------------------------------------------------
[epoch 170 PSNR: 6.4391 --- best_epoch 100 Best_PSNR 29.3499]
------------------------------------------------------------------
Epoch: 170	Time: 368.2433	Loss: nan	LearningRate 0.000198
------------------------------------------------------------------
------------------------------------------------------------------
Epoch: 171	Time: 305.4248	Loss: nan	LearningRate 0.000198
------------------------------------------------------------------
------------------------------------------------------------------
Epoch: 172	Time: 306.3227	Loss: nan	LearningRate 0.000198
------------------------------------------------------------------
------------------------------------------------------------------
Epoch: 173	Time: 304.1165	Loss: nan	LearningRate 0.000198
------------------------------------------------------------------
------------------------------------------------------------------
Epoch: 174	Time: 302.5390	Loss: nan	LearningRate 0.000198
------------------------------------------------------------------
------------------------------------------------------------------
Epoch: 175	Time: 304.2826	Loss: nan	LearningRate 0.000198
------------------------------------------------------------------
------------------------------------------------------------------
Epoch: 176	Time: 304.5994	Loss: nan	LearningRate 0.000198
------------------------------------------------------------------
------------------------------------------------------------------
Epoch: 177	Time: 303.1426	Loss: nan	LearningRate 0.000198
------------------------------------------------------------------
------------------------------------------------------------------
Epoch: 178	Time: 302.6660	Loss: nan	LearningRate 0.000198
------------------------------------------------------------------
------------------------------------------------------------------
Epoch: 179	Time: 304.9284	Loss: nan	LearningRate 0.000198
------------------------------------------------------------------
[epoch 180 PSNR: 6.4391 --- best_epoch 100 Best_PSNR 29.3499]
------------------------------------------------------------------
Epoch: 180	Time: 364.4215	Loss: nan	LearningRate 0.000198
------------------------------------------------------------------
------------------------------------------------------------------
Epoch: 181	Time: 306.9157	Loss: nan	LearningRate 0.000198
------------------------------------------------------------------
------------------------------------------------------------------
Epoch: 182	Time: 304.6085	Loss: nan	LearningRate 0.000198
------------------------------------------------------------------
------------------------------------------------------------------
Epoch: 183	Time: 308.5509	Loss: nan	LearningRate 0.000198
------------------------------------------------------------------
------------------------------------------------------------------
Epoch: 184	Time: 304.5956	Loss: nan	LearningRate 0.000198
------------------------------------------------------------------
------------------------------------------------------------------
Epoch: 185	Time: 304.4297	Loss: nan	LearningRate 0.000198
------------------------------------------------------------------
------------------------------------------------------------------
Epoch: 186	Time: 302.6516	Loss: nan	LearningRate 0.000198
------------------------------------------------------------------
------------------------------------------------------------------
Epoch: 187	Time: 303.2367	Loss: nan	LearningRate 0.000198
------------------------------------------------------------------
------------------------------------------------------------------
Epoch: 188	Time: 303.6005	Loss: nan	LearningRate 0.000198
------------------------------------------------------------------
------------------------------------------------------------------
Epoch: 189	Time: 304.4986	Loss: nan	LearningRate 0.000198
------------------------------------------------------------------
[epoch 190 PSNR: 6.4391 --- best_epoch 100 Best_PSNR 29.3499]
------------------------------------------------------------------
Epoch: 190	Time: 361.1738	Loss: nan	LearningRate 0.000198
------------------------------------------------------------------
------------------------------------------------------------------
Epoch: 191	Time: 302.7754	Loss: nan	LearningRate 0.000198
------------------------------------------------------------------
------------------------------------------------------------------
Epoch: 192	Time: 304.3694	Loss: nan	LearningRate 0.000198
------------------------------------------------------------------
------------------------------------------------------------------
Epoch: 193	Time: 305.2652	Loss: nan	LearningRate 0.000198
------------------------------------------------------------------
------------------------------------------------------------------
Epoch: 194	Time: 305.3700	Loss: nan	LearningRate 0.000198
------------------------------------------------------------------
------------------------------------------------------------------
Epoch: 195	Time: 303.1207	Loss: nan	LearningRate 0.000198
------------------------------------------------------------------
------------------------------------------------------------------
Epoch: 196	Time: 307.0706	Loss: nan	LearningRate 0.000198
------------------------------------------------------------------
------------------------------------------------------------------
Epoch: 197	Time: 305.8444	Loss: nan	LearningRate 0.000198
------------------------------------------------------------------
------------------------------------------------------------------
Epoch: 198	Time: 304.4410	Loss: nan	LearningRate 0.000198
------------------------------------------------------------------
------------------------------------------------------------------
Epoch: 199	Time: 305.5444	Loss: nan	LearningRate 0.000198
------------------------------------------------------------------
[epoch 200 PSNR: 6.4391 --- best_epoch 100 Best_PSNR 29.3499]
------------------------------------------------------------------
Epoch: 200	Time: 367.9883	Loss: nan	LearningRate 0.000198
------------------------------------------------------------------
------------------------------------------------------------------
Epoch: 201	Time: 303.2843	Loss: nan	LearningRate 0.000198
------------------------------------------------------------------
------------------------------------------------------------------
Epoch: 202	Time: 305.6777	Loss: nan	LearningRate 0.000198
------------------------------------------------------------------
------------------------------------------------------------------
Epoch: 203	Time: 302.9721	Loss: nan	LearningRate 0.000198
------------------------------------------------------------------
------------------------------------------------------------------
Epoch: 204	Time: 303.5332	Loss: nan	LearningRate 0.000198
------------------------------------------------------------------
------------------------------------------------------------------
Epoch: 205	Time: 304.7986	Loss: nan	LearningRate 0.000198
------------------------------------------------------------------
------------------------------------------------------------------
Epoch: 206	Time: 304.2690	Loss: nan	LearningRate 0.000198
------------------------------------------------------------------
------------------------------------------------------------------
Epoch: 207	Time: 303.8616	Loss: nan	LearningRate 0.000198
------------------------------------------------------------------
------------------------------------------------------------------
Epoch: 208	Time: 304.7552	Loss: nan	LearningRate 0.000198
------------------------------------------------------------------
------------------------------------------------------------------
Epoch: 209	Time: 306.4907	Loss: nan	LearningRate 0.000198
------------------------------------------------------------------
[epoch 210 PSNR: 6.4391 --- best_epoch 100 Best_PSNR 29.3499]
------------------------------------------------------------------
Epoch: 210	Time: 363.7957	Loss: nan	LearningRate 0.000198
------------------------------------------------------------------
------------------------------------------------------------------
Epoch: 211	Time: 303.9389	Loss: nan	LearningRate 0.000198
------------------------------------------------------------------
------------------------------------------------------------------
Epoch: 212	Time: 305.9279	Loss: nan	LearningRate 0.000198
------------------------------------------------------------------
------------------------------------------------------------------
Epoch: 213	Time: 307.2228	Loss: nan	LearningRate 0.000198
------------------------------------------------------------------
------------------------------------------------------------------
Epoch: 214	Time: 303.4982	Loss: nan	LearningRate 0.000198
------------------------------------------------------------------
------------------------------------------------------------------
Epoch: 215	Time: 304.8579	Loss: nan	LearningRate 0.000198
------------------------------------------------------------------
------------------------------------------------------------------
Epoch: 216	Time: 305.3670	Loss: nan	LearningRate 0.000198
------------------------------------------------------------------
------------------------------------------------------------------
Epoch: 217	Time: 306.1621	Loss: nan	LearningRate 0.000197
------------------------------------------------------------------
------------------------------------------------------------------
Epoch: 218	Time: 304.4045	Loss: nan	LearningRate 0.000197
------------------------------------------------------------------
------------------------------------------------------------------
Epoch: 219	Time: 303.5610	Loss: nan	LearningRate 0.000197
------------------------------------------------------------------
[epoch 220 PSNR: 6.4391 --- best_epoch 100 Best_PSNR 29.3499]
------------------------------------------------------------------
Epoch: 220	Time: 362.9206	Loss: nan	LearningRate 0.000197
------------------------------------------------------------------
------------------------------------------------------------------
Epoch: 221	Time: 305.4159	Loss: nan	LearningRate 0.000197
------------------------------------------------------------------
------------------------------------------------------------------
Epoch: 222	Time: 304.2727	Loss: nan	LearningRate 0.000197
------------------------------------------------------------------
------------------------------------------------------------------
Epoch: 223	Time: 306.2708	Loss: nan	LearningRate 0.000197
------------------------------------------------------------------
------------------------------------------------------------------
Epoch: 224	Time: 305.2259	Loss: nan	LearningRate 0.000197
------------------------------------------------------------------
------------------------------------------------------------------
Epoch: 225	Time: 302.7008	Loss: nan	LearningRate 0.000197
------------------------------------------------------------------
------------------------------------------------------------------
Epoch: 226	Time: 306.8962	Loss: nan	LearningRate 0.000197
------------------------------------------------------------------
------------------------------------------------------------------
Epoch: 227	Time: 304.7520	Loss: nan	LearningRate 0.000197
------------------------------------------------------------------
------------------------------------------------------------------
Epoch: 228	Time: 303.8494	Loss: nan	LearningRate 0.000197
------------------------------------------------------------------
------------------------------------------------------------------
Epoch: 229	Time: 304.4993	Loss: nan	LearningRate 0.000197
------------------------------------------------------------------
[epoch 230 PSNR: 6.4391 --- best_epoch 100 Best_PSNR 29.3499]
------------------------------------------------------------------
Epoch: 230	Time: 361.6244	Loss: nan	LearningRate 0.000197
------------------------------------------------------------------
------------------------------------------------------------------
Epoch: 231	Time: 304.2275	Loss: nan	LearningRate 0.000197
------------------------------------------------------------------
------------------------------------------------------------------
Epoch: 232	Time: 303.9077	Loss: nan	LearningRate 0.000197
------------------------------------------------------------------
------------------------------------------------------------------
Epoch: 233	Time: 301.4579	Loss: nan	LearningRate 0.000197
------------------------------------------------------------------
------------------------------------------------------------------
Epoch: 234	Time: 301.6068	Loss: nan	LearningRate 0.000197
------------------------------------------------------------------
------------------------------------------------------------------
Epoch: 235	Time: 303.9045	Loss: nan	LearningRate 0.000197
------------------------------------------------------------------
------------------------------------------------------------------
Epoch: 236	Time: 304.2244	Loss: nan	LearningRate 0.000197
------------------------------------------------------------------
------------------------------------------------------------------
Epoch: 237	Time: 304.4184	Loss: nan	LearningRate 0.000197
------------------------------------------------------------------
------------------------------------------------------------------
Epoch: 238	Time: 304.2220	Loss: nan	LearningRate 0.000197
------------------------------------------------------------------
------------------------------------------------------------------
Epoch: 239	Time: 302.0726	Loss: nan	LearningRate 0.000197
------------------------------------------------------------------
[epoch 240 PSNR: 6.4391 --- best_epoch 100 Best_PSNR 29.3499]
------------------------------------------------------------------
Epoch: 240	Time: 368.6984	Loss: nan	LearningRate 0.000197
------------------------------------------------------------------
------------------------------------------------------------------
Epoch: 241	Time: 304.6056	Loss: nan	LearningRate 0.000197
------------------------------------------------------------------
------------------------------------------------------------------
Epoch: 242	Time: 303.9295	Loss: nan	LearningRate 0.000197
------------------------------------------------------------------
------------------------------------------------------------------
Epoch: 243	Time: 303.9268	Loss: nan	LearningRate 0.000197
------------------------------------------------------------------
------------------------------------------------------------------
Epoch: 244	Time: 306.5504	Loss: nan	LearningRate 0.000197
------------------------------------------------------------------
------------------------------------------------------------------
Epoch: 245	Time: 304.8145	Loss: nan	LearningRate 0.000197
------------------------------------------------------------------
------------------------------------------------------------------
Epoch: 246	Time: 306.9853	Loss: nan	LearningRate 0.000197
------------------------------------------------------------------
------------------------------------------------------------------
Epoch: 247	Time: 305.1900	Loss: nan	LearningRate 0.000197
------------------------------------------------------------------
------------------------------------------------------------------
Epoch: 248	Time: 304.5087	Loss: nan	LearningRate 0.000197
------------------------------------------------------------------
------------------------------------------------------------------
Epoch: 249	Time: 304.1934	Loss: nan	LearningRate 0.000197
------------------------------------------------------------------
[epoch 250 PSNR: 6.4391 --- best_epoch 100 Best_PSNR 29.3499]
------------------------------------------------------------------
Epoch: 250	Time: 361.0821	Loss: nan	LearningRate 0.000197
------------------------------------------------------------------
------------------------------------------------------------------
Epoch: 251	Time: 304.1948	Loss: nan	LearningRate 0.000197
------------------------------------------------------------------
------------------------------------------------------------------
Epoch: 252	Time: 305.1202	Loss: nan	LearningRate 0.000197
------------------------------------------------------------------
------------------------------------------------------------------
Epoch: 253	Time: 303.9909	Loss: nan	LearningRate 0.000197
------------------------------------------------------------------
------------------------------------------------------------------
Epoch: 254	Time: 304.9608	Loss: nan	LearningRate 0.000197
------------------------------------------------------------------
------------------------------------------------------------------
Epoch: 255	Time: 306.1172	Loss: nan	LearningRate 0.000197
------------------------------------------------------------------
------------------------------------------------------------------
Epoch: 256	Time: 304.5490	Loss: nan	LearningRate 0.000196
------------------------------------------------------------------
------------------------------------------------------------------
Epoch: 257	Time: 306.6604	Loss: nan	LearningRate 0.000196
------------------------------------------------------------------
------------------------------------------------------------------
Epoch: 258	Time: 304.2573	Loss: nan	LearningRate 0.000196
------------------------------------------------------------------
------------------------------------------------------------------
Epoch: 259	Time: 304.5933	Loss: nan	LearningRate 0.000196
------------------------------------------------------------------
[epoch 260 PSNR: 6.4391 --- best_epoch 100 Best_PSNR 29.3499]
------------------------------------------------------------------
Epoch: 260	Time: 366.9595	Loss: nan	LearningRate 0.000196
------------------------------------------------------------------
------------------------------------------------------------------
Epoch: 261	Time: 303.5787	Loss: nan	LearningRate 0.000196
------------------------------------------------------------------
------------------------------------------------------------------
Epoch: 262	Time: 303.1733	Loss: nan	LearningRate 0.000196
------------------------------------------------------------------
------------------------------------------------------------------
Epoch: 263	Time: 306.2254	Loss: nan	LearningRate 0.000196
------------------------------------------------------------------
------------------------------------------------------------------
Epoch: 264	Time: 303.6693	Loss: nan	LearningRate 0.000196
------------------------------------------------------------------
------------------------------------------------------------------
Epoch: 265	Time: 305.8618	Loss: nan	LearningRate 0.000196
------------------------------------------------------------------
------------------------------------------------------------------
Epoch: 266	Time: 305.9078	Loss: nan	LearningRate 0.000196
------------------------------------------------------------------
------------------------------------------------------------------
Epoch: 267	Time: 303.8332	Loss: nan	LearningRate 0.000196
------------------------------------------------------------------
------------------------------------------------------------------
Epoch: 268	Time: 304.2622	Loss: nan	LearningRate 0.000196
------------------------------------------------------------------
------------------------------------------------------------------
Epoch: 269	Time: 303.5117	Loss: nan	LearningRate 0.000196
------------------------------------------------------------------
[epoch 270 PSNR: 6.4391 --- best_epoch 100 Best_PSNR 29.3499]
------------------------------------------------------------------
Epoch: 270	Time: 364.3222	Loss: nan	LearningRate 0.000196
------------------------------------------------------------------
------------------------------------------------------------------
Epoch: 271	Time: 306.8141	Loss: nan	LearningRate 0.000196
------------------------------------------------------------------
------------------------------------------------------------------
Epoch: 272	Time: 303.2975	Loss: nan	LearningRate 0.000196
------------------------------------------------------------------
------------------------------------------------------------------
Epoch: 273	Time: 304.5725	Loss: nan	LearningRate 0.000196
------------------------------------------------------------------
------------------------------------------------------------------
Epoch: 274	Time: 306.5272	Loss: nan	LearningRate 0.000196
------------------------------------------------------------------
------------------------------------------------------------------
Epoch: 275	Time: 303.4278	Loss: nan	LearningRate 0.000196
------------------------------------------------------------------
------------------------------------------------------------------
Epoch: 276	Time: 305.1098	Loss: nan	LearningRate 0.000196
------------------------------------------------------------------
------------------------------------------------------------------
Epoch: 277	Time: 304.6571	Loss: nan	LearningRate 0.000196
------------------------------------------------------------------
------------------------------------------------------------------
Epoch: 278	Time: 305.6441	Loss: nan	LearningRate 0.000196
------------------------------------------------------------------
------------------------------------------------------------------
Epoch: 279	Time: 302.2676	Loss: nan	LearningRate 0.000196
------------------------------------------------------------------
[epoch 280 PSNR: 6.4391 --- best_epoch 100 Best_PSNR 29.3499]
------------------------------------------------------------------
Epoch: 280	Time: 362.5371	Loss: nan	LearningRate 0.000196
------------------------------------------------------------------
------------------------------------------------------------------
Epoch: 281	Time: 304.1323	Loss: nan	LearningRate 0.000196
------------------------------------------------------------------
------------------------------------------------------------------
Epoch: 282	Time: 302.7964	Loss: nan	LearningRate 0.000196
------------------------------------------------------------------
------------------------------------------------------------------
Epoch: 283	Time: 304.8100	Loss: nan	LearningRate 0.000196
------------------------------------------------------------------
------------------------------------------------------------------
Epoch: 284	Time: 302.0351	Loss: nan	LearningRate 0.000196
------------------------------------------------------------------
------------------------------------------------------------------
Epoch: 285	Time: 304.0130	Loss: nan	LearningRate 0.000196
------------------------------------------------------------------
------------------------------------------------------------------
Epoch: 286	Time: 303.2202	Loss: nan	LearningRate 0.000196
------------------------------------------------------------------
------------------------------------------------------------------
Epoch: 287	Time: 304.8052	Loss: nan	LearningRate 0.000196
------------------------------------------------------------------
------------------------------------------------------------------
Epoch: 288	Time: 304.7845	Loss: nan	LearningRate 0.000196
------------------------------------------------------------------
------------------------------------------------------------------
Epoch: 289	Time: 302.0566	Loss: nan	LearningRate 0.000196
------------------------------------------------------------------
[epoch 290 PSNR: 6.4391 --- best_epoch 100 Best_PSNR 29.3499]
------------------------------------------------------------------
Epoch: 290	Time: 363.6646	Loss: nan	LearningRate 0.000196
------------------------------------------------------------------
------------------------------------------------------------------
Epoch: 291	Time: 306.2442	Loss: nan	LearningRate 0.000195
------------------------------------------------------------------
------------------------------------------------------------------
Epoch: 292	Time: 305.0127	Loss: nan	LearningRate 0.000195
------------------------------------------------------------------
------------------------------------------------------------------
Epoch: 293	Time: 306.7934	Loss: nan	LearningRate 0.000195
------------------------------------------------------------------
------------------------------------------------------------------
Epoch: 294	Time: 304.5588	Loss: nan	LearningRate 0.000195
------------------------------------------------------------------
------------------------------------------------------------------
Epoch: 295	Time: 307.5281	Loss: nan	LearningRate 0.000195
------------------------------------------------------------------
------------------------------------------------------------------
Epoch: 296	Time: 302.5890	Loss: nan	LearningRate 0.000195
------------------------------------------------------------------
------------------------------------------------------------------
Epoch: 297	Time: 305.3626	Loss: nan	LearningRate 0.000195
------------------------------------------------------------------
------------------------------------------------------------------
Epoch: 298	Time: 303.8445	Loss: nan	LearningRate 0.000195
------------------------------------------------------------------
------------------------------------------------------------------
Epoch: 299	Time: 308.1402	Loss: nan	LearningRate 0.000195
------------------------------------------------------------------
[epoch 300 PSNR: 6.4391 --- best_epoch 100 Best_PSNR 29.3499]
------------------------------------------------------------------
Epoch: 300	Time: 371.1948	Loss: nan	LearningRate 0.000195
------------------------------------------------------------------
------------------------------------------------------------------
Epoch: 301	Time: 302.5789	Loss: nan	LearningRate 0.000195
------------------------------------------------------------------
------------------------------------------------------------------
Epoch: 302	Time: 304.2605	Loss: nan	LearningRate 0.000195
------------------------------------------------------------------
------------------------------------------------------------------
Epoch: 303	Time: 304.9355	Loss: nan	LearningRate 0.000195
------------------------------------------------------------------
------------------------------------------------------------------
Epoch: 304	Time: 303.1991	Loss: nan	LearningRate 0.000195
------------------------------------------------------------------
------------------------------------------------------------------
Epoch: 305	Time: 304.3287	Loss: nan	LearningRate 0.000195
------------------------------------------------------------------
------------------------------------------------------------------
Epoch: 306	Time: 306.1150	Loss: nan	LearningRate 0.000195
------------------------------------------------------------------
------------------------------------------------------------------
Epoch: 307	Time: 303.6862	Loss: nan	LearningRate 0.000195
------------------------------------------------------------------
------------------------------------------------------------------
Epoch: 308	Time: 304.3655	Loss: nan	LearningRate 0.000195
------------------------------------------------------------------
------------------------------------------------------------------
Epoch: 309	Time: 304.4757	Loss: nan	LearningRate 0.000195
------------------------------------------------------------------
[epoch 310 PSNR: 6.4391 --- best_epoch 100 Best_PSNR 29.3499]
------------------------------------------------------------------
Epoch: 310	Time: 368.0813	Loss: nan	LearningRate 0.000195
------------------------------------------------------------------
------------------------------------------------------------------
Epoch: 311	Time: 305.1741	Loss: nan	LearningRate 0.000195
------------------------------------------------------------------
------------------------------------------------------------------
Epoch: 312	Time: 305.7219	Loss: nan	LearningRate 0.000195
------------------------------------------------------------------
------------------------------------------------------------------
Epoch: 313	Time: 303.0308	Loss: nan	LearningRate 0.000195
------------------------------------------------------------------
------------------------------------------------------------------
Epoch: 314	Time: 305.4657	Loss: nan	LearningRate 0.000195
------------------------------------------------------------------
------------------------------------------------------------------
Epoch: 315	Time: 303.3963	Loss: nan	LearningRate 0.000195
------------------------------------------------------------------
------------------------------------------------------------------
Epoch: 316	Time: 304.1886	Loss: nan	LearningRate 0.000195
------------------------------------------------------------------
------------------------------------------------------------------
Epoch: 317	Time: 305.5404	Loss: nan	LearningRate 0.000195
------------------------------------------------------------------
------------------------------------------------------------------
Epoch: 318	Time: 306.3677	Loss: nan	LearningRate 0.000195
------------------------------------------------------------------
------------------------------------------------------------------
Epoch: 319	Time: 308.8383	Loss: nan	LearningRate 0.000195
------------------------------------------------------------------
[epoch 320 PSNR: 6.4391 --- best_epoch 100 Best_PSNR 29.3499]
------------------------------------------------------------------
Epoch: 320	Time: 363.7508	Loss: nan	LearningRate 0.000195
------------------------------------------------------------------
------------------------------------------------------------------
Epoch: 321	Time: 305.4183	Loss: nan	LearningRate 0.000194
------------------------------------------------------------------
------------------------------------------------------------------
Epoch: 322	Time: 305.4316	Loss: nan	LearningRate 0.000194
------------------------------------------------------------------
------------------------------------------------------------------
Epoch: 323	Time: 304.9457	Loss: nan	LearningRate 0.000194
------------------------------------------------------------------
------------------------------------------------------------------
Epoch: 324	Time: 302.3334	Loss: nan	LearningRate 0.000194
------------------------------------------------------------------
------------------------------------------------------------------
Epoch: 325	Time: 304.7261	Loss: nan	LearningRate 0.000194
------------------------------------------------------------------
------------------------------------------------------------------
Epoch: 326	Time: 303.2996	Loss: nan	LearningRate 0.000194
------------------------------------------------------------------
------------------------------------------------------------------
Epoch: 327	Time: 302.9520	Loss: nan	LearningRate 0.000194
------------------------------------------------------------------
------------------------------------------------------------------
Epoch: 328	Time: 303.9026	Loss: nan	LearningRate 0.000194
------------------------------------------------------------------
------------------------------------------------------------------
Epoch: 329	Time: 306.9951	Loss: nan	LearningRate 0.000194
------------------------------------------------------------------
[epoch 330 PSNR: 6.4391 --- best_epoch 100 Best_PSNR 29.3499]
------------------------------------------------------------------
Epoch: 330	Time: 366.6390	Loss: nan	LearningRate 0.000194
------------------------------------------------------------------
------------------------------------------------------------------
Epoch: 331	Time: 304.9984	Loss: nan	LearningRate 0.000194
------------------------------------------------------------------
------------------------------------------------------------------
Epoch: 332	Time: 305.3482	Loss: nan	LearningRate 0.000194
------------------------------------------------------------------
------------------------------------------------------------------
Epoch: 333	Time: 304.3975	Loss: nan	LearningRate 0.000194
------------------------------------------------------------------
------------------------------------------------------------------
Epoch: 334	Time: 303.9670	Loss: nan	LearningRate 0.000194
------------------------------------------------------------------
------------------------------------------------------------------
Epoch: 335	Time: 303.3279	Loss: nan	LearningRate 0.000194
------------------------------------------------------------------
------------------------------------------------------------------
Epoch: 336	Time: 303.8742	Loss: nan	LearningRate 0.000194
------------------------------------------------------------------
------------------------------------------------------------------
Epoch: 337	Time: 305.7716	Loss: nan	LearningRate 0.000194
------------------------------------------------------------------
------------------------------------------------------------------
Epoch: 338	Time: 303.1506	Loss: nan	LearningRate 0.000194
------------------------------------------------------------------
------------------------------------------------------------------
Epoch: 339	Time: 306.5387	Loss: nan	LearningRate 0.000194
------------------------------------------------------------------
[epoch 340 PSNR: 6.4391 --- best_epoch 100 Best_PSNR 29.3499]
------------------------------------------------------------------
Epoch: 340	Time: 365.3911	Loss: nan	LearningRate 0.000194
------------------------------------------------------------------
------------------------------------------------------------------
Epoch: 341	Time: 304.3245	Loss: nan	LearningRate 0.000194
------------------------------------------------------------------
------------------------------------------------------------------
Epoch: 342	Time: 306.8475	Loss: nan	LearningRate 0.000194
------------------------------------------------------------------
------------------------------------------------------------------
Epoch: 343	Time: 302.8118	Loss: nan	LearningRate 0.000194
------------------------------------------------------------------
------------------------------------------------------------------
Epoch: 344	Time: 305.9760	Loss: nan	LearningRate 0.000194
------------------------------------------------------------------
------------------------------------------------------------------
Epoch: 345	Time: 302.4492	Loss: nan	LearningRate 0.000194
------------------------------------------------------------------
------------------------------------------------------------------
Epoch: 346	Time: 305.5971	Loss: nan	LearningRate 0.000194
------------------------------------------------------------------
------------------------------------------------------------------
Epoch: 347	Time: 304.9408	Loss: nan	LearningRate 0.000194
------------------------------------------------------------------
------------------------------------------------------------------
Epoch: 348	Time: 304.2247	Loss: nan	LearningRate 0.000194
------------------------------------------------------------------
------------------------------------------------------------------
Epoch: 349	Time: 306.0358	Loss: nan	LearningRate 0.000193
------------------------------------------------------------------
[epoch 350 PSNR: 6.4391 --- best_epoch 100 Best_PSNR 29.3499]
------------------------------------------------------------------
Epoch: 350	Time: 367.5075	Loss: nan	LearningRate 0.000193
------------------------------------------------------------------
------------------------------------------------------------------
Epoch: 351	Time: 304.0290	Loss: nan	LearningRate 0.000193
------------------------------------------------------------------
------------------------------------------------------------------
Epoch: 352	Time: 306.9458	Loss: nan	LearningRate 0.000193
------------------------------------------------------------------
------------------------------------------------------------------
Epoch: 353	Time: 306.9463	Loss: nan	LearningRate 0.000193
------------------------------------------------------------------
------------------------------------------------------------------
Epoch: 354	Time: 304.8849	Loss: nan	LearningRate 0.000193
------------------------------------------------------------------
------------------------------------------------------------------
Epoch: 355	Time: 307.2585	Loss: nan	LearningRate 0.000193
------------------------------------------------------------------
------------------------------------------------------------------
Epoch: 356	Time: 307.7783	Loss: nan	LearningRate 0.000193
------------------------------------------------------------------
------------------------------------------------------------------
Epoch: 357	Time: 306.4728	Loss: nan	LearningRate 0.000193
------------------------------------------------------------------
------------------------------------------------------------------
Epoch: 358	Time: 304.7103	Loss: nan	LearningRate 0.000193
------------------------------------------------------------------
------------------------------------------------------------------
Epoch: 359	Time: 305.6120	Loss: nan	LearningRate 0.000193
------------------------------------------------------------------
[epoch 360 PSNR: 6.4391 --- best_epoch 100 Best_PSNR 29.3499]
------------------------------------------------------------------
Epoch: 360	Time: 369.0082	Loss: nan	LearningRate 0.000193
------------------------------------------------------------------
------------------------------------------------------------------
Epoch: 361	Time: 306.4009	Loss: nan	LearningRate 0.000193
------------------------------------------------------------------
------------------------------------------------------------------
Epoch: 362	Time: 306.0427	Loss: nan	LearningRate 0.000193
------------------------------------------------------------------
------------------------------------------------------------------
Epoch: 363	Time: 305.6473	Loss: nan	LearningRate 0.000193
------------------------------------------------------------------
------------------------------------------------------------------
Epoch: 364	Time: 307.1131	Loss: nan	LearningRate 0.000193
------------------------------------------------------------------
------------------------------------------------------------------
Epoch: 365	Time: 304.8701	Loss: nan	LearningRate 0.000193
------------------------------------------------------------------
------------------------------------------------------------------
Epoch: 366	Time: 306.8634	Loss: nan	LearningRate 0.000193
------------------------------------------------------------------
------------------------------------------------------------------
Epoch: 367	Time: 305.4177	Loss: nan	LearningRate 0.000193
------------------------------------------------------------------
------------------------------------------------------------------
Epoch: 368	Time: 304.1280	Loss: nan	LearningRate 0.000193
------------------------------------------------------------------
------------------------------------------------------------------
Epoch: 369	Time: 303.3045	Loss: nan	LearningRate 0.000193
------------------------------------------------------------------
[epoch 370 PSNR: 6.4391 --- best_epoch 100 Best_PSNR 29.3499]
------------------------------------------------------------------
Epoch: 370	Time: 367.8018	Loss: nan	LearningRate 0.000193
------------------------------------------------------------------
------------------------------------------------------------------
Epoch: 371	Time: 303.3534	Loss: nan	LearningRate 0.000193
------------------------------------------------------------------
------------------------------------------------------------------
Epoch: 372	Time: 306.0130	Loss: nan	LearningRate 0.000193
------------------------------------------------------------------
------------------------------------------------------------------
Epoch: 373	Time: 303.2251	Loss: nan	LearningRate 0.000193
------------------------------------------------------------------
------------------------------------------------------------------
Epoch: 374	Time: 304.0484	Loss: nan	LearningRate 0.000193
------------------------------------------------------------------
------------------------------------------------------------------
Epoch: 375	Time: 305.6056	Loss: nan	LearningRate 0.000192
------------------------------------------------------------------
------------------------------------------------------------------
Epoch: 376	Time: 307.8753	Loss: nan	LearningRate 0.000192
------------------------------------------------------------------
------------------------------------------------------------------
Epoch: 377	Time: 306.2985	Loss: nan	LearningRate 0.000192
------------------------------------------------------------------
------------------------------------------------------------------
Epoch: 378	Time: 307.3344	Loss: nan	LearningRate 0.000192
------------------------------------------------------------------
------------------------------------------------------------------
Epoch: 379	Time: 305.6408	Loss: nan	LearningRate 0.000192
------------------------------------------------------------------
[epoch 380 PSNR: 6.4391 --- best_epoch 100 Best_PSNR 29.3499]
------------------------------------------------------------------
Epoch: 380	Time: 365.6622	Loss: nan	LearningRate 0.000192
------------------------------------------------------------------
------------------------------------------------------------------
Epoch: 381	Time: 304.6974	Loss: nan	LearningRate 0.000192
------------------------------------------------------------------
------------------------------------------------------------------
Epoch: 382	Time: 306.9017	Loss: nan	LearningRate 0.000192
------------------------------------------------------------------
------------------------------------------------------------------
Epoch: 383	Time: 306.6589	Loss: nan	LearningRate 0.000192
------------------------------------------------------------------
------------------------------------------------------------------
Epoch: 384	Time: 305.2903	Loss: nan	LearningRate 0.000192
------------------------------------------------------------------
------------------------------------------------------------------
Epoch: 385	Time: 308.2916	Loss: nan	LearningRate 0.000192
------------------------------------------------------------------
------------------------------------------------------------------
Epoch: 386	Time: 305.8410	Loss: nan	LearningRate 0.000192
------------------------------------------------------------------
------------------------------------------------------------------
Epoch: 387	Time: 306.3297	Loss: nan	LearningRate 0.000192
------------------------------------------------------------------
------------------------------------------------------------------
Epoch: 388	Time: 305.5076	Loss: nan	LearningRate 0.000192
------------------------------------------------------------------
------------------------------------------------------------------
Epoch: 389	Time: 303.9584	Loss: nan	LearningRate 0.000192
------------------------------------------------------------------
[epoch 390 PSNR: 6.4391 --- best_epoch 100 Best_PSNR 29.3499]
------------------------------------------------------------------
Epoch: 390	Time: 363.5283	Loss: nan	LearningRate 0.000192
------------------------------------------------------------------
------------------------------------------------------------------
Epoch: 391	Time: 302.6119	Loss: nan	LearningRate 0.000192
------------------------------------------------------------------
------------------------------------------------------------------
Epoch: 392	Time: 304.1950	Loss: nan	LearningRate 0.000192
------------------------------------------------------------------
