73,473,587 total parameters.
73,473,587 training parameters.


Let's use 4 GPUs!


===> Start Epoch 1 End Epoch 3001
===> Loading datasets
------------------------------------------------------------------
Epoch: 1	Time: 535.4612	Loss: 32.8376	LearningRate 0.000067
------------------------------------------------------------------
------------------------------------------------------------------
Epoch: 2	Time: 436.9299	Loss: 30.6712	LearningRate 0.000100
------------------------------------------------------------------
------------------------------------------------------------------
Epoch: 3	Time: 431.9004	Loss: 29.8644	LearningRate 0.000100
------------------------------------------------------------------
------------------------------------------------------------------
Epoch: 4	Time: 433.6791	Loss: 29.3657	LearningRate 0.000100
------------------------------------------------------------------
------------------------------------------------------------------
Epoch: 5	Time: 435.1194	Loss: 28.8319	LearningRate 0.000100
------------------------------------------------------------------
------------------------------------------------------------------
Epoch: 6	Time: 433.3343	Loss: 28.6660	LearningRate 0.000100
------------------------------------------------------------------
------------------------------------------------------------------
Epoch: 7	Time: 431.7525	Loss: 28.1403	LearningRate 0.000100
------------------------------------------------------------------
------------------------------------------------------------------
Epoch: 8	Time: 432.7949	Loss: 28.3759	LearningRate 0.000100
------------------------------------------------------------------
------------------------------------------------------------------
Epoch: 9	Time: 433.2607	Loss: 27.8962	LearningRate 0.000100
------------------------------------------------------------------
[epoch 10 PSNR: 26.3912 --- best_epoch 10 Best_PSNR 26.3912]
------------------------------------------------------------------
Epoch: 10	Time: 519.4460	Loss: 27.7505	LearningRate 0.000100
------------------------------------------------------------------
------------------------------------------------------------------
Epoch: 11	Time: 432.6773	Loss: 27.2932	LearningRate 0.000100
------------------------------------------------------------------
------------------------------------------------------------------
Epoch: 12	Time: 431.7831	Loss: 27.5261	LearningRate 0.000100
------------------------------------------------------------------
------------------------------------------------------------------
Epoch: 13	Time: 429.3655	Loss: 26.8600	LearningRate 0.000100
------------------------------------------------------------------
------------------------------------------------------------------
Epoch: 14	Time: 432.7936	Loss: 26.6639	LearningRate 0.000100
------------------------------------------------------------------
------------------------------------------------------------------
Epoch: 15	Time: 431.6301	Loss: 26.7798	LearningRate 0.000100
------------------------------------------------------------------
------------------------------------------------------------------
Epoch: 16	Time: 430.6507	Loss: 25.7095	LearningRate 0.000100
------------------------------------------------------------------
------------------------------------------------------------------
Epoch: 17	Time: 429.3507	Loss: 25.6627	LearningRate 0.000100
------------------------------------------------------------------
------------------------------------------------------------------
Epoch: 18	Time: 431.2808	Loss: 25.2845	LearningRate 0.000100
------------------------------------------------------------------
------------------------------------------------------------------
Epoch: 19	Time: 433.9798	Loss: 24.9436	LearningRate 0.000100
------------------------------------------------------------------
[epoch 20 PSNR: 27.1314 --- best_epoch 20 Best_PSNR 27.1314]
------------------------------------------------------------------
Epoch: 20	Time: 520.9780	Loss: 25.2791	LearningRate 0.000100
------------------------------------------------------------------
------------------------------------------------------------------
Epoch: 21	Time: 430.4668	Loss: 25.0416	LearningRate 0.000100
------------------------------------------------------------------
------------------------------------------------------------------
Epoch: 22	Time: 430.9162	Loss: 25.2121	LearningRate 0.000100
------------------------------------------------------------------
------------------------------------------------------------------
Epoch: 23	Time: 434.0026	Loss: 24.5382	LearningRate 0.000100
------------------------------------------------------------------
------------------------------------------------------------------
Epoch: 24	Time: 432.6696	Loss: 24.2451	LearningRate 0.000100
------------------------------------------------------------------
------------------------------------------------------------------
Epoch: 25	Time: 434.2544	Loss: 24.5859	LearningRate 0.000100
------------------------------------------------------------------
------------------------------------------------------------------
Epoch: 26	Time: 431.8564	Loss: 24.4701	LearningRate 0.000100
------------------------------------------------------------------
------------------------------------------------------------------
Epoch: 27	Time: 431.5431	Loss: 24.4004	LearningRate 0.000100
------------------------------------------------------------------
------------------------------------------------------------------
Epoch: 28	Time: 434.0171	Loss: 24.2154	LearningRate 0.000100
------------------------------------------------------------------
