

Let's use 2 GPUs!


===> Start Epoch 1 End Epoch 3001
===> Loading datasets
------------------------------------------------------------------
Epoch: 1	Time: 445.3842	Loss: 42.0905	LearningRate 0.000033
------------------------------------------------------------------
------------------------------------------------------------------
Epoch: 2	Time: 427.1102	Loss: 35.7552	LearningRate 0.000033
------------------------------------------------------------------
------------------------------------------------------------------
Epoch: 3	Time: 421.8640	Loss: 33.9910	LearningRate 0.000033
------------------------------------------------------------------
------------------------------------------------------------------
Epoch: 4	Time: 424.1221	Loss: 32.7013	LearningRate 0.000033
------------------------------------------------------------------
------------------------------------------------------------------
Epoch: 5	Time: 421.6339	Loss: 30.9663	LearningRate 0.000033
------------------------------------------------------------------
------------------------------------------------------------------
Epoch: 6	Time: 425.0528	Loss: 29.6929	LearningRate 0.000033
------------------------------------------------------------------
------------------------------------------------------------------
Epoch: 7	Time: 426.0039	Loss: 28.2201	LearningRate 0.000033
------------------------------------------------------------------
------------------------------------------------------------------
Epoch: 8	Time: 425.7787	Loss: 27.8834	LearningRate 0.000033
------------------------------------------------------------------
------------------------------------------------------------------
Epoch: 9	Time: 424.5730	Loss: 27.8413	LearningRate 0.000033
------------------------------------------------------------------
26.161518096923828
33.42274475097656
25.305383682250977
------------------------------------------------------------------
Epoch: 10	Time: 494.4904	Loss: 27.8295	LearningRate 0.000067
------------------------------------------------------------------
------------------------------------------------------------------
Epoch: 11	Time: 428.7175	Loss: 27.1285	LearningRate 0.000067
------------------------------------------------------------------
------------------------------------------------------------------
Epoch: 12	Time: 424.2377	Loss: 26.0765	LearningRate 0.000067
------------------------------------------------------------------
------------------------------------------------------------------
Epoch: 13	Time: 424.8242	Loss: 26.3383	LearningRate 0.000067
------------------------------------------------------------------
------------------------------------------------------------------
Epoch: 14	Time: 426.8849	Loss: 25.4320	LearningRate 0.000067
------------------------------------------------------------------
------------------------------------------------------------------
Epoch: 15	Time: 424.4168	Loss: 24.6164	LearningRate 0.000067
------------------------------------------------------------------
------------------------------------------------------------------
Epoch: 16	Time: 426.4970	Loss: 24.4764	LearningRate 0.000067
------------------------------------------------------------------
------------------------------------------------------------------
Epoch: 17	Time: 424.9375	Loss: 24.8067	LearningRate 0.000067
------------------------------------------------------------------
------------------------------------------------------------------
Epoch: 18	Time: 424.4518	Loss: 24.3920	LearningRate 0.000067
------------------------------------------------------------------
------------------------------------------------------------------
Epoch: 19	Time: 426.0651	Loss: 23.9422	LearningRate 0.000067
------------------------------------------------------------------
26.400758743286133
34.2152099609375
24.500322341918945
------------------------------------------------------------------
Epoch: 20	Time: 490.9469	Loss: 23.7590	LearningRate 0.000100
------------------------------------------------------------------
------------------------------------------------------------------
Epoch: 21	Time: 426.4642	Loss: 24.2938	LearningRate 0.000100
------------------------------------------------------------------
------------------------------------------------------------------
Epoch: 22	Time: 424.0854	Loss: 23.6288	LearningRate 0.000100
------------------------------------------------------------------
------------------------------------------------------------------
Epoch: 23	Time: 423.0140	Loss: 23.1044	LearningRate 0.000100
------------------------------------------------------------------
------------------------------------------------------------------
Epoch: 24	Time: 425.1433	Loss: 23.4436	LearningRate 0.000100
------------------------------------------------------------------
------------------------------------------------------------------
Epoch: 25	Time: 423.2848	Loss: 22.1960	LearningRate 0.000100
------------------------------------------------------------------
------------------------------------------------------------------
Epoch: 26	Time: 419.1751	Loss: 22.5370	LearningRate 0.000100
------------------------------------------------------------------
------------------------------------------------------------------
Epoch: 27	Time: 425.5240	Loss: 21.8796	LearningRate 0.000100
------------------------------------------------------------------
------------------------------------------------------------------
Epoch: 28	Time: 425.3621	Loss: 21.9549	LearningRate 0.000100
------------------------------------------------------------------
------------------------------------------------------------------
Epoch: 29	Time: 426.0716	Loss: 21.6794	LearningRate 0.000100
------------------------------------------------------------------
26.42995834350586
35.143192291259766
24.769784927368164
------------------------------------------------------------------
Epoch: 30	Time: 493.1089	Loss: 21.5971	LearningRate 0.000100
------------------------------------------------------------------
------------------------------------------------------------------
Epoch: 31	Time: 426.1990	Loss: 20.6926	LearningRate 0.000100
------------------------------------------------------------------
------------------------------------------------------------------
Epoch: 32	Time: 424.9654	Loss: 21.3635	LearningRate 0.000100
------------------------------------------------------------------
------------------------------------------------------------------
Epoch: 33	Time: 424.7592	Loss: 21.1465	LearningRate 0.000100
------------------------------------------------------------------
------------------------------------------------------------------
Epoch: 34	Time: 425.1527	Loss: 20.1321	LearningRate 0.000100
------------------------------------------------------------------
------------------------------------------------------------------
Epoch: 35	Time: 424.5913	Loss: 20.3137	LearningRate 0.000100
------------------------------------------------------------------
------------------------------------------------------------------
Epoch: 36	Time: 424.7541	Loss: 19.4167	LearningRate 0.000100
------------------------------------------------------------------
------------------------------------------------------------------
Epoch: 37	Time: 423.1183	Loss: 20.2657	LearningRate 0.000100
------------------------------------------------------------------
------------------------------------------------------------------
Epoch: 38	Time: 424.2753	Loss: 20.0072	LearningRate 0.000100
------------------------------------------------------------------
------------------------------------------------------------------
Epoch: 39	Time: 425.0758	Loss: 19.7302	LearningRate 0.000100
------------------------------------------------------------------
26.853412628173828
36.31106185913086
25.73108673095703
------------------------------------------------------------------
Epoch: 40	Time: 489.9216	Loss: 19.9833	LearningRate 0.000100
------------------------------------------------------------------
------------------------------------------------------------------
Epoch: 41	Time: 424.5498	Loss: 19.5004	LearningRate 0.000100
------------------------------------------------------------------
------------------------------------------------------------------
Epoch: 42	Time: 426.2418	Loss: 20.2190	LearningRate 0.000100
------------------------------------------------------------------
------------------------------------------------------------------
Epoch: 43	Time: 424.3830	Loss: 18.8754	LearningRate 0.000100
------------------------------------------------------------------
------------------------------------------------------------------
Epoch: 44	Time: 426.0358	Loss: 19.2321	LearningRate 0.000100
------------------------------------------------------------------
------------------------------------------------------------------
Epoch: 45	Time: 425.1587	Loss: 19.2961	LearningRate 0.000100
------------------------------------------------------------------
------------------------------------------------------------------
Epoch: 46	Time: 425.3227	Loss: 19.1467	LearningRate 0.000100
------------------------------------------------------------------
------------------------------------------------------------------
Epoch: 47	Time: 423.5515	Loss: 18.6631	LearningRate 0.000100
------------------------------------------------------------------
------------------------------------------------------------------
Epoch: 48	Time: 426.4742	Loss: 18.6172	LearningRate 0.000100
------------------------------------------------------------------
------------------------------------------------------------------
Epoch: 49	Time: 426.5677	Loss: 18.6211	LearningRate 0.000100
------------------------------------------------------------------
26.959911346435547
36.8516960144043
26.51151466369629
------------------------------------------------------------------
Epoch: 50	Time: 488.4714	Loss: 18.6014	LearningRate 0.000100
------------------------------------------------------------------
------------------------------------------------------------------
Epoch: 51	Time: 426.8635	Loss: 18.7593	LearningRate 0.000100
------------------------------------------------------------------
------------------------------------------------------------------
Epoch: 52	Time: 425.7635	Loss: 18.3553	LearningRate 0.000100
------------------------------------------------------------------
------------------------------------------------------------------
Epoch: 53	Time: 426.5711	Loss: 19.0338	LearningRate 0.000100
------------------------------------------------------------------
------------------------------------------------------------------
Epoch: 54	Time: 425.7932	Loss: 18.4108	LearningRate 0.000100
------------------------------------------------------------------
------------------------------------------------------------------
Epoch: 55	Time: 425.4517	Loss: 17.8635	LearningRate 0.000100
------------------------------------------------------------------
------------------------------------------------------------------
Epoch: 56	Time: 423.8146	Loss: 18.4361	LearningRate 0.000100
------------------------------------------------------------------
------------------------------------------------------------------
Epoch: 57	Time: 426.1162	Loss: 17.8618	LearningRate 0.000100
------------------------------------------------------------------
------------------------------------------------------------------
Epoch: 58	Time: 426.8779	Loss: 18.1649	LearningRate 0.000100
------------------------------------------------------------------
------------------------------------------------------------------
Epoch: 59	Time: 424.5640	Loss: 17.5772	LearningRate 0.000100
------------------------------------------------------------------
27.03256607055664
36.95858383178711
26.734195709228516
------------------------------------------------------------------
Epoch: 60	Time: 489.3985	Loss: 18.4015	LearningRate 0.000100
------------------------------------------------------------------
------------------------------------------------------------------
Epoch: 61	Time: 427.1655	Loss: 18.6294	LearningRate 0.000100
------------------------------------------------------------------
------------------------------------------------------------------
Epoch: 62	Time: 425.0154	Loss: 17.8352	LearningRate 0.000100
------------------------------------------------------------------
------------------------------------------------------------------
Epoch: 63	Time: 422.7818	Loss: 18.0023	LearningRate 0.000100
------------------------------------------------------------------
------------------------------------------------------------------
Epoch: 64	Time: 425.5857	Loss: 17.5368	LearningRate 0.000100
------------------------------------------------------------------
------------------------------------------------------------------
Epoch: 65	Time: 425.1255	Loss: 18.3921	LearningRate 0.000100
------------------------------------------------------------------
------------------------------------------------------------------
Epoch: 66	Time: 426.3739	Loss: 17.4479	LearningRate 0.000100
------------------------------------------------------------------
------------------------------------------------------------------
Epoch: 67	Time: 423.9403	Loss: 17.9633	LearningRate 0.000100
------------------------------------------------------------------
------------------------------------------------------------------
Epoch: 68	Time: 423.9754	Loss: 17.6340	LearningRate 0.000100
------------------------------------------------------------------
------------------------------------------------------------------
Epoch: 69	Time: 423.5561	Loss: 16.8458	LearningRate 0.000100
------------------------------------------------------------------
26.90365219116211
37.156131744384766
26.42830467224121
------------------------------------------------------------------
Epoch: 70	Time: 489.4173	Loss: 17.2360	LearningRate 0.000100
------------------------------------------------------------------
------------------------------------------------------------------
Epoch: 71	Time: 424.0060	Loss: 17.2216	LearningRate 0.000100
------------------------------------------------------------------
------------------------------------------------------------------
Epoch: 72	Time: 423.9852	Loss: 17.1842	LearningRate 0.000100
------------------------------------------------------------------
------------------------------------------------------------------
Epoch: 73	Time: 425.4707	Loss: 16.7749	LearningRate 0.000100
------------------------------------------------------------------
------------------------------------------------------------------
Epoch: 74	Time: 426.2973	Loss: 17.0628	LearningRate 0.000100
------------------------------------------------------------------
------------------------------------------------------------------
Epoch: 75	Time: 425.5947	Loss: 17.0201	LearningRate 0.000100
------------------------------------------------------------------
------------------------------------------------------------------
Epoch: 76	Time: 426.3675	Loss: 17.4433	LearningRate 0.000100
------------------------------------------------------------------
------------------------------------------------------------------
Epoch: 77	Time: 426.7655	Loss: 17.0112	LearningRate 0.000100
------------------------------------------------------------------
------------------------------------------------------------------
Epoch: 78	Time: 426.4568	Loss: 16.9856	LearningRate 0.000100
------------------------------------------------------------------
------------------------------------------------------------------
Epoch: 79	Time: 425.8905	Loss: 17.0701	LearningRate 0.000100
------------------------------------------------------------------
27.139524459838867
37.02770233154297
26.77690315246582
------------------------------------------------------------------
Epoch: 80	Time: 491.0958	Loss: 17.5359	LearningRate 0.000100
------------------------------------------------------------------
------------------------------------------------------------------
Epoch: 81	Time: 425.6979	Loss: 17.1665	LearningRate 0.000100
------------------------------------------------------------------
------------------------------------------------------------------
Epoch: 82	Time: 425.5066	Loss: 16.2927	LearningRate 0.000100
------------------------------------------------------------------
------------------------------------------------------------------
Epoch: 83	Time: 426.8995	Loss: 17.0234	LearningRate 0.000100
------------------------------------------------------------------
------------------------------------------------------------------
Epoch: 84	Time: 427.1632	Loss: 16.7845	LearningRate 0.000100
------------------------------------------------------------------
------------------------------------------------------------------
Epoch: 85	Time: 425.2898	Loss: 16.7546	LearningRate 0.000100
------------------------------------------------------------------
