73,473,587 total parameters.
73,473,587 training parameters.


Let's use 4 GPUs!


===> Start Epoch 1 End Epoch 3001
===> Loading datasets
------------------------------------------------------------------
Epoch: 1	Time: 481.3576	Loss: 34.0636	LearningRate 0.000067
------------------------------------------------------------------
------------------------------------------------------------------
Epoch: 2	Time: 415.6231	Loss: 31.3037	LearningRate 0.000100
------------------------------------------------------------------
------------------------------------------------------------------
Epoch: 3	Time: 412.6515	Loss: 30.4270	LearningRate 0.000100
------------------------------------------------------------------
------------------------------------------------------------------
Epoch: 4	Time: 411.8576	Loss: 29.6560	LearningRate 0.000100
------------------------------------------------------------------
------------------------------------------------------------------
Epoch: 5	Time: 411.2958	Loss: 29.1363	LearningRate 0.000100
------------------------------------------------------------------
------------------------------------------------------------------
Epoch: 6	Time: 411.3428	Loss: 28.9152	LearningRate 0.000100
------------------------------------------------------------------
------------------------------------------------------------------
Epoch: 7	Time: 412.0771	Loss: 28.4374	LearningRate 0.000100
------------------------------------------------------------------
------------------------------------------------------------------
Epoch: 8	Time: 410.5494	Loss: 28.6152	LearningRate 0.000100
------------------------------------------------------------------
------------------------------------------------------------------
Epoch: 9	Time: 411.6837	Loss: 28.1834	LearningRate 0.000100
------------------------------------------------------------------
[epoch 10 PSNR: 26.3051 --- best_epoch 10 Best_PSNR 26.3051]
------------------------------------------------------------------
Epoch: 10	Time: 495.1748	Loss: 28.0210	LearningRate 0.000100
------------------------------------------------------------------
------------------------------------------------------------------
Epoch: 11	Time: 411.6221	Loss: 27.7629	LearningRate 0.000100
------------------------------------------------------------------
------------------------------------------------------------------
Epoch: 12	Time: 411.6413	Loss: 27.7970	LearningRate 0.000100
------------------------------------------------------------------
------------------------------------------------------------------
Epoch: 13	Time: 413.0216	Loss: 27.1840	LearningRate 0.000100
------------------------------------------------------------------
------------------------------------------------------------------
Epoch: 14	Time: 410.3604	Loss: 27.0264	LearningRate 0.000100
------------------------------------------------------------------
------------------------------------------------------------------
Epoch: 15	Time: 411.2220	Loss: 27.2181	LearningRate 0.000100
------------------------------------------------------------------
------------------------------------------------------------------
Epoch: 16	Time: 411.1330	Loss: 26.1448	LearningRate 0.000100
------------------------------------------------------------------
------------------------------------------------------------------
Epoch: 17	Time: 411.8443	Loss: 26.1546	LearningRate 0.000100
------------------------------------------------------------------
------------------------------------------------------------------
Epoch: 18	Time: 410.7364	Loss: 25.7554	LearningRate 0.000100
------------------------------------------------------------------
------------------------------------------------------------------
Epoch: 19	Time: 408.9530	Loss: 25.5083	LearningRate 0.000100
------------------------------------------------------------------
[epoch 20 PSNR: 27.2057 --- best_epoch 20 Best_PSNR 27.2057]
------------------------------------------------------------------
Epoch: 20	Time: 492.0990	Loss: 25.6489	LearningRate 0.000100
------------------------------------------------------------------
------------------------------------------------------------------
Epoch: 21	Time: 409.1477	Loss: 25.2702	LearningRate 0.000100
------------------------------------------------------------------
------------------------------------------------------------------
Epoch: 22	Time: 410.9737	Loss: 25.3927	LearningRate 0.000100
------------------------------------------------------------------
------------------------------------------------------------------
Epoch: 23	Time: 410.7877	Loss: 24.7364	LearningRate 0.000100
------------------------------------------------------------------
------------------------------------------------------------------
Epoch: 24	Time: 410.1281	Loss: 24.5707	LearningRate 0.000100
------------------------------------------------------------------
------------------------------------------------------------------
Epoch: 25	Time: 409.7364	Loss: 24.5768	LearningRate 0.000100
------------------------------------------------------------------
------------------------------------------------------------------
Epoch: 26	Time: 409.4067	Loss: 24.8523	LearningRate 0.000100
------------------------------------------------------------------
------------------------------------------------------------------
Epoch: 27	Time: 411.5568	Loss: 24.5532	LearningRate 0.000100
------------------------------------------------------------------
------------------------------------------------------------------
Epoch: 28	Time: 409.6560	Loss: 24.5607	LearningRate 0.000100
------------------------------------------------------------------
------------------------------------------------------------------
Epoch: 29	Time: 410.8719	Loss: 24.6341	LearningRate 0.000100
------------------------------------------------------------------
[epoch 30 PSNR: 27.9113 --- best_epoch 30 Best_PSNR 27.9113]
------------------------------------------------------------------
Epoch: 30	Time: 492.4692	Loss: 24.1301	LearningRate 0.000100
------------------------------------------------------------------
------------------------------------------------------------------
Epoch: 31	Time: 409.9985	Loss: 24.1917	LearningRate 0.000100
------------------------------------------------------------------
------------------------------------------------------------------
Epoch: 32	Time: 411.1679	Loss: 23.6145	LearningRate 0.000100
------------------------------------------------------------------
------------------------------------------------------------------
Epoch: 33	Time: 411.7078	Loss: 23.5487	LearningRate 0.000100
------------------------------------------------------------------
------------------------------------------------------------------
Epoch: 34	Time: 410.8377	Loss: 23.9142	LearningRate 0.000100
------------------------------------------------------------------
------------------------------------------------------------------
Epoch: 35	Time: 410.8114	Loss: 23.3732	LearningRate 0.000100
------------------------------------------------------------------
------------------------------------------------------------------
Epoch: 36	Time: 409.4990	Loss: 23.3684	LearningRate 0.000100
------------------------------------------------------------------
------------------------------------------------------------------
Epoch: 37	Time: 411.8615	Loss: 23.2894	LearningRate 0.000100
------------------------------------------------------------------
------------------------------------------------------------------
Epoch: 38	Time: 412.1758	Loss: 23.5553	LearningRate 0.000100
------------------------------------------------------------------
------------------------------------------------------------------
Epoch: 39	Time: 409.7315	Loss: 22.9042	LearningRate 0.000100
------------------------------------------------------------------
[epoch 40 PSNR: 28.1916 --- best_epoch 40 Best_PSNR 28.1916]
------------------------------------------------------------------
Epoch: 40	Time: 491.9399	Loss: 22.5993	LearningRate 0.000100
------------------------------------------------------------------
------------------------------------------------------------------
Epoch: 41	Time: 410.9752	Loss: 22.8664	LearningRate 0.000100
------------------------------------------------------------------
------------------------------------------------------------------
Epoch: 42	Time: 410.9164	Loss: 22.6728	LearningRate 0.000100
------------------------------------------------------------------
------------------------------------------------------------------
Epoch: 43	Time: 410.0058	Loss: 22.1063	LearningRate 0.000100
------------------------------------------------------------------
------------------------------------------------------------------
Epoch: 44	Time: 411.3420	Loss: 22.8365	LearningRate 0.000100
------------------------------------------------------------------
------------------------------------------------------------------
Epoch: 45	Time: 410.8615	Loss: 22.1334	LearningRate 0.000100
------------------------------------------------------------------
------------------------------------------------------------------
Epoch: 46	Time: 410.4063	Loss: 22.1287	LearningRate 0.000100
------------------------------------------------------------------
------------------------------------------------------------------
Epoch: 47	Time: 410.1678	Loss: 22.6160	LearningRate 0.000100
------------------------------------------------------------------
------------------------------------------------------------------
Epoch: 48	Time: 411.8528	Loss: 22.2203	LearningRate 0.000100
------------------------------------------------------------------
------------------------------------------------------------------
Epoch: 49	Time: 410.5191	Loss: 22.2995	LearningRate 0.000100
------------------------------------------------------------------
[epoch 50 PSNR: 28.7364 --- best_epoch 50 Best_PSNR 28.7364]
------------------------------------------------------------------
Epoch: 50	Time: 490.4842	Loss: 22.1642	LearningRate 0.000100
------------------------------------------------------------------
------------------------------------------------------------------
Epoch: 51	Time: 409.6342	Loss: 21.8917	LearningRate 0.000100
------------------------------------------------------------------
------------------------------------------------------------------
Epoch: 52	Time: 408.5714	Loss: 21.9989	LearningRate 0.000100
------------------------------------------------------------------
------------------------------------------------------------------
Epoch: 53	Time: 409.0480	Loss: 22.0888	LearningRate 0.000100
------------------------------------------------------------------
------------------------------------------------------------------
Epoch: 54	Time: 412.1820	Loss: 21.9931	LearningRate 0.000100
------------------------------------------------------------------
------------------------------------------------------------------
Epoch: 55	Time: 411.0595	Loss: 21.9282	LearningRate 0.000100
------------------------------------------------------------------
------------------------------------------------------------------
Epoch: 56	Time: 411.9780	Loss: 22.1518	LearningRate 0.000100
------------------------------------------------------------------
------------------------------------------------------------------
Epoch: 57	Time: 410.5564	Loss: 21.7184	LearningRate 0.000100
------------------------------------------------------------------
------------------------------------------------------------------
Epoch: 58	Time: 411.2063	Loss: 21.3274	LearningRate 0.000100
------------------------------------------------------------------
------------------------------------------------------------------
Epoch: 59	Time: 409.0172	Loss: 21.6370	LearningRate 0.000100
------------------------------------------------------------------
[epoch 60 PSNR: 28.8086 --- best_epoch 60 Best_PSNR 28.8086]
------------------------------------------------------------------
Epoch: 60	Time: 494.2968	Loss: 21.1215	LearningRate 0.000100
------------------------------------------------------------------
------------------------------------------------------------------
Epoch: 61	Time: 411.3481	Loss: 21.7035	LearningRate 0.000100
------------------------------------------------------------------
------------------------------------------------------------------
Epoch: 62	Time: 411.0520	Loss: 21.6955	LearningRate 0.000100
------------------------------------------------------------------
------------------------------------------------------------------
Epoch: 63	Time: 411.2203	Loss: 21.4380	LearningRate 0.000100
------------------------------------------------------------------
------------------------------------------------------------------
Epoch: 64	Time: 410.7717	Loss: 21.1864	LearningRate 0.000100
------------------------------------------------------------------
------------------------------------------------------------------
Epoch: 65	Time: 410.0720	Loss: 21.2245	LearningRate 0.000100
------------------------------------------------------------------
------------------------------------------------------------------
Epoch: 66	Time: 411.3754	Loss: 21.0679	LearningRate 0.000100
------------------------------------------------------------------
------------------------------------------------------------------
Epoch: 67	Time: 409.2281	Loss: 21.0331	LearningRate 0.000100
------------------------------------------------------------------
------------------------------------------------------------------
Epoch: 68	Time: 409.2351	Loss: 20.8187	LearningRate 0.000100
------------------------------------------------------------------
------------------------------------------------------------------
Epoch: 69	Time: 412.4835	Loss: 21.1276	LearningRate 0.000100
------------------------------------------------------------------
[epoch 70 PSNR: 29.0704 --- best_epoch 70 Best_PSNR 29.0704]
------------------------------------------------------------------
Epoch: 70	Time: 492.2342	Loss: 20.6690	LearningRate 0.000100
------------------------------------------------------------------
------------------------------------------------------------------
Epoch: 71	Time: 411.3436	Loss: 20.8570	LearningRate 0.000100
------------------------------------------------------------------
------------------------------------------------------------------
Epoch: 72	Time: 410.6068	Loss: 20.5872	LearningRate 0.000100
------------------------------------------------------------------
------------------------------------------------------------------
Epoch: 73	Time: 411.0372	Loss: 20.8400	LearningRate 0.000100
------------------------------------------------------------------
------------------------------------------------------------------
Epoch: 74	Time: 411.3912	Loss: 20.9305	LearningRate 0.000100
------------------------------------------------------------------
------------------------------------------------------------------
Epoch: 75	Time: 411.8079	Loss: 20.8036	LearningRate 0.000100
------------------------------------------------------------------
------------------------------------------------------------------
Epoch: 76	Time: 410.8997	Loss: 20.1683	LearningRate 0.000100
------------------------------------------------------------------
------------------------------------------------------------------
Epoch: 77	Time: 409.6882	Loss: 20.5606	LearningRate 0.000100
------------------------------------------------------------------
------------------------------------------------------------------
Epoch: 78	Time: 410.1186	Loss: 20.6582	LearningRate 0.000100
------------------------------------------------------------------
------------------------------------------------------------------
Epoch: 79	Time: 411.9449	Loss: 20.4590	LearningRate 0.000100
------------------------------------------------------------------
[epoch 80 PSNR: 29.6225 --- best_epoch 80 Best_PSNR 29.6225]
------------------------------------------------------------------
Epoch: 80	Time: 488.7348	Loss: 20.4476	LearningRate 0.000100
------------------------------------------------------------------
------------------------------------------------------------------
Epoch: 81	Time: 409.9468	Loss: 20.5547	LearningRate 0.000100
------------------------------------------------------------------
------------------------------------------------------------------
Epoch: 82	Time: 409.9929	Loss: 20.4039	LearningRate 0.000100
------------------------------------------------------------------
------------------------------------------------------------------
Epoch: 83	Time: 409.1831	Loss: 20.6212	LearningRate 0.000100
------------------------------------------------------------------
------------------------------------------------------------------
Epoch: 84	Time: 413.0439	Loss: 20.7199	LearningRate 0.000100
------------------------------------------------------------------
------------------------------------------------------------------
Epoch: 85	Time: 412.0968	Loss: 20.2559	LearningRate 0.000100
------------------------------------------------------------------
------------------------------------------------------------------
Epoch: 86	Time: 409.2298	Loss: 20.2871	LearningRate 0.000100
------------------------------------------------------------------
------------------------------------------------------------------
Epoch: 87	Time: 410.0822	Loss: 19.8396	LearningRate 0.000100
------------------------------------------------------------------
------------------------------------------------------------------
Epoch: 88	Time: 410.8380	Loss: 19.9617	LearningRate 0.000100
------------------------------------------------------------------
------------------------------------------------------------------
Epoch: 89	Time: 409.7145	Loss: 20.2882	LearningRate 0.000100
------------------------------------------------------------------
[epoch 90 PSNR: 29.5667 --- best_epoch 80 Best_PSNR 29.6225]
------------------------------------------------------------------
Epoch: 90	Time: 489.7014	Loss: 19.8330	LearningRate 0.000100
------------------------------------------------------------------
------------------------------------------------------------------
Epoch: 91	Time: 410.7790	Loss: 20.0527	LearningRate 0.000100
------------------------------------------------------------------
------------------------------------------------------------------
Epoch: 92	Time: 412.4438	Loss: 20.5994	LearningRate 0.000100
------------------------------------------------------------------
------------------------------------------------------------------
Epoch: 93	Time: 411.4565	Loss: 19.9163	LearningRate 0.000100
------------------------------------------------------------------
------------------------------------------------------------------
Epoch: 94	Time: 409.8109	Loss: 20.2126	LearningRate 0.000100
------------------------------------------------------------------
------------------------------------------------------------------
Epoch: 95	Time: 410.7915	Loss: 19.6422	LearningRate 0.000100
------------------------------------------------------------------
------------------------------------------------------------------
Epoch: 96	Time: 410.6975	Loss: 19.7670	LearningRate 0.000100
------------------------------------------------------------------
------------------------------------------------------------------
Epoch: 97	Time: 410.0330	Loss: 19.5419	LearningRate 0.000100
------------------------------------------------------------------
------------------------------------------------------------------
Epoch: 98	Time: 410.9064	Loss: 19.7517	LearningRate 0.000100
------------------------------------------------------------------
------------------------------------------------------------------
Epoch: 99	Time: 409.2368	Loss: 20.2302	LearningRate 0.000100
------------------------------------------------------------------
[epoch 100 PSNR: 30.0085 --- best_epoch 100 Best_PSNR 30.0085]
------------------------------------------------------------------
Epoch: 100	Time: 493.0835	Loss: 19.4596	LearningRate 0.000100
------------------------------------------------------------------
------------------------------------------------------------------
Epoch: 101	Time: 407.4291	Loss: 19.5871	LearningRate 0.000100
------------------------------------------------------------------
------------------------------------------------------------------
Epoch: 102	Time: 404.6890	Loss: 19.9615	LearningRate 0.000100
------------------------------------------------------------------
------------------------------------------------------------------
Epoch: 103	Time: 405.3045	Loss: 20.0830	LearningRate 0.000100
------------------------------------------------------------------
------------------------------------------------------------------
Epoch: 104	Time: 402.0870	Loss: 19.9835	LearningRate 0.000100
------------------------------------------------------------------
------------------------------------------------------------------
Epoch: 105	Time: 403.9717	Loss: 19.9505	LearningRate 0.000100
------------------------------------------------------------------
------------------------------------------------------------------
Epoch: 106	Time: 404.0328	Loss: 19.1684	LearningRate 0.000100
------------------------------------------------------------------
------------------------------------------------------------------
Epoch: 107	Time: 405.1073	Loss: 19.3413	LearningRate 0.000100
------------------------------------------------------------------
------------------------------------------------------------------
Epoch: 108	Time: 405.1072	Loss: 19.6678	LearningRate 0.000100
------------------------------------------------------------------
------------------------------------------------------------------
Epoch: 109	Time: 404.9394	Loss: 19.2371	LearningRate 0.000100
------------------------------------------------------------------
[epoch 110 PSNR: 29.8797 --- best_epoch 100 Best_PSNR 30.0085]
------------------------------------------------------------------
Epoch: 110	Time: 491.2427	Loss: 19.3009	LearningRate 0.000100
------------------------------------------------------------------
------------------------------------------------------------------
Epoch: 111	Time: 415.8000	Loss: 19.6302	LearningRate 0.000100
------------------------------------------------------------------
------------------------------------------------------------------
Epoch: 112	Time: 414.6900	Loss: 19.4789	LearningRate 0.000100
------------------------------------------------------------------
------------------------------------------------------------------
Epoch: 113	Time: 415.7874	Loss: 19.8803	LearningRate 0.000100
------------------------------------------------------------------
------------------------------------------------------------------
Epoch: 114	Time: 415.1757	Loss: 19.5487	LearningRate 0.000100
------------------------------------------------------------------
------------------------------------------------------------------
Epoch: 115	Time: 415.9925	Loss: 19.4844	LearningRate 0.000100
------------------------------------------------------------------
------------------------------------------------------------------
Epoch: 116	Time: 414.3523	Loss: 19.0047	LearningRate 0.000100
------------------------------------------------------------------
------------------------------------------------------------------
Epoch: 117	Time: 414.1144	Loss: 18.9310	LearningRate 0.000100
------------------------------------------------------------------
------------------------------------------------------------------
Epoch: 118	Time: 413.3948	Loss: 19.4044	LearningRate 0.000100
------------------------------------------------------------------
------------------------------------------------------------------
Epoch: 119	Time: 412.8332	Loss: 19.6743	LearningRate 0.000100
------------------------------------------------------------------
[epoch 120 PSNR: 29.9576 --- best_epoch 100 Best_PSNR 30.0085]
------------------------------------------------------------------
Epoch: 120	Time: 489.4476	Loss: 19.3289	LearningRate 0.000100
------------------------------------------------------------------
------------------------------------------------------------------
Epoch: 121	Time: 414.5760	Loss: 19.1661	LearningRate 0.000100
------------------------------------------------------------------
------------------------------------------------------------------
Epoch: 122	Time: 414.5494	Loss: 19.1479	LearningRate 0.000100
------------------------------------------------------------------
------------------------------------------------------------------
Epoch: 123	Time: 414.8523	Loss: 19.4513	LearningRate 0.000100
------------------------------------------------------------------
------------------------------------------------------------------
Epoch: 124	Time: 414.0807	Loss: 18.8629	LearningRate 0.000100
------------------------------------------------------------------
------------------------------------------------------------------
Epoch: 125	Time: 412.4856	Loss: 18.8581	LearningRate 0.000100
------------------------------------------------------------------
------------------------------------------------------------------
Epoch: 126	Time: 412.4201	Loss: 18.9040	LearningRate 0.000100
------------------------------------------------------------------
------------------------------------------------------------------
Epoch: 127	Time: 413.6661	Loss: 19.0429	LearningRate 0.000100
------------------------------------------------------------------
------------------------------------------------------------------
Epoch: 128	Time: 414.6225	Loss: 18.6464	LearningRate 0.000100
------------------------------------------------------------------
------------------------------------------------------------------
Epoch: 129	Time: 415.6613	Loss: 19.3107	LearningRate 0.000100
------------------------------------------------------------------
[epoch 130 PSNR: 30.3046 --- best_epoch 130 Best_PSNR 30.3046]
------------------------------------------------------------------
Epoch: 130	Time: 489.6098	Loss: 19.4607	LearningRate 0.000100
------------------------------------------------------------------
------------------------------------------------------------------
Epoch: 131	Time: 413.5226	Loss: 19.0071	LearningRate 0.000100
------------------------------------------------------------------
------------------------------------------------------------------
Epoch: 132	Time: 414.8045	Loss: 19.0292	LearningRate 0.000100
------------------------------------------------------------------
------------------------------------------------------------------
Epoch: 133	Time: 414.1037	Loss: 18.7900	LearningRate 0.000100
------------------------------------------------------------------
------------------------------------------------------------------
Epoch: 134	Time: 415.2455	Loss: 18.5648	LearningRate 0.000100
------------------------------------------------------------------
------------------------------------------------------------------
Epoch: 135	Time: 415.7535	Loss: 19.9351	LearningRate 0.000100
------------------------------------------------------------------
------------------------------------------------------------------
Epoch: 136	Time: 414.9986	Loss: 19.3456	LearningRate 0.000100
------------------------------------------------------------------
------------------------------------------------------------------
Epoch: 137	Time: 414.9312	Loss: 18.7361	LearningRate 0.000100
------------------------------------------------------------------
------------------------------------------------------------------
Epoch: 138	Time: 414.4893	Loss: 18.9015	LearningRate 0.000099
------------------------------------------------------------------
------------------------------------------------------------------
Epoch: 139	Time: 415.0304	Loss: 19.0749	LearningRate 0.000099
------------------------------------------------------------------
[epoch 140 PSNR: 30.1599 --- best_epoch 130 Best_PSNR 30.3046]
------------------------------------------------------------------
Epoch: 140	Time: 487.3440	Loss: 18.8451	LearningRate 0.000099
------------------------------------------------------------------
------------------------------------------------------------------
Epoch: 141	Time: 412.1815	Loss: 19.0608	LearningRate 0.000099
------------------------------------------------------------------
------------------------------------------------------------------
Epoch: 142	Time: 414.7786	Loss: 18.6018	LearningRate 0.000099
------------------------------------------------------------------
------------------------------------------------------------------
Epoch: 143	Time: 427.2898	Loss: 18.7641	LearningRate 0.000099
------------------------------------------------------------------
------------------------------------------------------------------
Epoch: 144	Time: 427.0030	Loss: 18.8792	LearningRate 0.000099
------------------------------------------------------------------
------------------------------------------------------------------
Epoch: 145	Time: 423.9999	Loss: 18.5443	LearningRate 0.000099
------------------------------------------------------------------
------------------------------------------------------------------
Epoch: 146	Time: 425.0652	Loss: 18.7319	LearningRate 0.000099
------------------------------------------------------------------
------------------------------------------------------------------
Epoch: 147	Time: 426.4844	Loss: 18.6485	LearningRate 0.000099
------------------------------------------------------------------
------------------------------------------------------------------
Epoch: 148	Time: 426.8111	Loss: 18.5960	LearningRate 0.000099
------------------------------------------------------------------
------------------------------------------------------------------
Epoch: 149	Time: 428.2041	Loss: 18.6020	LearningRate 0.000099
------------------------------------------------------------------
[epoch 150 PSNR: 30.5706 --- best_epoch 150 Best_PSNR 30.5706]
------------------------------------------------------------------
Epoch: 150	Time: 501.5255	Loss: 18.7901	LearningRate 0.000099
------------------------------------------------------------------
------------------------------------------------------------------
Epoch: 151	Time: 425.4757	Loss: 18.5512	LearningRate 0.000099
------------------------------------------------------------------
