

Let's use 2 GPUs!


===> Start Epoch 1 End Epoch 3001
===> Loading datasets
------------------------------------------------------------------
Epoch: 1	Time: 812.2705	Loss: 86.2582	LearningRate 0.000033
------------------------------------------------------------------
------------------------------------------------------------------
Epoch: 2	Time: 773.6341	Loss: 71.6687	LearningRate 0.000033
------------------------------------------------------------------
------------------------------------------------------------------
Epoch: 3	Time: 775.5771	Loss: 63.7112	LearningRate 0.000033
------------------------------------------------------------------
------------------------------------------------------------------
Epoch: 4	Time: 774.0946	Loss: 60.2441	LearningRate 0.000033
------------------------------------------------------------------
------------------------------------------------------------------
Epoch: 5	Time: 776.1683	Loss: 54.5114	LearningRate 0.000033
------------------------------------------------------------------
------------------------------------------------------------------
Epoch: 6	Time: 774.1346	Loss: 55.2643	LearningRate 0.000033
------------------------------------------------------------------
------------------------------------------------------------------
Epoch: 7	Time: 776.1818	Loss: 53.2623	LearningRate 0.000033
------------------------------------------------------------------
------------------------------------------------------------------
Epoch: 8	Time: 778.2959	Loss: 52.1280	LearningRate 0.000033
------------------------------------------------------------------
------------------------------------------------------------------
Epoch: 9	Time: 777.6188	Loss: 49.4458	LearningRate 0.000033
------------------------------------------------------------------
26.65253448486328
34.350013732910156
24.875560760498047
------------------------------------------------------------------
Epoch: 10	Time: 854.3270	Loss: 49.5980	LearningRate 0.000067
------------------------------------------------------------------
------------------------------------------------------------------
Epoch: 11	Time: 779.7337	Loss: 51.6752	LearningRate 0.000067
------------------------------------------------------------------
------------------------------------------------------------------
Epoch: 12	Time: 775.5605	Loss: 51.9871	LearningRate 0.000067
------------------------------------------------------------------
------------------------------------------------------------------
Epoch: 13	Time: 772.9121	Loss: 49.9280	LearningRate 0.000067
------------------------------------------------------------------
------------------------------------------------------------------
Epoch: 14	Time: 776.6472	Loss: 47.6556	LearningRate 0.000067
------------------------------------------------------------------
------------------------------------------------------------------
Epoch: 15	Time: 774.8599	Loss: 47.7703	LearningRate 0.000067
------------------------------------------------------------------
------------------------------------------------------------------
Epoch: 16	Time: 774.9665	Loss: 45.5089	LearningRate 0.000067
------------------------------------------------------------------
------------------------------------------------------------------
Epoch: 17	Time: 776.1075	Loss: 47.5373	LearningRate 0.000067
------------------------------------------------------------------
------------------------------------------------------------------
Epoch: 18	Time: 776.4463	Loss: 45.6593	LearningRate 0.000067
------------------------------------------------------------------
------------------------------------------------------------------
Epoch: 19	Time: 775.9085	Loss: 45.5048	LearningRate 0.000067
------------------------------------------------------------------
26.82074546813965
35.33710479736328
25.804487228393555
------------------------------------------------------------------
Epoch: 20	Time: 851.1815	Loss: 44.4154	LearningRate 0.000100
------------------------------------------------------------------
------------------------------------------------------------------
Epoch: 21	Time: 776.8860	Loss: 45.5340	LearningRate 0.000100
------------------------------------------------------------------
------------------------------------------------------------------
Epoch: 22	Time: 775.4018	Loss: 47.9004	LearningRate 0.000100
------------------------------------------------------------------
------------------------------------------------------------------
Epoch: 23	Time: 776.6869	Loss: 44.5257	LearningRate 0.000100
------------------------------------------------------------------
------------------------------------------------------------------
Epoch: 24	Time: 775.7726	Loss: 44.4638	LearningRate 0.000100
------------------------------------------------------------------
------------------------------------------------------------------
Epoch: 25	Time: 778.2824	Loss: 44.1264	LearningRate 0.000100
------------------------------------------------------------------
------------------------------------------------------------------
Epoch: 26	Time: 775.2190	Loss: 47.2126	LearningRate 0.000100
------------------------------------------------------------------
------------------------------------------------------------------
Epoch: 27	Time: 771.5891	Loss: 42.9360	LearningRate 0.000100
------------------------------------------------------------------
------------------------------------------------------------------
Epoch: 28	Time: 777.2283	Loss: 43.0821	LearningRate 0.000100
------------------------------------------------------------------
------------------------------------------------------------------
Epoch: 29	Time: 775.0942	Loss: 42.3222	LearningRate 0.000100
------------------------------------------------------------------
27.037349700927734
35.625274658203125
26.064062118530273
------------------------------------------------------------------
Epoch: 30	Time: 848.3956	Loss: 41.7119	LearningRate 0.000100
------------------------------------------------------------------
------------------------------------------------------------------
Epoch: 31	Time: 775.8388	Loss: 42.4820	LearningRate 0.000100
------------------------------------------------------------------
------------------------------------------------------------------
Epoch: 32	Time: 775.6365	Loss: 42.9229	LearningRate 0.000100
------------------------------------------------------------------
------------------------------------------------------------------
Epoch: 33	Time: 776.4959	Loss: 41.7177	LearningRate 0.000100
------------------------------------------------------------------
------------------------------------------------------------------
Epoch: 34	Time: 776.0551	Loss: 40.6602	LearningRate 0.000100
------------------------------------------------------------------
------------------------------------------------------------------
Epoch: 35	Time: 775.3197	Loss: 41.1634	LearningRate 0.000100
------------------------------------------------------------------
------------------------------------------------------------------
Epoch: 36	Time: 777.0169	Loss: 41.8015	LearningRate 0.000100
------------------------------------------------------------------
------------------------------------------------------------------
Epoch: 37	Time: 775.1832	Loss: 40.0278	LearningRate 0.000100
------------------------------------------------------------------
------------------------------------------------------------------
Epoch: 38	Time: 775.1958	Loss: 41.0441	LearningRate 0.000100
------------------------------------------------------------------
------------------------------------------------------------------
Epoch: 39	Time: 776.8028	Loss: 41.4474	LearningRate 0.000100
------------------------------------------------------------------
27.195850372314453
36.120208740234375
28.261117935180664
------------------------------------------------------------------
Epoch: 40	Time: 849.0322	Loss: 40.2694	LearningRate 0.000100
------------------------------------------------------------------
------------------------------------------------------------------
Epoch: 41	Time: 775.8387	Loss: 40.1207	LearningRate 0.000100
------------------------------------------------------------------
------------------------------------------------------------------
Epoch: 42	Time: 774.9867	Loss: 40.7497	LearningRate 0.000100
------------------------------------------------------------------
------------------------------------------------------------------
Epoch: 43	Time: 776.3382	Loss: 40.6770	LearningRate 0.000100
------------------------------------------------------------------
------------------------------------------------------------------
Epoch: 44	Time: 776.0304	Loss: 40.2843	LearningRate 0.000100
------------------------------------------------------------------
------------------------------------------------------------------
Epoch: 45	Time: 776.1565	Loss: 40.1254	LearningRate 0.000100
------------------------------------------------------------------
------------------------------------------------------------------
Epoch: 46	Time: 775.2842	Loss: 39.0199	LearningRate 0.000100
------------------------------------------------------------------
------------------------------------------------------------------
Epoch: 47	Time: 774.6813	Loss: 38.8540	LearningRate 0.000100
------------------------------------------------------------------
------------------------------------------------------------------
Epoch: 48	Time: 775.6239	Loss: 39.8364	LearningRate 0.000100
------------------------------------------------------------------
------------------------------------------------------------------
Epoch: 49	Time: 776.4874	Loss: 39.2094	LearningRate 0.000100
------------------------------------------------------------------
27.46780014038086
36.798675537109375
26.866500854492188
------------------------------------------------------------------
Epoch: 50	Time: 846.8691	Loss: 39.4459	LearningRate 0.000100
------------------------------------------------------------------
------------------------------------------------------------------
Epoch: 51	Time: 778.4621	Loss: 39.7568	LearningRate 0.000100
------------------------------------------------------------------
------------------------------------------------------------------
Epoch: 52	Time: 774.4505	Loss: 39.3039	LearningRate 0.000100
------------------------------------------------------------------
------------------------------------------------------------------
Epoch: 53	Time: 775.9044	Loss: 37.8279	LearningRate 0.000100
------------------------------------------------------------------
------------------------------------------------------------------
Epoch: 54	Time: 775.4342	Loss: 39.4744	LearningRate 0.000100
------------------------------------------------------------------
------------------------------------------------------------------
Epoch: 55	Time: 777.9010	Loss: 38.7016	LearningRate 0.000100
------------------------------------------------------------------
------------------------------------------------------------------
Epoch: 56	Time: 774.1973	Loss: 38.3266	LearningRate 0.000100
------------------------------------------------------------------
------------------------------------------------------------------
Epoch: 57	Time: 775.5675	Loss: 38.1827	LearningRate 0.000100
------------------------------------------------------------------
------------------------------------------------------------------
Epoch: 58	Time: 775.6152	Loss: 37.9809	LearningRate 0.000100
------------------------------------------------------------------
------------------------------------------------------------------
Epoch: 59	Time: 778.7635	Loss: 37.1758	LearningRate 0.000100
------------------------------------------------------------------
27.434415817260742
37.04887008666992
28.001972198486328
------------------------------------------------------------------
Epoch: 60	Time: 851.3571	Loss: 37.3553	LearningRate 0.000100
------------------------------------------------------------------
------------------------------------------------------------------
Epoch: 61	Time: 776.3669	Loss: 36.7176	LearningRate 0.000100
------------------------------------------------------------------
------------------------------------------------------------------
Epoch: 62	Time: 770.2811	Loss: 37.9373	LearningRate 0.000100
------------------------------------------------------------------
------------------------------------------------------------------
Epoch: 63	Time: 768.5466	Loss: 36.4299	LearningRate 0.000100
------------------------------------------------------------------
------------------------------------------------------------------
Epoch: 64	Time: 771.7898	Loss: 37.5680	LearningRate 0.000100
------------------------------------------------------------------
------------------------------------------------------------------
Epoch: 65	Time: 770.3486	Loss: 37.2633	LearningRate 0.000100
------------------------------------------------------------------
------------------------------------------------------------------
Epoch: 66	Time: 771.9329	Loss: 38.2683	LearningRate 0.000100
------------------------------------------------------------------
------------------------------------------------------------------
Epoch: 67	Time: 773.7527	Loss: 37.3142	LearningRate 0.000100
------------------------------------------------------------------
------------------------------------------------------------------
Epoch: 68	Time: 769.9777	Loss: 36.9354	LearningRate 0.000100
------------------------------------------------------------------
------------------------------------------------------------------
Epoch: 69	Time: 772.9799	Loss: 36.2939	LearningRate 0.000100
------------------------------------------------------------------
27.849855422973633
37.08454513549805
27.937211990356445
------------------------------------------------------------------
Epoch: 70	Time: 850.9304	Loss: 35.9734	LearningRate 0.000100
------------------------------------------------------------------
------------------------------------------------------------------
Epoch: 71	Time: 771.4290	Loss: 35.8941	LearningRate 0.000100
------------------------------------------------------------------
------------------------------------------------------------------
Epoch: 72	Time: 771.7718	Loss: 36.0982	LearningRate 0.000100
------------------------------------------------------------------
------------------------------------------------------------------
Epoch: 73	Time: 774.1425	Loss: 37.1563	LearningRate 0.000100
------------------------------------------------------------------
------------------------------------------------------------------
Epoch: 74	Time: 773.0174	Loss: 37.2577	LearningRate 0.000100
------------------------------------------------------------------
------------------------------------------------------------------
Epoch: 75	Time: 773.5084	Loss: 36.4621	LearningRate 0.000100
------------------------------------------------------------------
------------------------------------------------------------------
Epoch: 76	Time: 774.0103	Loss: 37.4948	LearningRate 0.000100
------------------------------------------------------------------
------------------------------------------------------------------
Epoch: 77	Time: 776.9865	Loss: 35.9160	LearningRate 0.000100
------------------------------------------------------------------
------------------------------------------------------------------
Epoch: 78	Time: 772.5432	Loss: 38.0055	LearningRate 0.000100
------------------------------------------------------------------
------------------------------------------------------------------
Epoch: 79	Time: 774.0618	Loss: 36.2446	LearningRate 0.000100
------------------------------------------------------------------
28.147310256958008
37.3251838684082
27.36216926574707
------------------------------------------------------------------
Epoch: 80	Time: 848.6547	Loss: 37.3798	LearningRate 0.000100
------------------------------------------------------------------
------------------------------------------------------------------
Epoch: 81	Time: 773.7375	Loss: 35.8814	LearningRate 0.000100
------------------------------------------------------------------
------------------------------------------------------------------
Epoch: 82	Time: 774.4273	Loss: 36.0322	LearningRate 0.000100
------------------------------------------------------------------
------------------------------------------------------------------
Epoch: 83	Time: 774.5263	Loss: 36.7462	LearningRate 0.000100
------------------------------------------------------------------
------------------------------------------------------------------
Epoch: 84	Time: 773.4309	Loss: 36.0557	LearningRate 0.000100
------------------------------------------------------------------
------------------------------------------------------------------
Epoch: 85	Time: 773.1929	Loss: 36.0204	LearningRate 0.000100
------------------------------------------------------------------
------------------------------------------------------------------
Epoch: 86	Time: 776.1886	Loss: 36.2164	LearningRate 0.000100
------------------------------------------------------------------
------------------------------------------------------------------
Epoch: 87	Time: 775.0192	Loss: 35.8941	LearningRate 0.000100
------------------------------------------------------------------
------------------------------------------------------------------
Epoch: 88	Time: 772.0662	Loss: 35.1991	LearningRate 0.000100
------------------------------------------------------------------
------------------------------------------------------------------
Epoch: 89	Time: 773.8000	Loss: 35.6891	LearningRate 0.000100
------------------------------------------------------------------
28.056671142578125
37.33470916748047
28.475481033325195
------------------------------------------------------------------
Epoch: 90	Time: 852.9330	Loss: 35.4830	LearningRate 0.000100
------------------------------------------------------------------
------------------------------------------------------------------
Epoch: 91	Time: 772.3401	Loss: 35.9837	LearningRate 0.000100
------------------------------------------------------------------
------------------------------------------------------------------
Epoch: 92	Time: 773.8670	Loss: 35.4818	LearningRate 0.000100
------------------------------------------------------------------
------------------------------------------------------------------
Epoch: 93	Time: 774.7811	Loss: 36.8304	LearningRate 0.000100
------------------------------------------------------------------
------------------------------------------------------------------
Epoch: 94	Time: 773.1648	Loss: 35.1465	LearningRate 0.000100
------------------------------------------------------------------
------------------------------------------------------------------
Epoch: 95	Time: 774.5058	Loss: 34.7988	LearningRate 0.000100
------------------------------------------------------------------
------------------------------------------------------------------
Epoch: 96	Time: 770.7114	Loss: 36.3462	LearningRate 0.000100
------------------------------------------------------------------
------------------------------------------------------------------
Epoch: 97	Time: 775.0269	Loss: 34.4532	LearningRate 0.000100
------------------------------------------------------------------
------------------------------------------------------------------
Epoch: 98	Time: 771.1327	Loss: 34.4360	LearningRate 0.000100
------------------------------------------------------------------
------------------------------------------------------------------
Epoch: 99	Time: 772.3168	Loss: 35.5235	LearningRate 0.000100
------------------------------------------------------------------
28.44903564453125
37.47627258300781
28.341352462768555
------------------------------------------------------------------
Epoch: 100	Time: 848.3492	Loss: 33.8983	LearningRate 0.000100
------------------------------------------------------------------
------------------------------------------------------------------
Epoch: 101	Time: 772.9433	Loss: 34.7887	LearningRate 0.000100
------------------------------------------------------------------
------------------------------------------------------------------
Epoch: 102	Time: 773.6457	Loss: 35.1126	LearningRate 0.000100
------------------------------------------------------------------
------------------------------------------------------------------
Epoch: 103	Time: 773.8141	Loss: 34.9791	LearningRate 0.000100
------------------------------------------------------------------
------------------------------------------------------------------
Epoch: 104	Time: 771.5089	Loss: 34.4880	LearningRate 0.000100
------------------------------------------------------------------
------------------------------------------------------------------
Epoch: 105	Time: 767.8697	Loss: 34.0574	LearningRate 0.000100
------------------------------------------------------------------
------------------------------------------------------------------
Epoch: 106	Time: 768.8504	Loss: 35.5676	LearningRate 0.000100
------------------------------------------------------------------
------------------------------------------------------------------
Epoch: 107	Time: 769.9063	Loss: 33.9283	LearningRate 0.000100
------------------------------------------------------------------
------------------------------------------------------------------
Epoch: 108	Time: 771.4919	Loss: 34.1660	LearningRate 0.000100
------------------------------------------------------------------
------------------------------------------------------------------
Epoch: 109	Time: 769.6150	Loss: 34.0446	LearningRate 0.000100
------------------------------------------------------------------
28.438289642333984
37.68687057495117
28.218374252319336
------------------------------------------------------------------
Epoch: 110	Time: 848.7593	Loss: 34.5349	LearningRate 0.000100
------------------------------------------------------------------
------------------------------------------------------------------
Epoch: 111	Time: 772.2819	Loss: 34.5388	LearningRate 0.000100
------------------------------------------------------------------
------------------------------------------------------------------
Epoch: 112	Time: 771.1515	Loss: 33.8714	LearningRate 0.000100
------------------------------------------------------------------
------------------------------------------------------------------
Epoch: 113	Time: 773.1712	Loss: 34.6313	LearningRate 0.000100
------------------------------------------------------------------
------------------------------------------------------------------
Epoch: 114	Time: 770.7587	Loss: 34.2459	LearningRate 0.000100
------------------------------------------------------------------
------------------------------------------------------------------
Epoch: 115	Time: 769.3454	Loss: 34.8808	LearningRate 0.000100
------------------------------------------------------------------
------------------------------------------------------------------
Epoch: 116	Time: 770.6604	Loss: 34.9337	LearningRate 0.000100
------------------------------------------------------------------
------------------------------------------------------------------
Epoch: 117	Time: 771.4317	Loss: 33.5251	LearningRate 0.000100
------------------------------------------------------------------
------------------------------------------------------------------
Epoch: 118	Time: 772.3509	Loss: 33.9294	LearningRate 0.000100
------------------------------------------------------------------
------------------------------------------------------------------
Epoch: 119	Time: 773.4660	Loss: 34.0832	LearningRate 0.000100
------------------------------------------------------------------
28.597305297851562
37.575775146484375
28.415834426879883
------------------------------------------------------------------
Epoch: 120	Time: 846.8491	Loss: 33.6860	LearningRate 0.000100
------------------------------------------------------------------
------------------------------------------------------------------
Epoch: 121	Time: 771.4111	Loss: 33.0545	LearningRate 0.000100
------------------------------------------------------------------
------------------------------------------------------------------
Epoch: 122	Time: 773.2923	Loss: 34.3994	LearningRate 0.000100
------------------------------------------------------------------
------------------------------------------------------------------
Epoch: 123	Time: 772.3427	Loss: 33.6157	LearningRate 0.000100
------------------------------------------------------------------
------------------------------------------------------------------
Epoch: 124	Time: 773.0070	Loss: 33.1880	LearningRate 0.000100
------------------------------------------------------------------
------------------------------------------------------------------
Epoch: 125	Time: 771.8295	Loss: 33.9334	LearningRate 0.000100
------------------------------------------------------------------
------------------------------------------------------------------
Epoch: 126	Time: 772.2974	Loss: 33.5847	LearningRate 0.000100
------------------------------------------------------------------
------------------------------------------------------------------
Epoch: 127	Time: 773.2141	Loss: 33.9689	LearningRate 0.000100
------------------------------------------------------------------
------------------------------------------------------------------
Epoch: 128	Time: 772.4899	Loss: 33.7591	LearningRate 0.000100
------------------------------------------------------------------
------------------------------------------------------------------
Epoch: 129	Time: 769.7289	Loss: 33.9035	LearningRate 0.000100
------------------------------------------------------------------
28.728008270263672
37.36575698852539
28.3782958984375
------------------------------------------------------------------
Epoch: 130	Time: 848.3813	Loss: 33.4493	LearningRate 0.000100
------------------------------------------------------------------
------------------------------------------------------------------
Epoch: 131	Time: 773.1112	Loss: 33.4859	LearningRate 0.000100
------------------------------------------------------------------
------------------------------------------------------------------
Epoch: 132	Time: 770.1428	Loss: 33.9910	LearningRate 0.000100
------------------------------------------------------------------
------------------------------------------------------------------
Epoch: 133	Time: 770.6889	Loss: 33.5572	LearningRate 0.000100
------------------------------------------------------------------
------------------------------------------------------------------
Epoch: 134	Time: 771.0773	Loss: 33.6013	LearningRate 0.000100
------------------------------------------------------------------
------------------------------------------------------------------
Epoch: 135	Time: 771.5922	Loss: 34.3943	LearningRate 0.000100
------------------------------------------------------------------
------------------------------------------------------------------
Epoch: 136	Time: 771.4884	Loss: 33.4270	LearningRate 0.000100
------------------------------------------------------------------
------------------------------------------------------------------
Epoch: 137	Time: 771.4864	Loss: 32.8029	LearningRate 0.000100
------------------------------------------------------------------
------------------------------------------------------------------
Epoch: 138	Time: 770.1761	Loss: 33.2228	LearningRate 0.000100
------------------------------------------------------------------
------------------------------------------------------------------
Epoch: 139	Time: 770.6611	Loss: 33.1232	LearningRate 0.000100
------------------------------------------------------------------
28.722042083740234
37.52119064331055
28.57688331604004
------------------------------------------------------------------
Epoch: 140	Time: 847.1932	Loss: 32.9070	LearningRate 0.000100
------------------------------------------------------------------
------------------------------------------------------------------
Epoch: 141	Time: 776.9020	Loss: 33.2107	LearningRate 0.000100
------------------------------------------------------------------
------------------------------------------------------------------
Epoch: 142	Time: 793.4713	Loss: 33.1417	LearningRate 0.000100
------------------------------------------------------------------
------------------------------------------------------------------
Epoch: 143	Time: 793.7033	Loss: 32.4325	LearningRate 0.000100
------------------------------------------------------------------
------------------------------------------------------------------
Epoch: 144	Time: 795.4969	Loss: 33.3154	LearningRate 0.000100
------------------------------------------------------------------
------------------------------------------------------------------
Epoch: 145	Time: 797.5942	Loss: 33.1179	LearningRate 0.000100
------------------------------------------------------------------
------------------------------------------------------------------
Epoch: 146	Time: 790.0500	Loss: 33.8267	LearningRate 0.000100
------------------------------------------------------------------
------------------------------------------------------------------
Epoch: 147	Time: 791.2800	Loss: 33.2844	LearningRate 0.000100
------------------------------------------------------------------
------------------------------------------------------------------
Epoch: 148	Time: 790.5854	Loss: 33.9997	LearningRate 0.000100
------------------------------------------------------------------
------------------------------------------------------------------
Epoch: 149	Time: 792.1167	Loss: 33.0129	LearningRate 0.000100
------------------------------------------------------------------
28.843673706054688
37.55914306640625
29.191572189331055
------------------------------------------------------------------
Epoch: 150	Time: 876.1830	Loss: 32.8167	LearningRate 0.000100
------------------------------------------------------------------
------------------------------------------------------------------
Epoch: 151	Time: 790.1383	Loss: 32.9024	LearningRate 0.000100
------------------------------------------------------------------
------------------------------------------------------------------
Epoch: 152	Time: 794.6469	Loss: 32.3605	LearningRate 0.000100
------------------------------------------------------------------
------------------------------------------------------------------
Epoch: 153	Time: 794.9619	Loss: 32.6257	LearningRate 0.000100
------------------------------------------------------------------
------------------------------------------------------------------
Epoch: 154	Time: 794.7901	Loss: 32.1503	LearningRate 0.000100
------------------------------------------------------------------
------------------------------------------------------------------
Epoch: 155	Time: 796.1670	Loss: 32.5499	LearningRate 0.000100
------------------------------------------------------------------
------------------------------------------------------------------
Epoch: 156	Time: 786.5316	Loss: 32.7910	LearningRate 0.000100
------------------------------------------------------------------
------------------------------------------------------------------
Epoch: 157	Time: 790.8948	Loss: 33.0360	LearningRate 0.000100
------------------------------------------------------------------
------------------------------------------------------------------
Epoch: 158	Time: 790.6598	Loss: 32.9122	LearningRate 0.000100
------------------------------------------------------------------
------------------------------------------------------------------
Epoch: 159	Time: 791.0350	Loss: 32.4881	LearningRate 0.000100
------------------------------------------------------------------
28.523061752319336
37.69076156616211
29.34935188293457
------------------------------------------------------------------
Epoch: 160	Time: 867.0553	Loss: 31.9860	LearningRate 0.000100
------------------------------------------------------------------
------------------------------------------------------------------
Epoch: 161	Time: 788.3050	Loss: 32.7102	LearningRate 0.000100
------------------------------------------------------------------
------------------------------------------------------------------
Epoch: 162	Time: 793.3583	Loss: 31.6523	LearningRate 0.000100
------------------------------------------------------------------
------------------------------------------------------------------
Epoch: 163	Time: 794.2240	Loss: 32.4536	LearningRate 0.000100
------------------------------------------------------------------
------------------------------------------------------------------
Epoch: 164	Time: 786.8204	Loss: 33.5297	LearningRate 0.000100
------------------------------------------------------------------
------------------------------------------------------------------
Epoch: 165	Time: 780.6173	Loss: 32.3550	LearningRate 0.000100
------------------------------------------------------------------
------------------------------------------------------------------
Epoch: 166	Time: 784.2255	Loss: 32.3143	LearningRate 0.000100
------------------------------------------------------------------
------------------------------------------------------------------
Epoch: 167	Time: 788.1920	Loss: 32.4272	LearningRate 0.000100
------------------------------------------------------------------
------------------------------------------------------------------
Epoch: 168	Time: 786.9326	Loss: 32.6216	LearningRate 0.000100
------------------------------------------------------------------
------------------------------------------------------------------
Epoch: 169	Time: 786.0115	Loss: 33.5096	LearningRate 0.000100
------------------------------------------------------------------
28.94518280029297
37.78070831298828
29.040199279785156
------------------------------------------------------------------
Epoch: 170	Time: 864.2407	Loss: 32.3070	LearningRate 0.000100
------------------------------------------------------------------
------------------------------------------------------------------
Epoch: 171	Time: 787.1562	Loss: 31.6522	LearningRate 0.000100
------------------------------------------------------------------
------------------------------------------------------------------
Epoch: 172	Time: 785.4036	Loss: 32.2929	LearningRate 0.000100
------------------------------------------------------------------
------------------------------------------------------------------
Epoch: 173	Time: 786.7742	Loss: 32.1836	LearningRate 0.000100
------------------------------------------------------------------
------------------------------------------------------------------
Epoch: 174	Time: 783.4100	Loss: 31.8787	LearningRate 0.000100
------------------------------------------------------------------
------------------------------------------------------------------
Epoch: 175	Time: 781.0801	Loss: 32.7572	LearningRate 0.000100
------------------------------------------------------------------
------------------------------------------------------------------
Epoch: 176	Time: 784.9662	Loss: 32.0935	LearningRate 0.000100
------------------------------------------------------------------
------------------------------------------------------------------
Epoch: 177	Time: 785.5949	Loss: 32.4571	LearningRate 0.000100
------------------------------------------------------------------
------------------------------------------------------------------
Epoch: 178	Time: 791.0487	Loss: 32.9124	LearningRate 0.000100
------------------------------------------------------------------
------------------------------------------------------------------
Epoch: 179	Time: 792.1055	Loss: 32.5121	LearningRate 0.000100
------------------------------------------------------------------
28.736438751220703
37.66767883300781
28.671894073486328
------------------------------------------------------------------
Epoch: 180	Time: 871.1117	Loss: 32.2497	LearningRate 0.000100
------------------------------------------------------------------
------------------------------------------------------------------
Epoch: 181	Time: 791.8323	Loss: 32.0109	LearningRate 0.000100
------------------------------------------------------------------
------------------------------------------------------------------
Epoch: 182	Time: 793.2318	Loss: 32.0871	LearningRate 0.000100
------------------------------------------------------------------
------------------------------------------------------------------
Epoch: 183	Time: 794.5716	Loss: 32.1457	LearningRate 0.000100
------------------------------------------------------------------
------------------------------------------------------------------
Epoch: 184	Time: 792.8812	Loss: 32.3624	LearningRate 0.000100
------------------------------------------------------------------
------------------------------------------------------------------
Epoch: 185	Time: 796.0045	Loss: 32.6839	LearningRate 0.000100
------------------------------------------------------------------
------------------------------------------------------------------
Epoch: 186	Time: 796.7395	Loss: 32.5308	LearningRate 0.000100
------------------------------------------------------------------
------------------------------------------------------------------
Epoch: 187	Time: 798.0642	Loss: 31.9216	LearningRate 0.000100
------------------------------------------------------------------
------------------------------------------------------------------
Epoch: 188	Time: 794.2734	Loss: 31.8199	LearningRate 0.000100
------------------------------------------------------------------
------------------------------------------------------------------
Epoch: 189	Time: 793.4212	Loss: 32.4735	LearningRate 0.000100
------------------------------------------------------------------
28.801794052124023
37.439453125
28.713335037231445
------------------------------------------------------------------
Epoch: 190	Time: 880.9989	Loss: 32.6140	LearningRate 0.000100
------------------------------------------------------------------
------------------------------------------------------------------
Epoch: 191	Time: 797.7620	Loss: 31.4412	LearningRate 0.000100
------------------------------------------------------------------
------------------------------------------------------------------
Epoch: 192	Time: 792.1127	Loss: 31.7643	LearningRate 0.000100
------------------------------------------------------------------
------------------------------------------------------------------
Epoch: 193	Time: 790.9414	Loss: 32.2682	LearningRate 0.000100
------------------------------------------------------------------
------------------------------------------------------------------
Epoch: 194	Time: 784.5827	Loss: 32.2711	LearningRate 0.000100
------------------------------------------------------------------
------------------------------------------------------------------
Epoch: 195	Time: 788.9542	Loss: 31.4791	LearningRate 0.000100
------------------------------------------------------------------
------------------------------------------------------------------
Epoch: 196	Time: 788.8628	Loss: 31.2018	LearningRate 0.000100
------------------------------------------------------------------
------------------------------------------------------------------
Epoch: 197	Time: 788.8778	Loss: 32.5143	LearningRate 0.000100
------------------------------------------------------------------
------------------------------------------------------------------
Epoch: 198	Time: 789.5910	Loss: 31.4430	LearningRate 0.000100
------------------------------------------------------------------
------------------------------------------------------------------
Epoch: 199	Time: 789.1058	Loss: 31.9877	LearningRate 0.000100
------------------------------------------------------------------
29.029769897460938
37.731685638427734
28.44312858581543
------------------------------------------------------------------
Epoch: 200	Time: 882.2941	Loss: 31.4100	LearningRate 0.000100
------------------------------------------------------------------
------------------------------------------------------------------
Epoch: 201	Time: 797.7959	Loss: 32.1942	LearningRate 0.000100
------------------------------------------------------------------
------------------------------------------------------------------
Epoch: 202	Time: 797.7084	Loss: 31.6310	LearningRate 0.000100
------------------------------------------------------------------
------------------------------------------------------------------
Epoch: 203	Time: 797.0646	Loss: 30.8933	LearningRate 0.000100
------------------------------------------------------------------
------------------------------------------------------------------
Epoch: 204	Time: 791.1475	Loss: 31.1049	LearningRate 0.000100
------------------------------------------------------------------
------------------------------------------------------------------
Epoch: 205	Time: 793.9220	Loss: 31.9567	LearningRate 0.000100
------------------------------------------------------------------
------------------------------------------------------------------
Epoch: 206	Time: 793.5707	Loss: 31.4912	LearningRate 0.000100
------------------------------------------------------------------
------------------------------------------------------------------
Epoch: 207	Time: 793.8268	Loss: 31.7015	LearningRate 0.000100
------------------------------------------------------------------
------------------------------------------------------------------
Epoch: 208	Time: 793.5178	Loss: 32.0080	LearningRate 0.000100
------------------------------------------------------------------
------------------------------------------------------------------
Epoch: 209	Time: 789.0323	Loss: 31.9082	LearningRate 0.000100
------------------------------------------------------------------
29.15359115600586
37.80814743041992
28.874391555786133
------------------------------------------------------------------
Epoch: 210	Time: 877.7352	Loss: 32.1176	LearningRate 0.000100
------------------------------------------------------------------
------------------------------------------------------------------
Epoch: 211	Time: 787.7374	Loss: 31.0790	LearningRate 0.000100
------------------------------------------------------------------
------------------------------------------------------------------
Epoch: 212	Time: 794.2499	Loss: 31.4101	LearningRate 0.000100
------------------------------------------------------------------
------------------------------------------------------------------
Epoch: 213	Time: 789.6382	Loss: 32.2683	LearningRate 0.000100
------------------------------------------------------------------
------------------------------------------------------------------
Epoch: 214	Time: 792.3165	Loss: 30.9497	LearningRate 0.000100
------------------------------------------------------------------
------------------------------------------------------------------
Epoch: 215	Time: 793.4081	Loss: 31.4594	LearningRate 0.000100
------------------------------------------------------------------
------------------------------------------------------------------
Epoch: 216	Time: 793.3850	Loss: 32.4471	LearningRate 0.000100
------------------------------------------------------------------
------------------------------------------------------------------
Epoch: 217	Time: 794.2247	Loss: 31.7865	LearningRate 0.000100
------------------------------------------------------------------
------------------------------------------------------------------
Epoch: 218	Time: 788.4768	Loss: 30.6329	LearningRate 0.000100
------------------------------------------------------------------
------------------------------------------------------------------
Epoch: 219	Time: 796.8837	Loss: 30.5570	LearningRate 0.000100
------------------------------------------------------------------
29.074155807495117
37.72575378417969
29.438261032104492
------------------------------------------------------------------
Epoch: 220	Time: 886.2153	Loss: 31.8476	LearningRate 0.000100
------------------------------------------------------------------
------------------------------------------------------------------
Epoch: 221	Time: 794.9256	Loss: 31.3333	LearningRate 0.000100
------------------------------------------------------------------
------------------------------------------------------------------
Epoch: 222	Time: 795.0706	Loss: 31.5222	LearningRate 0.000100
------------------------------------------------------------------
------------------------------------------------------------------
Epoch: 223	Time: 790.0111	Loss: 31.2314	LearningRate 0.000100
------------------------------------------------------------------
------------------------------------------------------------------
Epoch: 224	Time: 791.8309	Loss: 31.5890	LearningRate 0.000100
------------------------------------------------------------------
------------------------------------------------------------------
Epoch: 225	Time: 788.0103	Loss: 30.9488	LearningRate 0.000100
------------------------------------------------------------------
------------------------------------------------------------------
Epoch: 226	Time: 788.9409	Loss: 30.2042	LearningRate 0.000100
------------------------------------------------------------------
------------------------------------------------------------------
Epoch: 227	Time: 789.7483	Loss: 30.8416	LearningRate 0.000100
------------------------------------------------------------------
------------------------------------------------------------------
Epoch: 228	Time: 787.2428	Loss: 31.4482	LearningRate 0.000100
------------------------------------------------------------------
------------------------------------------------------------------
Epoch: 229	Time: 795.9682	Loss: 31.1367	LearningRate 0.000100
------------------------------------------------------------------
29.1489200592041
37.46660232543945
29.17424201965332
------------------------------------------------------------------
Epoch: 230	Time: 878.3091	Loss: 32.3635	LearningRate 0.000100
------------------------------------------------------------------
------------------------------------------------------------------
Epoch: 231	Time: 796.8484	Loss: 31.3748	LearningRate 0.000100
------------------------------------------------------------------
------------------------------------------------------------------
Epoch: 232	Time: 796.3566	Loss: 30.9366	LearningRate 0.000100
------------------------------------------------------------------
------------------------------------------------------------------
Epoch: 233	Time: 788.8661	Loss: 31.5246	LearningRate 0.000100
------------------------------------------------------------------
------------------------------------------------------------------
Epoch: 234	Time: 794.2243	Loss: 31.3319	LearningRate 0.000100
------------------------------------------------------------------
------------------------------------------------------------------
Epoch: 235	Time: 794.6335	Loss: 31.0505	LearningRate 0.000100
------------------------------------------------------------------
------------------------------------------------------------------
Epoch: 236	Time: 795.1718	Loss: 30.8481	LearningRate 0.000100
------------------------------------------------------------------
------------------------------------------------------------------
Epoch: 237	Time: 791.6769	Loss: 30.7954	LearningRate 0.000100
------------------------------------------------------------------
------------------------------------------------------------------
Epoch: 238	Time: 797.6112	Loss: 30.7495	LearningRate 0.000100
------------------------------------------------------------------
------------------------------------------------------------------
Epoch: 239	Time: 808.7337	Loss: 31.2323	LearningRate 0.000100
------------------------------------------------------------------
29.020843505859375
37.774810791015625
27.41349983215332
------------------------------------------------------------------
Epoch: 240	Time: 904.5885	Loss: 32.0065	LearningRate 0.000100
------------------------------------------------------------------
------------------------------------------------------------------
Epoch: 241	Time: 807.1504	Loss: 30.5628	LearningRate 0.000100
------------------------------------------------------------------
------------------------------------------------------------------
Epoch: 242	Time: 812.3792	Loss: 30.1286	LearningRate 0.000100
------------------------------------------------------------------
------------------------------------------------------------------
Epoch: 243	Time: 802.3618	Loss: 30.3326	LearningRate 0.000100
------------------------------------------------------------------
------------------------------------------------------------------
Epoch: 244	Time: 808.3181	Loss: 31.8784	LearningRate 0.000100
------------------------------------------------------------------
------------------------------------------------------------------
Epoch: 245	Time: 810.8819	Loss: 31.0228	LearningRate 0.000100
------------------------------------------------------------------
------------------------------------------------------------------
Epoch: 246	Time: 808.0870	Loss: 30.3133	LearningRate 0.000100
------------------------------------------------------------------
------------------------------------------------------------------
Epoch: 247	Time: 811.2779	Loss: 31.0690	LearningRate 0.000100
------------------------------------------------------------------
------------------------------------------------------------------
Epoch: 248	Time: 803.5599	Loss: 31.4666	LearningRate 0.000100
------------------------------------------------------------------
------------------------------------------------------------------
Epoch: 249	Time: 808.7234	Loss: 31.6718	LearningRate 0.000100
------------------------------------------------------------------
29.355897903442383
37.91288375854492
29.605375289916992
------------------------------------------------------------------
Epoch: 250	Time: 903.8986	Loss: 31.7929	LearningRate 0.000100
------------------------------------------------------------------
------------------------------------------------------------------
Epoch: 251	Time: 804.6626	Loss: 30.4495	LearningRate 0.000100
------------------------------------------------------------------
------------------------------------------------------------------
Epoch: 252	Time: 808.4776	Loss: 30.7186	LearningRate 0.000100
------------------------------------------------------------------
------------------------------------------------------------------
Epoch: 253	Time: 806.6202	Loss: 30.3847	LearningRate 0.000100
------------------------------------------------------------------
------------------------------------------------------------------
Epoch: 254	Time: 810.7957	Loss: 31.9604	LearningRate 0.000100
------------------------------------------------------------------
------------------------------------------------------------------
Epoch: 255	Time: 811.3926	Loss: 31.2396	LearningRate 0.000100
------------------------------------------------------------------
------------------------------------------------------------------
Epoch: 256	Time: 811.3326	Loss: 30.0751	LearningRate 0.000100
------------------------------------------------------------------
------------------------------------------------------------------
Epoch: 257	Time: 808.8609	Loss: 29.6671	LearningRate 0.000100
------------------------------------------------------------------
------------------------------------------------------------------
Epoch: 258	Time: 805.1140	Loss: 31.1455	LearningRate 0.000100
------------------------------------------------------------------
------------------------------------------------------------------
Epoch: 259	Time: 807.1102	Loss: 31.2950	LearningRate 0.000100
------------------------------------------------------------------
29.32040023803711
37.89997100830078
29.573808670043945
------------------------------------------------------------------
Epoch: 260	Time: 904.2863	Loss: 29.8238	LearningRate 0.000100
------------------------------------------------------------------
------------------------------------------------------------------
Epoch: 261	Time: 809.4269	Loss: 30.6250	LearningRate 0.000100
------------------------------------------------------------------
------------------------------------------------------------------
Epoch: 262	Time: 809.6509	Loss: 30.8952	LearningRate 0.000100
------------------------------------------------------------------
------------------------------------------------------------------
Epoch: 263	Time: 806.6378	Loss: 30.1062	LearningRate 0.000100
------------------------------------------------------------------
------------------------------------------------------------------
Epoch: 264	Time: 805.8149	Loss: 30.3134	LearningRate 0.000100
------------------------------------------------------------------
------------------------------------------------------------------
Epoch: 265	Time: 807.8791	Loss: 30.6086	LearningRate 0.000100
------------------------------------------------------------------
------------------------------------------------------------------
Epoch: 266	Time: 803.2988	Loss: 31.0931	LearningRate 0.000100
------------------------------------------------------------------
------------------------------------------------------------------
Epoch: 267	Time: 807.0126	Loss: 30.6380	LearningRate 0.000100
------------------------------------------------------------------
------------------------------------------------------------------
Epoch: 268	Time: 805.8596	Loss: 30.1243	LearningRate 0.000100
------------------------------------------------------------------
------------------------------------------------------------------
Epoch: 269	Time: 808.0188	Loss: 30.7672	LearningRate 0.000100
------------------------------------------------------------------
29.294347763061523
37.76194763183594
29.691120147705078
------------------------------------------------------------------
Epoch: 270	Time: 922.3577	Loss: 30.1101	LearningRate 0.000100
------------------------------------------------------------------
------------------------------------------------------------------
Epoch: 271	Time: 813.9209	Loss: 30.3680	LearningRate 0.000100
------------------------------------------------------------------
------------------------------------------------------------------
Epoch: 272	Time: 817.0987	Loss: 31.1815	LearningRate 0.000100
------------------------------------------------------------------
------------------------------------------------------------------
Epoch: 273	Time: 812.3583	Loss: 30.2951	LearningRate 0.000100
------------------------------------------------------------------
------------------------------------------------------------------
Epoch: 274	Time: 819.2743	Loss: 30.2757	LearningRate 0.000100
------------------------------------------------------------------
------------------------------------------------------------------
Epoch: 275	Time: 819.2624	Loss: 29.3169	LearningRate 0.000100
------------------------------------------------------------------
------------------------------------------------------------------
Epoch: 276	Time: 818.2469	Loss: 31.4415	LearningRate 0.000100
------------------------------------------------------------------
------------------------------------------------------------------
Epoch: 277	Time: 818.3097	Loss: 29.8583	LearningRate 0.000100
------------------------------------------------------------------
------------------------------------------------------------------
Epoch: 278	Time: 813.5639	Loss: 30.6658	LearningRate 0.000100
------------------------------------------------------------------
------------------------------------------------------------------
Epoch: 279	Time: 814.9272	Loss: 30.1299	LearningRate 0.000100
------------------------------------------------------------------
28.7952938079834
37.70222854614258
29.98880958557129
------------------------------------------------------------------
Epoch: 280	Time: 902.7043	Loss: 30.5475	LearningRate 0.000100
------------------------------------------------------------------
------------------------------------------------------------------
Epoch: 281	Time: 796.9116	Loss: 30.9725	LearningRate 0.000100
------------------------------------------------------------------
------------------------------------------------------------------
Epoch: 282	Time: 804.1854	Loss: 30.2527	LearningRate 0.000100
------------------------------------------------------------------
------------------------------------------------------------------
Epoch: 283	Time: 799.4040	Loss: 29.6000	LearningRate 0.000100
------------------------------------------------------------------
------------------------------------------------------------------
Epoch: 284	Time: 797.8251	Loss: 30.7286	LearningRate 0.000100
------------------------------------------------------------------
------------------------------------------------------------------
Epoch: 285	Time: 801.5037	Loss: 29.7945	LearningRate 0.000100
------------------------------------------------------------------
------------------------------------------------------------------
Epoch: 286	Time: 816.4282	Loss: 30.1639	LearningRate 0.000100
------------------------------------------------------------------
------------------------------------------------------------------
Epoch: 287	Time: 812.2401	Loss: 30.2475	LearningRate 0.000100
------------------------------------------------------------------
------------------------------------------------------------------
Epoch: 288	Time: 818.4488	Loss: 30.0761	LearningRate 0.000100
------------------------------------------------------------------
------------------------------------------------------------------
Epoch: 289	Time: 811.6221	Loss: 30.2482	LearningRate 0.000100
------------------------------------------------------------------
29.527517318725586
37.85628128051758
29.961225509643555
------------------------------------------------------------------
Epoch: 290	Time: 924.2804	Loss: 30.8630	LearningRate 0.000100
------------------------------------------------------------------
------------------------------------------------------------------
Epoch: 291	Time: 815.4562	Loss: 29.6557	LearningRate 0.000100
------------------------------------------------------------------
------------------------------------------------------------------
Epoch: 292	Time: 815.9711	Loss: 29.8160	LearningRate 0.000100
------------------------------------------------------------------
------------------------------------------------------------------
Epoch: 293	Time: 819.2371	Loss: 31.4409	LearningRate 0.000100
------------------------------------------------------------------
------------------------------------------------------------------
Epoch: 294	Time: 811.9781	Loss: 30.7633	LearningRate 0.000100
------------------------------------------------------------------
------------------------------------------------------------------
Epoch: 295	Time: 820.0101	Loss: 30.4525	LearningRate 0.000100
------------------------------------------------------------------
------------------------------------------------------------------
Epoch: 296	Time: 814.0443	Loss: 30.1020	LearningRate 0.000100
------------------------------------------------------------------
------------------------------------------------------------------
Epoch: 297	Time: 811.0260	Loss: 29.6757	LearningRate 0.000100
------------------------------------------------------------------
------------------------------------------------------------------
Epoch: 298	Time: 814.6209	Loss: 30.2682	LearningRate 0.000100
------------------------------------------------------------------
------------------------------------------------------------------
Epoch: 299	Time: 809.8879	Loss: 29.4913	LearningRate 0.000100
------------------------------------------------------------------
29.534393310546875
37.89777755737305
29.666385650634766
------------------------------------------------------------------
Epoch: 300	Time: 919.3572	Loss: 30.3505	LearningRate 0.000100
------------------------------------------------------------------
------------------------------------------------------------------
Epoch: 301	Time: 815.9554	Loss: 30.2698	LearningRate 0.000100
------------------------------------------------------------------
------------------------------------------------------------------
Epoch: 302	Time: 815.0346	Loss: 31.1129	LearningRate 0.000100
------------------------------------------------------------------
------------------------------------------------------------------
Epoch: 303	Time: 816.9162	Loss: 30.2460	LearningRate 0.000100
------------------------------------------------------------------
------------------------------------------------------------------
Epoch: 304	Time: 810.6455	Loss: 30.1886	LearningRate 0.000100
------------------------------------------------------------------
------------------------------------------------------------------
Epoch: 305	Time: 814.4499	Loss: 29.8863	LearningRate 0.000100
------------------------------------------------------------------
------------------------------------------------------------------
Epoch: 306	Time: 815.6484	Loss: 30.2654	LearningRate 0.000100
------------------------------------------------------------------
------------------------------------------------------------------
Epoch: 307	Time: 809.9730	Loss: 30.5577	LearningRate 0.000100
------------------------------------------------------------------
------------------------------------------------------------------
Epoch: 308	Time: 810.0521	Loss: 29.3572	LearningRate 0.000100
------------------------------------------------------------------
------------------------------------------------------------------
Epoch: 309	Time: 802.4281	Loss: 30.4823	LearningRate 0.000100
------------------------------------------------------------------
29.536697387695312
37.96123123168945
30.07279396057129
------------------------------------------------------------------
Epoch: 310	Time: 901.9241	Loss: 30.0427	LearningRate 0.000100
------------------------------------------------------------------
------------------------------------------------------------------
Epoch: 311	Time: 804.5398	Loss: 30.2584	LearningRate 0.000100
------------------------------------------------------------------
------------------------------------------------------------------
Epoch: 312	Time: 806.3859	Loss: 31.5338	LearningRate 0.000100
------------------------------------------------------------------
------------------------------------------------------------------
Epoch: 313	Time: 806.5071	Loss: 30.4977	LearningRate 0.000100
------------------------------------------------------------------
------------------------------------------------------------------
Epoch: 314	Time: 803.7656	Loss: 30.0557	LearningRate 0.000100
------------------------------------------------------------------
------------------------------------------------------------------
Epoch: 315	Time: 808.3369	Loss: 29.5656	LearningRate 0.000100
------------------------------------------------------------------
------------------------------------------------------------------
Epoch: 316	Time: 803.6896	Loss: 31.1523	LearningRate 0.000100
------------------------------------------------------------------
------------------------------------------------------------------
Epoch: 317	Time: 804.9724	Loss: 29.9575	LearningRate 0.000100
------------------------------------------------------------------
------------------------------------------------------------------
Epoch: 318	Time: 810.6399	Loss: 30.4926	LearningRate 0.000100
------------------------------------------------------------------
------------------------------------------------------------------
Epoch: 319	Time: 808.1934	Loss: 29.4197	LearningRate 0.000100
------------------------------------------------------------------
29.57811164855957
38.136444091796875
29.21425437927246
------------------------------------------------------------------
Epoch: 320	Time: 908.0945	Loss: 29.4899	LearningRate 0.000100
------------------------------------------------------------------
------------------------------------------------------------------
Epoch: 321	Time: 808.9420	Loss: 30.1377	LearningRate 0.000100
------------------------------------------------------------------
------------------------------------------------------------------
Epoch: 322	Time: 811.1743	Loss: 30.5219	LearningRate 0.000100
------------------------------------------------------------------
------------------------------------------------------------------
Epoch: 323	Time: 809.6278	Loss: 30.3342	LearningRate 0.000100
------------------------------------------------------------------
------------------------------------------------------------------
Epoch: 324	Time: 807.8737	Loss: 30.6918	LearningRate 0.000100
------------------------------------------------------------------
------------------------------------------------------------------
Epoch: 325	Time: 799.5143	Loss: 29.3435	LearningRate 0.000100
------------------------------------------------------------------
------------------------------------------------------------------
Epoch: 326	Time: 806.7398	Loss: 29.2747	LearningRate 0.000100
------------------------------------------------------------------
------------------------------------------------------------------
Epoch: 327	Time: 813.5530	Loss: 29.4737	LearningRate 0.000100
------------------------------------------------------------------
------------------------------------------------------------------
Epoch: 328	Time: 811.8061	Loss: 29.5215	LearningRate 0.000100
------------------------------------------------------------------
------------------------------------------------------------------
Epoch: 329	Time: 811.6622	Loss: 30.2120	LearningRate 0.000100
------------------------------------------------------------------
28.85218048095703
37.752288818359375
29.645414352416992
------------------------------------------------------------------
Epoch: 330	Time: 911.6237	Loss: 30.7703	LearningRate 0.000100
------------------------------------------------------------------
------------------------------------------------------------------
Epoch: 331	Time: 811.1452	Loss: 30.3624	LearningRate 0.000100
------------------------------------------------------------------
------------------------------------------------------------------
Epoch: 332	Time: 809.2706	Loss: 29.7589	LearningRate 0.000100
------------------------------------------------------------------
------------------------------------------------------------------
Epoch: 333	Time: 808.9700	Loss: 30.0655	LearningRate 0.000100
------------------------------------------------------------------
------------------------------------------------------------------
Epoch: 334	Time: 811.2317	Loss: 30.5708	LearningRate 0.000100
------------------------------------------------------------------
------------------------------------------------------------------
Epoch: 335	Time: 808.9304	Loss: 29.9521	LearningRate 0.000100
------------------------------------------------------------------
------------------------------------------------------------------
Epoch: 336	Time: 813.1330	Loss: 29.3707	LearningRate 0.000100
------------------------------------------------------------------
------------------------------------------------------------------
Epoch: 337	Time: 810.7400	Loss: 30.1114	LearningRate 0.000100
------------------------------------------------------------------
------------------------------------------------------------------
Epoch: 338	Time: 811.6119	Loss: 30.4968	LearningRate 0.000100
------------------------------------------------------------------
------------------------------------------------------------------
Epoch: 339	Time: 811.0214	Loss: 28.7989	LearningRate 0.000100
------------------------------------------------------------------
29.543317794799805
38.098262786865234
29.994611740112305
------------------------------------------------------------------
Epoch: 340	Time: 912.5011	Loss: 30.0209	LearningRate 0.000100
------------------------------------------------------------------
------------------------------------------------------------------
Epoch: 341	Time: 804.4419	Loss: 29.8732	LearningRate 0.000100
------------------------------------------------------------------
------------------------------------------------------------------
Epoch: 342	Time: 806.2231	Loss: 30.4884	LearningRate 0.000100
------------------------------------------------------------------
------------------------------------------------------------------
Epoch: 343	Time: 810.9662	Loss: 30.1615	LearningRate 0.000100
------------------------------------------------------------------
------------------------------------------------------------------
Epoch: 344	Time: 811.0512	Loss: 29.8225	LearningRate 0.000100
------------------------------------------------------------------
------------------------------------------------------------------
Epoch: 345	Time: 809.7213	Loss: 30.3404	LearningRate 0.000100
------------------------------------------------------------------
------------------------------------------------------------------
Epoch: 346	Time: 809.7454	Loss: 29.3940	LearningRate 0.000100
------------------------------------------------------------------
------------------------------------------------------------------
Epoch: 347	Time: 805.9422	Loss: 29.3630	LearningRate 0.000100
------------------------------------------------------------------
------------------------------------------------------------------
Epoch: 348	Time: 807.2346	Loss: 29.6056	LearningRate 0.000100
------------------------------------------------------------------
------------------------------------------------------------------
Epoch: 349	Time: 805.8548	Loss: 29.7169	LearningRate 0.000100
------------------------------------------------------------------
29.447891235351562
37.61245346069336
28.83833122253418
------------------------------------------------------------------
Epoch: 350	Time: 894.0190	Loss: 29.4395	LearningRate 0.000100
------------------------------------------------------------------
------------------------------------------------------------------
Epoch: 351	Time: 801.1269	Loss: 30.4922	LearningRate 0.000100
------------------------------------------------------------------
------------------------------------------------------------------
Epoch: 352	Time: 804.9968	Loss: 28.8892	LearningRate 0.000100
------------------------------------------------------------------
------------------------------------------------------------------
Epoch: 353	Time: 806.3262	Loss: 29.8645	LearningRate 0.000100
------------------------------------------------------------------
------------------------------------------------------------------
Epoch: 354	Time: 810.0133	Loss: 29.8379	LearningRate 0.000100
------------------------------------------------------------------
------------------------------------------------------------------
Epoch: 355	Time: 804.6744	Loss: 30.4754	LearningRate 0.000100
------------------------------------------------------------------
------------------------------------------------------------------
Epoch: 356	Time: 801.1500	Loss: 29.6384	LearningRate 0.000100
------------------------------------------------------------------
------------------------------------------------------------------
Epoch: 357	Time: 805.5548	Loss: 29.8145	LearningRate 0.000100
------------------------------------------------------------------
------------------------------------------------------------------
Epoch: 358	Time: 805.7193	Loss: 30.1521	LearningRate 0.000100
------------------------------------------------------------------
------------------------------------------------------------------
Epoch: 359	Time: 802.8895	Loss: 29.1934	LearningRate 0.000100
------------------------------------------------------------------
29.7628173828125
37.89911651611328
30.3136043548584
------------------------------------------------------------------
Epoch: 360	Time: 908.8447	Loss: 29.8975	LearningRate 0.000100
------------------------------------------------------------------
------------------------------------------------------------------
Epoch: 361	Time: 807.1643	Loss: 29.3861	LearningRate 0.000100
------------------------------------------------------------------
------------------------------------------------------------------
Epoch: 362	Time: 809.6505	Loss: 29.0083	LearningRate 0.000100
------------------------------------------------------------------
------------------------------------------------------------------
Epoch: 363	Time: 808.9828	Loss: 29.1686	LearningRate 0.000100
------------------------------------------------------------------
------------------------------------------------------------------
Epoch: 364	Time: 813.2879	Loss: 29.5156	LearningRate 0.000100
------------------------------------------------------------------
------------------------------------------------------------------
Epoch: 365	Time: 809.4875	Loss: 29.3425	LearningRate 0.000100
------------------------------------------------------------------
------------------------------------------------------------------
Epoch: 366	Time: 806.8981	Loss: 29.6014	LearningRate 0.000100
------------------------------------------------------------------
------------------------------------------------------------------
Epoch: 367	Time: 809.9987	Loss: 29.8648	LearningRate 0.000100
------------------------------------------------------------------
------------------------------------------------------------------
Epoch: 368	Time: 816.4814	Loss: 28.7679	LearningRate 0.000100
------------------------------------------------------------------
------------------------------------------------------------------
Epoch: 369	Time: 809.7865	Loss: 29.9568	LearningRate 0.000100
------------------------------------------------------------------
29.452152252197266
37.80643081665039
29.76263999938965
------------------------------------------------------------------
Epoch: 370	Time: 912.7089	Loss: 29.1644	LearningRate 0.000100
------------------------------------------------------------------
------------------------------------------------------------------
Epoch: 371	Time: 809.3794	Loss: 28.8275	LearningRate 0.000100
------------------------------------------------------------------
------------------------------------------------------------------
Epoch: 372	Time: 809.8704	Loss: 29.4939	LearningRate 0.000100
------------------------------------------------------------------
------------------------------------------------------------------
Epoch: 373	Time: 811.2545	Loss: 30.4829	LearningRate 0.000100
------------------------------------------------------------------
------------------------------------------------------------------
Epoch: 374	Time: 806.0622	Loss: 29.8938	LearningRate 0.000100
------------------------------------------------------------------
------------------------------------------------------------------
Epoch: 375	Time: 807.9065	Loss: 29.8356	LearningRate 0.000100
------------------------------------------------------------------
------------------------------------------------------------------
Epoch: 376	Time: 807.7634	Loss: 29.7474	LearningRate 0.000100
------------------------------------------------------------------
------------------------------------------------------------------
Epoch: 377	Time: 806.9187	Loss: 28.9135	LearningRate 0.000100
------------------------------------------------------------------
------------------------------------------------------------------
Epoch: 378	Time: 804.0371	Loss: 30.4724	LearningRate 0.000100
------------------------------------------------------------------
------------------------------------------------------------------
Epoch: 379	Time: 791.1062	Loss: 29.6938	LearningRate 0.000100
------------------------------------------------------------------
29.78933334350586
37.973602294921875
29.56123924255371
------------------------------------------------------------------
Epoch: 380	Time: 870.3100	Loss: 30.3111	LearningRate 0.000100
------------------------------------------------------------------
------------------------------------------------------------------
Epoch: 381	Time: 785.5378	Loss: 29.2338	LearningRate 0.000100
------------------------------------------------------------------
